Using pre-set license
Built from '6000.0/staging' branch; Version is '6000.0.40f1 (157d81624ddf) revision 1408385'; Using compiler version '193933523'; Build Type 'Release'
OS: 'Windows 10  (10.0.19045) 64bit Professional' Language: 'uk' Physical Memory: 16334 MB
BatchMode: 1, IsHumanControllingUs: 0, StartBugReporterOnCrash: 0, Is64bit: 1, IsPro: 1

COMMAND LINE ARGUMENTS:
D:\Unity\6000.0.40f1\Editor\Unity.exe
-adb2
-batchMode
-noUpm
-name
AssetImportWorker2
-projectPath
D:/GameDev/Brotato
-logFile
Logs/AssetImportWorker2.log
-srvPort
51176
-job-worker-count
5
-background-job-worker-count
8
-gc-helper-count
1
Successfully changed project path to: D:/GameDev/Brotato
D:/GameDev/Brotato
[UnityMemory] Configuration Parameters - Can be set up in boot.config
    "memorysetup-bucket-allocator-granularity=16"
    "memorysetup-bucket-allocator-bucket-count=8"
    "memorysetup-bucket-allocator-block-size=33554432"
    "memorysetup-bucket-allocator-block-count=8"
    "memorysetup-main-allocator-block-size=16777216"
    "memorysetup-thread-allocator-block-size=16777216"
    "memorysetup-gfx-main-allocator-block-size=16777216"
    "memorysetup-gfx-thread-allocator-block-size=16777216"
    "memorysetup-cache-allocator-block-size=4194304"
    "memorysetup-typetree-allocator-block-size=2097152"
    "memorysetup-profiler-bucket-allocator-granularity=16"
    "memorysetup-profiler-bucket-allocator-bucket-count=8"
    "memorysetup-profiler-bucket-allocator-block-size=33554432"
    "memorysetup-profiler-bucket-allocator-block-count=8"
    "memorysetup-profiler-allocator-block-size=16777216"
    "memorysetup-profiler-editor-allocator-block-size=1048576"
    "memorysetup-temp-allocator-size-main=16777216"
    "memorysetup-job-temp-allocator-block-size=2097152"
    "memorysetup-job-temp-allocator-block-size-background=1048576"
    "memorysetup-job-temp-allocator-reduction-small-platforms=262144"
    "memorysetup-allocator-temp-initial-block-size-main=262144"
    "memorysetup-allocator-temp-initial-block-size-worker=262144"
    "memorysetup-temp-allocator-size-background-worker=32768"
    "memorysetup-temp-allocator-size-job-worker=262144"
    "memorysetup-temp-allocator-size-preload-manager=33554432"
    "memorysetup-temp-allocator-size-nav-mesh-worker=65536"
    "memorysetup-temp-allocator-size-audio-worker=65536"
    "memorysetup-temp-allocator-size-cloud-worker=32768"
    "memorysetup-temp-allocator-size-gi-baking-worker=262144"
    "memorysetup-temp-allocator-size-gi-baking-worker=262144"
    "memorysetup-temp-allocator-size-gi-baking-worker=262144"
    "memorysetup-temp-allocator-size-gi-baking-worker=262144"
    "memorysetup-temp-allocator-size-gi-baking-worker=262144"
    "memorysetup-temp-allocator-size-gfx=262144"
Player connection [19160]  Target information:

Player connection [19160]  * "[IP] 192.168.0.28 [Port] 0 [Flags] 2 [Guid] 1485209194 [EditorId] 1485209194 [Version] 1048832 [Id] WindowsEditor(7,DESKTOP-4DD92S9) [Debug] 1 [PackageName] WindowsEditor [ProjectName] Editor" 

Player connection [19160] Host joined multi-casting on [225.0.0.222:54997]...
Player connection [19160] Host joined alternative multi-casting on [225.0.0.222:34997]...
JobSystem: Creating JobQueue using job-worker-count value 5
Input System module state changed to: Initialized.
[Physics::Module] Initialized fallback backend.
[Physics::Module] Id: 0xdecafbad
Library Redirect Path: Library/
[Physics::Module] Selected backend.
[Physics::Module] Name: PhysX
[Physics::Module] Id: 0xf2b8ea05
[Physics::Module] SDK Version: 4.1.2
[Physics::Module] Integration Version: 1.0.0
[Physics::Module] Threading Mode: Multi-Threaded
Refreshing native plugins compatible for Editor in 4.87 ms, found 4 plugins.
Preloading 0 native plugins for Editor in 0.00 ms.
Initialize engine version: 6000.0.40f1 (157d81624ddf)
[Subsystems] Discovering subsystems at path D:/Unity/6000.0.40f1/Editor/Data/Resources/UnitySubsystems
[Subsystems] Discovering subsystems at path D:/GameDev/Brotato/Assets
GfxDevice: creating device client; kGfxThreadingModeNonThreaded
Direct3D:
    Version:  Direct3D 11.0 [level 11.1]
    Renderer: Radeon RX 590 Series (ID=0x67df)
    Vendor:   ATI
    VRAM:     8170 MB
    Driver:   31.0.21923.1000
Shader Hidden/ProbeVolume/VoxelizeScene is not supported: GPU does not support conservative rasterization
Initialize mono
Mono path[0] = 'D:/Unity/6000.0.40f1/Editor/Data/Managed'
Mono path[1] = 'D:/Unity/6000.0.40f1/Editor/Data/MonoBleedingEdge/lib/mono/unityjit-win32'
Mono config path = 'D:/Unity/6000.0.40f1/Editor/Data/MonoBleedingEdge/etc'
Using monoOptions --debugger-agent=transport=dt_socket,embedding=1,server=y,suspend=n,address=127.0.0.1:56156
Begin MonoManager ReloadAssembly
Registering precompiled unity dll's ...
Register platform support module: D:/Unity/6000.0.40f1/Editor/Data/PlaybackEngines/WebGLSupport/UnityEditor.WebGL.Extensions.dll
Register platform support module: D:/Unity/6000.0.40f1/Editor/Data/PlaybackEngines/WindowsStandaloneSupport/UnityEditor.WindowsStandalone.Extensions.dll
Register platform support module: D:/Unity/6000.0.40f1/Editor/Data/PlaybackEngines/AndroidPlayer/UnityEditor.Android.Extensions.dll
Registered in 0.006514 seconds.
- Loaded All Assemblies, in  0.594 seconds
Native extension for Android target not found
Android Extension - Scanning For ADB Devices 418 ms
Native extension for WindowsStandalone target not found
Native extension for WebGL target not found
Mono: successfully reloaded assembly
- Finished resetting the current domain, in  1.064 seconds
Domain Reload Profiling: 1658ms
	BeginReloadAssembly (192ms)
		ExecutionOrderSort (0ms)
		DisableScriptedObjects (0ms)
		BackupInstance (0ms)
		ReleaseScriptingObjects (0ms)
		CreateAndSetChildDomain (1ms)
	RebuildCommonClasses (59ms)
	RebuildNativeTypeToScriptingClass (23ms)
	initialDomainReloadingComplete (66ms)
	LoadAllAssembliesAndSetupDomain (253ms)
		LoadAssemblies (193ms)
		RebuildTransferFunctionScriptingTraits (0ms)
		AnalyzeDomain (247ms)
			TypeCache.Refresh (245ms)
				TypeCache.ScanAssembly (224ms)
			BuildScriptInfoCaches (0ms)
			ResolveRequiredComponents (1ms)
	FinalizeReload (1065ms)
		ReleaseScriptCaches (0ms)
		RebuildScriptCaches (0ms)
		SetupLoadedEditorAssemblies (991ms)
			LogAssemblyErrors (0ms)
			InitializePlatformSupportModulesInManaged (628ms)
			SetLoadedEditorAssemblies (6ms)
			BeforeProcessingInitializeOnLoad (77ms)
			ProcessInitializeOnLoadAttributes (182ms)
			ProcessInitializeOnLoadMethodAttributes (98ms)
			AfterProcessingInitializeOnLoad (0ms)
			EditorAssembliesLoaded (0ms)
		ExecutionOrderSort2 (0ms)
		AwakeInstancesAfterBackupRestoration (0ms)
========================================================================
Worker process is ready to serve import requests
Import Worker Mode flag is 0x00
Begin MonoManager ReloadAssembly
Duplicate assembly 'log4net.dll' with different versions detected, using 'Packages/com.unity.package-validation-suite/Lib/Editor/log4net.dll, AssemblyName=log4net, Version=2.0.8.0, Culture=neutral, PublicKeyToken=669e0ddf0bb1aa2a' and ignoring 'Packages/com.unity.collab-proxy/Lib/Editor/log4netPlastic.dll, AssemblyName=log4net, Version=1.2.15.0, Culture=neutral, PublicKeyToken=669e0ddf0bb1aa2a'.- Loaded All Assemblies, in  1.299 seconds
Refreshing native plugins compatible for Editor in 2.83 ms, found 4 plugins.
Native extension for Android target not found
Native extension for WindowsStandalone target not found
Native extension for WebGL target not found
Mono: successfully reloaded assembly
- Finished resetting the current domain, in  1.303 seconds
Domain Reload Profiling: 2600ms
	BeginReloadAssembly (263ms)
		ExecutionOrderSort (0ms)
		DisableScriptedObjects (8ms)
		BackupInstance (0ms)
		ReleaseScriptingObjects (0ms)
		CreateAndSetChildDomain (41ms)
	RebuildCommonClasses (58ms)
	RebuildNativeTypeToScriptingClass (20ms)
	initialDomainReloadingComplete (56ms)
	LoadAllAssembliesAndSetupDomain (899ms)
		LoadAssemblies (600ms)
		RebuildTransferFunctionScriptingTraits (0ms)
		AnalyzeDomain (463ms)
			TypeCache.Refresh (349ms)
				TypeCache.ScanAssembly (324ms)
			BuildScriptInfoCaches (87ms)
			ResolveRequiredComponents (23ms)
	FinalizeReload (1304ms)
		ReleaseScriptCaches (0ms)
		RebuildScriptCaches (0ms)
		SetupLoadedEditorAssemblies (1055ms)
			LogAssemblyErrors (0ms)
			InitializePlatformSupportModulesInManaged (18ms)
			SetLoadedEditorAssemblies (5ms)
			BeforeProcessingInitializeOnLoad (205ms)
			ProcessInitializeOnLoadAttributes (646ms)
			ProcessInitializeOnLoadMethodAttributes (178ms)
			AfterProcessingInitializeOnLoad (3ms)
			EditorAssembliesLoaded (0ms)
		ExecutionOrderSort2 (0ms)
		AwakeInstancesAfterBackupRestoration (7ms)
Shader Hidden/ProbeVolume/VoxelizeScene is not supported: GPU does not support conservative rasterization
Launched and connected shader compiler UnityShaderCompiler.exe after 0.02 seconds
Refreshing native plugins compatible for Editor in 2.79 ms, found 4 plugins.
Preloading 0 native plugins for Editor in 0.00 ms.
Unloading 224 Unused Serialized files (Serialized files now loaded: 0)
Unloading 7175 unused Assets / (6.4 MB). Loaded Objects now: 7887.
Memory consumption went from 197.6 MB to 191.1 MB.
Total: 16.463900 ms (FindLiveObjects: 1.122300 ms CreateObjectMapping: 1.160700 ms MarkObjects: 8.032600 ms  DeleteObjects: 6.146700 ms)

========================================================================
Received Import Request.
  Time since last request: 3213.584094 seconds.
  path: Assets/Resources/Items_Level/Sand_Ground_Tile.png
  artifactKey: Guid(c9abcce603baa394e88f740b59eeeda1) Importer(815301076,1909f56bfc062723c751e8b465ee728b)
Start importing Assets/Resources/Items_Level/Sand_Ground_Tile.png using Guid(c9abcce603baa394e88f740b59eeeda1) Importer(815301076,1909f56bfc062723c751e8b465ee728b) (PreviewImporter) -> (artifact id: '6b41c9ab7160e8ed410ec313bcd484c9') in 0.4164738 seconds
Number of updated asset objects reloaded before import = 0Number of asset objects unloaded after import = 2122

========================================================================
Received Import Request.
  Time since last request: 0.000039 seconds.
  path: Assets/Sand_Ground_Tile_11.asset
  artifactKey: Guid(b02f14a84ecbfaa4aa65701019e0563a) Importer(815301076,1909f56bfc062723c751e8b465ee728b)
Start importing Assets/Sand_Ground_Tile_11.asset using Guid(b02f14a84ecbfaa4aa65701019e0563a) Importer(815301076,1909f56bfc062723c751e8b465ee728b) (PreviewImporter) -> (artifact id: 'e0153bc72345ffa185d3bef4b23da968') in 0.1666803 seconds
Number of updated asset objects reloaded before import = 0Number of asset objects unloaded after import = 2122

========================================================================
Received Import Request.
  Time since last request: 0.000043 seconds.
  path: Assets/Sand_Ground_Tile_4.asset
  artifactKey: Guid(7306a441b2d78fa46b29017c1d7a3916) Importer(815301076,1909f56bfc062723c751e8b465ee728b)
Start importing Assets/Sand_Ground_Tile_4.asset using Guid(7306a441b2d78fa46b29017c1d7a3916) Importer(815301076,1909f56bfc062723c751e8b465ee728b) (PreviewImporter) -> (artifact id: '39ddca6411441f55346a355d435d41a4') in 0.1419108 seconds
Number of updated asset objects reloaded before import = 0Number of asset objects unloaded after import = 2122

========================================================================
Received Import Request.
  Time since last request: 0.000034 seconds.
  path: Assets/Sand_Ground_Tile_3.asset
  artifactKey: Guid(0d8b44e9ab9db9a419edfe7eb9ebefe5) Importer(815301076,1909f56bfc062723c751e8b465ee728b)
Start importing Assets/Sand_Ground_Tile_3.asset using Guid(0d8b44e9ab9db9a419edfe7eb9ebefe5) Importer(815301076,1909f56bfc062723c751e8b465ee728b) (PreviewImporter) -> (artifact id: '3e1c63488ae94696b486a3a815e3feed') in 0.1384617 seconds
Number of updated asset objects reloaded before import = 0Number of asset objects unloaded after import = 2122

========================================================================
Received Import Request.
  Time since last request: 0.000031 seconds.
  path: Assets/Sand_Ground_Tile_6.asset
  artifactKey: Guid(97ad6927ab575ac4c963ba0436256400) Importer(815301076,1909f56bfc062723c751e8b465ee728b)
Start importing Assets/Sand_Ground_Tile_6.asset using Guid(97ad6927ab575ac4c963ba0436256400) Importer(815301076,1909f56bfc062723c751e8b465ee728b) (PreviewImporter) -> (artifact id: '1bafde1c40966d95f637d6af566c8011') in 0.1430782 seconds
Number of updated asset objects reloaded before import = 0Number of asset objects unloaded after import = 2122

========================================================================
Received Import Request.
  Time since last request: 0.000043 seconds.
  path: Assets/Sand_Ground_Tile_14.asset
  artifactKey: Guid(4cf8bfc6c6d9e3f4e9b4ab300733a059) Importer(815301076,1909f56bfc062723c751e8b465ee728b)
Start importing Assets/Sand_Ground_Tile_14.asset using Guid(4cf8bfc6c6d9e3f4e9b4ab300733a059) Importer(815301076,1909f56bfc062723c751e8b465ee728b) (PreviewImporter) -> (artifact id: '028350775edfdf64c2d251d26ea9373d') in 0.1292152 seconds
Number of updated asset objects reloaded before import = 0Number of asset objects unloaded after import = 2122

========================================================================
Received Import Request.
  Time since last request: 4.543100 seconds.
  path: Assets/Resources/Items_Level/Sand_Ground_Tile.png
  artifactKey: Guid(c9abcce603baa394e88f740b59eeeda1) Importer(815301076,1909f56bfc062723c751e8b465ee728b)
Start importing Assets/Resources/Items_Level/Sand_Ground_Tile.png using Guid(c9abcce603baa394e88f740b59eeeda1) Importer(815301076,1909f56bfc062723c751e8b465ee728b) (PreviewImporter) -> (artifact id: 'b5b56f6f2836a01c365ca4593f428ecc') in 0.187046 seconds
Number of updated asset objects reloaded before import = 0Number of asset objects unloaded after import = 2122

========================================================================
Received Import Request.
  Time since last request: 0.000042 seconds.
  path: Assets/Sand_Ground_Tile_10.asset
  artifactKey: Guid(ea385b926bfd61640ae3a9627d1c2929) Importer(815301076,1909f56bfc062723c751e8b465ee728b)
Start importing Assets/Sand_Ground_Tile_10.asset using Guid(ea385b926bfd61640ae3a9627d1c2929) Importer(815301076,1909f56bfc062723c751e8b465ee728b) (PreviewImporter) -> (artifact id: '230f193f7580e37978c2e4b042680b7c') in 0.1481525 seconds
Number of updated asset objects reloaded before import = 0Number of asset objects unloaded after import = 2122

========================================================================
Received Import Request.
  Time since last request: 0.000042 seconds.
  path: Assets/Sand_Ground_Tile_8.asset
  artifactKey: Guid(07a86e0cbaf7c3a448bd74cca48e46a1) Importer(815301076,1909f56bfc062723c751e8b465ee728b)
Start importing Assets/Sand_Ground_Tile_8.asset using Guid(07a86e0cbaf7c3a448bd74cca48e46a1) Importer(815301076,1909f56bfc062723c751e8b465ee728b) (PreviewImporter) -> (artifact id: 'eb0a862714daa8c696e8b2bb76ccef83') in 0.1429469 seconds
Number of updated asset objects reloaded before import = 0Number of asset objects unloaded after import = 2122

========================================================================
Received Import Request.
  Time since last request: 0.000029 seconds.
  path: Assets/Sand_Ground_Tile_9.asset
  artifactKey: Guid(6427d9657ef40b84c80d8f99a5af5d19) Importer(815301076,1909f56bfc062723c751e8b465ee728b)
Start importing Assets/Sand_Ground_Tile_9.asset using Guid(6427d9657ef40b84c80d8f99a5af5d19) Importer(815301076,1909f56bfc062723c751e8b465ee728b) (PreviewImporter) -> (artifact id: 'cb739830af3c85c48b4b3dbee734c0f9') in 0.1458421 seconds
Number of updated asset objects reloaded before import = 0Number of asset objects unloaded after import = 2122

========================================================================
Received Import Request.
  Time since last request: 0.000039 seconds.
  path: Assets/Sand_Ground_Tile_2.asset
  artifactKey: Guid(94d8dd8e12b698d47aa90c520a473b57) Importer(815301076,1909f56bfc062723c751e8b465ee728b)
Start importing Assets/Sand_Ground_Tile_2.asset using Guid(94d8dd8e12b698d47aa90c520a473b57) Importer(815301076,1909f56bfc062723c751e8b465ee728b) (PreviewImporter) -> (artifact id: 'b264935d2fd867637a4c012bb809f78d') in 0.1432652 seconds
Number of updated asset objects reloaded before import = 0Number of asset objects unloaded after import = 2122

========================================================================
Received Import Request.
  Time since last request: 3.946087 seconds.
  path: Assets/Resources/Items_Level/Sand_Ground_Tile.png
  artifactKey: Guid(c9abcce603baa394e88f740b59eeeda1) Importer(815301076,1909f56bfc062723c751e8b465ee728b)
Start importing Assets/Resources/Items_Level/Sand_Ground_Tile.png using Guid(c9abcce603baa394e88f740b59eeeda1) Importer(815301076,1909f56bfc062723c751e8b465ee728b) (PreviewImporter) -> (artifact id: '5f070c9535a2205e67d3d33efdbdf503') in 0.1906421 seconds
Number of updated asset objects reloaded before import = 0Number of asset objects unloaded after import = 2122

========================================================================
Received Import Request.
  Time since last request: 0.000028 seconds.
  path: Assets/Sand_Ground_Tile_10.asset
  artifactKey: Guid(ea385b926bfd61640ae3a9627d1c2929) Importer(815301076,1909f56bfc062723c751e8b465ee728b)
Start importing Assets/Sand_Ground_Tile_10.asset using Guid(ea385b926bfd61640ae3a9627d1c2929) Importer(815301076,1909f56bfc062723c751e8b465ee728b) (PreviewImporter) -> (artifact id: '7cc525b650320cb08b77a26b53e7a48b') in 0.1374826 seconds
Number of updated asset objects reloaded before import = 0Number of asset objects unloaded after import = 2122

========================================================================
Received Import Request.
  Time since last request: 0.000039 seconds.
  path: Assets/Sand_Ground_Tile_8.asset
  artifactKey: Guid(07a86e0cbaf7c3a448bd74cca48e46a1) Importer(815301076,1909f56bfc062723c751e8b465ee728b)
Start importing Assets/Sand_Ground_Tile_8.asset using Guid(07a86e0cbaf7c3a448bd74cca48e46a1) Importer(815301076,1909f56bfc062723c751e8b465ee728b) (PreviewImporter) -> (artifact id: '5348ac3ed84d2a57a046ecf57fc3bfc7') in 0.1433874 seconds
Number of updated asset objects reloaded before import = 0Number of asset objects unloaded after import = 2122

========================================================================
Received Import Request.
  Time since last request: 0.000053 seconds.
  path: Assets/Sand_Ground_Tile_9.asset
  artifactKey: Guid(6427d9657ef40b84c80d8f99a5af5d19) Importer(815301076,1909f56bfc062723c751e8b465ee728b)
Start importing Assets/Sand_Ground_Tile_9.asset using Guid(6427d9657ef40b84c80d8f99a5af5d19) Importer(815301076,1909f56bfc062723c751e8b465ee728b) (PreviewImporter) -> (artifact id: 'e1a0c92656686e7dd95316b13ea6dc7c') in 0.1495182 seconds
Number of updated asset objects reloaded before import = 0Number of asset objects unloaded after import = 2122

========================================================================
Received Import Request.
  Time since last request: 0.000046 seconds.
  path: Assets/Sand_Ground_Tile_2.asset
  artifactKey: Guid(94d8dd8e12b698d47aa90c520a473b57) Importer(815301076,1909f56bfc062723c751e8b465ee728b)
Start importing Assets/Sand_Ground_Tile_2.asset using Guid(94d8dd8e12b698d47aa90c520a473b57) Importer(815301076,1909f56bfc062723c751e8b465ee728b) (PreviewImporter) -> (artifact id: 'e796752c98cf202560ef9ee4d5fa5aad') in 0.1454792 seconds
Number of updated asset objects reloaded before import = 0Number of asset objects unloaded after import = 2122

========================================================================
Received Import Request.
  Time since last request: 52.507781 seconds.
  path: Assets/Resources/Items_Level/Sand_Ground_Tile.png
  artifactKey: Guid(c9abcce603baa394e88f740b59eeeda1) Importer(815301076,1909f56bfc062723c751e8b465ee728b)
Start importing Assets/Resources/Items_Level/Sand_Ground_Tile.png using Guid(c9abcce603baa394e88f740b59eeeda1) Importer(815301076,1909f56bfc062723c751e8b465ee728b) (PreviewImporter) -> (artifact id: 'b214fffce2fb0d498c7ed73395832707') in 0.1789095 seconds
Number of updated asset objects reloaded before import = 0Number of asset objects unloaded after import = 2122

========================================================================
Received Import Request.
  Time since last request: 0.000032 seconds.
  path: Assets/Sand_Ground_Tile_10.asset
  artifactKey: Guid(ea385b926bfd61640ae3a9627d1c2929) Importer(815301076,1909f56bfc062723c751e8b465ee728b)
Start importing Assets/Sand_Ground_Tile_10.asset using Guid(ea385b926bfd61640ae3a9627d1c2929) Importer(815301076,1909f56bfc062723c751e8b465ee728b) (PreviewImporter) -> (artifact id: 'a23df1fb6b06afaa3c7b3286da857df5') in 0.1435971 seconds
Number of updated asset objects reloaded before import = 0Number of asset objects unloaded after import = 2122

========================================================================
Received Import Request.
  Time since last request: 0.000044 seconds.
  path: Assets/Sand_Ground_Tile_8.asset
  artifactKey: Guid(07a86e0cbaf7c3a448bd74cca48e46a1) Importer(815301076,1909f56bfc062723c751e8b465ee728b)
Start importing Assets/Sand_Ground_Tile_8.asset using Guid(07a86e0cbaf7c3a448bd74cca48e46a1) Importer(815301076,1909f56bfc062723c751e8b465ee728b) (PreviewImporter) -> (artifact id: 'da52617ec13da9954dcd035e4047e9b7') in 0.144366 seconds
Number of updated asset objects reloaded before import = 0Number of asset objects unloaded after import = 2122

========================================================================
Received Import Request.
  Time since last request: 0.000029 seconds.
  path: Assets/Sand_Ground_Tile_9.asset
  artifactKey: Guid(6427d9657ef40b84c80d8f99a5af5d19) Importer(815301076,1909f56bfc062723c751e8b465ee728b)
Start importing Assets/Sand_Ground_Tile_9.asset using Guid(6427d9657ef40b84c80d8f99a5af5d19) Importer(815301076,1909f56bfc062723c751e8b465ee728b) (PreviewImporter) -> (artifact id: '55232a8d94cc8c5d25c2011956bbe531') in 0.1457781 seconds
Number of updated asset objects reloaded before import = 0Number of asset objects unloaded after import = 2122

========================================================================
Received Import Request.
  Time since last request: 0.000034 seconds.
  path: Assets/Sand_Ground_Tile_2.asset
  artifactKey: Guid(94d8dd8e12b698d47aa90c520a473b57) Importer(815301076,1909f56bfc062723c751e8b465ee728b)
Start importing Assets/Sand_Ground_Tile_2.asset using Guid(94d8dd8e12b698d47aa90c520a473b57) Importer(815301076,1909f56bfc062723c751e8b465ee728b) (PreviewImporter) -> (artifact id: 'd1c0e278c64a9e3140b4a2564715c89b') in 0.1495202 seconds
Number of updated asset objects reloaded before import = 0Number of asset objects unloaded after import = 2122

========================================================================
Received Import Request.
  Time since last request: 26.504524 seconds.
  path: Assets/Resources/Items_Level/Sand_Ground_Tile.png
  artifactKey: Guid(c9abcce603baa394e88f740b59eeeda1) Importer(815301076,1909f56bfc062723c751e8b465ee728b)
Start importing Assets/Resources/Items_Level/Sand_Ground_Tile.png using Guid(c9abcce603baa394e88f740b59eeeda1) Importer(815301076,1909f56bfc062723c751e8b465ee728b) (PreviewImporter) -> (artifact id: 'aba06565592590057aa60a7075372468') in 0.1907727 seconds
Number of updated asset objects reloaded before import = 0Number of asset objects unloaded after import = 2122

========================================================================
Received Import Request.
  Time since last request: 0.000034 seconds.
  path: Assets/Sand_Ground_Tile_10.asset
  artifactKey: Guid(ea385b926bfd61640ae3a9627d1c2929) Importer(815301076,1909f56bfc062723c751e8b465ee728b)
Start importing Assets/Sand_Ground_Tile_10.asset using Guid(ea385b926bfd61640ae3a9627d1c2929) Importer(815301076,1909f56bfc062723c751e8b465ee728b) (PreviewImporter) -> (artifact id: '49268f6aead7d99048b09169e530daea') in 0.1428869 seconds
Number of updated asset objects reloaded before import = 0Number of asset objects unloaded after import = 2122

========================================================================
Received Import Request.
  Time since last request: 0.000041 seconds.
  path: Assets/Sand_Ground_Tile_8.asset
  artifactKey: Guid(07a86e0cbaf7c3a448bd74cca48e46a1) Importer(815301076,1909f56bfc062723c751e8b465ee728b)
Start importing Assets/Sand_Ground_Tile_8.asset using Guid(07a86e0cbaf7c3a448bd74cca48e46a1) Importer(815301076,1909f56bfc062723c751e8b465ee728b) (PreviewImporter) -> (artifact id: 'e978599d84868c715d95ab37de8b7647') in 0.1433257 seconds
Number of updated asset objects reloaded before import = 0Number of asset objects unloaded after import = 2122

========================================================================
Received Import Request.
  Time since last request: 0.000028 seconds.
  path: Assets/Sand_Ground_Tile_9.asset
  artifactKey: Guid(6427d9657ef40b84c80d8f99a5af5d19) Importer(815301076,1909f56bfc062723c751e8b465ee728b)
Start importing Assets/Sand_Ground_Tile_9.asset using Guid(6427d9657ef40b84c80d8f99a5af5d19) Importer(815301076,1909f56bfc062723c751e8b465ee728b) (PreviewImporter) -> (artifact id: 'beff0f738eb277f5c9de92ab6c8bf4d9') in 0.1457779 seconds
Number of updated asset objects reloaded before import = 0Number of asset objects unloaded after import = 2122

========================================================================
Received Import Request.
  Time since last request: 0.000034 seconds.
  path: Assets/Sand_Ground_Tile_2.asset
  artifactKey: Guid(94d8dd8e12b698d47aa90c520a473b57) Importer(815301076,1909f56bfc062723c751e8b465ee728b)
Start importing Assets/Sand_Ground_Tile_2.asset using Guid(94d8dd8e12b698d47aa90c520a473b57) Importer(815301076,1909f56bfc062723c751e8b465ee728b) (PreviewImporter) -> (artifact id: 'b524c24931d742cc2eca7ac1105080a8') in 0.1565227 seconds
Number of updated asset objects reloaded before import = 0Number of asset objects unloaded after import = 2122

========================================================================
Received Import Request.
  Time since last request: 35.967281 seconds.
  path: Assets/Resources/Items_Level/Sand_Ground_Tile.png
  artifactKey: Guid(c9abcce603baa394e88f740b59eeeda1) Importer(815301076,1909f56bfc062723c751e8b465ee728b)
Start importing Assets/Resources/Items_Level/Sand_Ground_Tile.png using Guid(c9abcce603baa394e88f740b59eeeda1) Importer(815301076,1909f56bfc062723c751e8b465ee728b) (PreviewImporter) -> (artifact id: '560d4929891a8604d21660b6a4888080') in 0.1825391 seconds
Number of updated asset objects reloaded before import = 0Number of asset objects unloaded after import = 2122

========================================================================
Received Import Request.
  Time since last request: 0.000050 seconds.
  path: Assets/Sand_Ground_Tile_10.asset
  artifactKey: Guid(ea385b926bfd61640ae3a9627d1c2929) Importer(815301076,1909f56bfc062723c751e8b465ee728b)
Start importing Assets/Sand_Ground_Tile_10.asset using Guid(ea385b926bfd61640ae3a9627d1c2929) Importer(815301076,1909f56bfc062723c751e8b465ee728b) (PreviewImporter) -> (artifact id: '2d1a361835c0c842f114c5ef5b006f8c') in 0.1391539 seconds
Number of updated asset objects reloaded before import = 0Number of asset objects unloaded after import = 2122

========================================================================
Received Import Request.
  Time since last request: 0.000052 seconds.
  path: Assets/Sand_Ground_Tile_8.asset
  artifactKey: Guid(07a86e0cbaf7c3a448bd74cca48e46a1) Importer(815301076,1909f56bfc062723c751e8b465ee728b)
Start importing Assets/Sand_Ground_Tile_8.asset using Guid(07a86e0cbaf7c3a448bd74cca48e46a1) Importer(815301076,1909f56bfc062723c751e8b465ee728b) (PreviewImporter) -> (artifact id: '80ea6483c7b164531c274f4119651e7f') in 0.1469573 seconds
Number of updated asset objects reloaded before import = 0Number of asset objects unloaded after import = 2122

========================================================================
Received Import Request.
  Time since last request: 0.000061 seconds.
  path: Assets/Sand_Ground_Tile_9.asset
  artifactKey: Guid(6427d9657ef40b84c80d8f99a5af5d19) Importer(815301076,1909f56bfc062723c751e8b465ee728b)
Start importing Assets/Sand_Ground_Tile_9.asset using Guid(6427d9657ef40b84c80d8f99a5af5d19) Importer(815301076,1909f56bfc062723c751e8b465ee728b) (PreviewImporter) -> (artifact id: '4a27229900298c3cf0323f8689cde2a9') in 0.1405719 seconds
Number of updated asset objects reloaded before import = 0Number of asset objects unloaded after import = 2122

========================================================================
Received Import Request.
  Time since last request: 0.000034 seconds.
  path: Assets/Sand_Ground_Tile_2.asset
  artifactKey: Guid(94d8dd8e12b698d47aa90c520a473b57) Importer(815301076,1909f56bfc062723c751e8b465ee728b)
Start importing Assets/Sand_Ground_Tile_2.asset using Guid(94d8dd8e12b698d47aa90c520a473b57) Importer(815301076,1909f56bfc062723c751e8b465ee728b) (PreviewImporter) -> (artifact id: 'c4ff2339b7024f5bea9c5fefd07a7782') in 0.1467053 seconds
Number of updated asset objects reloaded before import = 0Number of asset objects unloaded after import = 2122

========================================================================
Received Import Request.
  Time since last request: 6.169752 seconds.
  path: Assets/Resources/Items_Level/Sand_Ground_Tile.png
  artifactKey: Guid(c9abcce603baa394e88f740b59eeeda1) Importer(815301076,1909f56bfc062723c751e8b465ee728b)
Start importing Assets/Resources/Items_Level/Sand_Ground_Tile.png using Guid(c9abcce603baa394e88f740b59eeeda1) Importer(815301076,1909f56bfc062723c751e8b465ee728b) (PreviewImporter) -> (artifact id: '3c5d211d57667e2540a6c0b0012e9208') in 0.1897229 seconds
Number of updated asset objects reloaded before import = 0Number of asset objects unloaded after import = 2122

========================================================================
Received Import Request.
  Time since last request: 0.000036 seconds.
  path: Assets/Sand_Ground_Tile_10.asset
  artifactKey: Guid(ea385b926bfd61640ae3a9627d1c2929) Importer(815301076,1909f56bfc062723c751e8b465ee728b)
Start importing Assets/Sand_Ground_Tile_10.asset using Guid(ea385b926bfd61640ae3a9627d1c2929) Importer(815301076,1909f56bfc062723c751e8b465ee728b) (PreviewImporter) -> (artifact id: 'a646a5c5195c9aeb854f1dfe1ce727f8') in 0.1444266 seconds
Number of updated asset objects reloaded before import = 0Number of asset objects unloaded after import = 2122

========================================================================
Received Import Request.
  Time since last request: 0.000085 seconds.
  path: Assets/Sand_Ground_Tile_8.asset
  artifactKey: Guid(07a86e0cbaf7c3a448bd74cca48e46a1) Importer(815301076,1909f56bfc062723c751e8b465ee728b)
Start importing Assets/Sand_Ground_Tile_8.asset using Guid(07a86e0cbaf7c3a448bd74cca48e46a1) Importer(815301076,1909f56bfc062723c751e8b465ee728b) (PreviewImporter) -> (artifact id: '47ce337a6e7ccad6218c8b90cba4e728') in 0.1515536 seconds
Number of updated asset objects reloaded before import = 0Number of asset objects unloaded after import = 2122

========================================================================
Received Import Request.
  Time since last request: 0.000027 seconds.
  path: Assets/Sand_Ground_Tile_9.asset
  artifactKey: Guid(6427d9657ef40b84c80d8f99a5af5d19) Importer(815301076,1909f56bfc062723c751e8b465ee728b)
Start importing Assets/Sand_Ground_Tile_9.asset using Guid(6427d9657ef40b84c80d8f99a5af5d19) Importer(815301076,1909f56bfc062723c751e8b465ee728b) (PreviewImporter) -> (artifact id: '60421ff6a0fef3dec780ed82f9e3667f') in 0.1381873 seconds
Number of updated asset objects reloaded before import = 0Number of asset objects unloaded after import = 2122

========================================================================
Received Import Request.
  Time since last request: 0.000032 seconds.
  path: Assets/Sand_Ground_Tile_2.asset
  artifactKey: Guid(94d8dd8e12b698d47aa90c520a473b57) Importer(815301076,1909f56bfc062723c751e8b465ee728b)
Start importing Assets/Sand_Ground_Tile_2.asset using Guid(94d8dd8e12b698d47aa90c520a473b57) Importer(815301076,1909f56bfc062723c751e8b465ee728b) (PreviewImporter) -> (artifact id: '924e44a1c65535095cb0fc927977b9a9') in 0.1389552 seconds
Number of updated asset objects reloaded before import = 0Number of asset objects unloaded after import = 2122

========================================================================
Received Import Request.
  Time since last request: 5.068725 seconds.
  path: Assets/Resources/Items_Level/Sand_Ground_Tile.png
  artifactKey: Guid(c9abcce603baa394e88f740b59eeeda1) Importer(815301076,1909f56bfc062723c751e8b465ee728b)
Start importing Assets/Resources/Items_Level/Sand_Ground_Tile.png using Guid(c9abcce603baa394e88f740b59eeeda1) Importer(815301076,1909f56bfc062723c751e8b465ee728b) (PreviewImporter) -> (artifact id: '3900f1b27490886180970f4364f81675') in 0.1911403 seconds
Number of updated asset objects reloaded before import = 0Number of asset objects unloaded after import = 2122

========================================================================
Received Import Request.
  Time since last request: 0.000030 seconds.
  path: Assets/Sand_Ground_Tile_10.asset
  artifactKey: Guid(ea385b926bfd61640ae3a9627d1c2929) Importer(815301076,1909f56bfc062723c751e8b465ee728b)
Start importing Assets/Sand_Ground_Tile_10.asset using Guid(ea385b926bfd61640ae3a9627d1c2929) Importer(815301076,1909f56bfc062723c751e8b465ee728b) (PreviewImporter) -> (artifact id: 'ee27dde7fc989f5f6d0e87f054fbbece') in 0.1408716 seconds
Number of updated asset objects reloaded before import = 0Number of asset objects unloaded after import = 2122

========================================================================
Received Import Request.
  Time since last request: 0.000039 seconds.
  path: Assets/Sand_Ground_Tile_8.asset
  artifactKey: Guid(07a86e0cbaf7c3a448bd74cca48e46a1) Importer(815301076,1909f56bfc062723c751e8b465ee728b)
Start importing Assets/Sand_Ground_Tile_8.asset using Guid(07a86e0cbaf7c3a448bd74cca48e46a1) Importer(815301076,1909f56bfc062723c751e8b465ee728b) (PreviewImporter) -> (artifact id: '8c855fdda46776d7a7ca75e388ab688a') in 0.137221 seconds
Number of updated asset objects reloaded before import = 0Number of asset objects unloaded after import = 2122

========================================================================
Received Import Request.
  Time since last request: 0.000030 seconds.
  path: Assets/Sand_Ground_Tile_9.asset
  artifactKey: Guid(6427d9657ef40b84c80d8f99a5af5d19) Importer(815301076,1909f56bfc062723c751e8b465ee728b)
Start importing Assets/Sand_Ground_Tile_9.asset using Guid(6427d9657ef40b84c80d8f99a5af5d19) Importer(815301076,1909f56bfc062723c751e8b465ee728b) (PreviewImporter) -> (artifact id: 'dd09a98c5e280f9d8338a908a5fb3843') in 0.1462618 seconds
Number of updated asset objects reloaded before import = 0Number of asset objects unloaded after import = 2122

========================================================================
Received Import Request.
  Time since last request: 0.000031 seconds.
  path: Assets/Sand_Ground_Tile_2.asset
  artifactKey: Guid(94d8dd8e12b698d47aa90c520a473b57) Importer(815301076,1909f56bfc062723c751e8b465ee728b)
Start importing Assets/Sand_Ground_Tile_2.asset using Guid(94d8dd8e12b698d47aa90c520a473b57) Importer(815301076,1909f56bfc062723c751e8b465ee728b) (PreviewImporter) -> (artifact id: '32a316fa9acab794de6bc09c80634261') in 0.1503788 seconds
Number of updated asset objects reloaded before import = 0Number of asset objects unloaded after import = 2122

========================================================================
Received Import Request.
  Time since last request: 2.778568 seconds.
  path: Assets/Resources/Items_Level/Sand_Ground_Tile.png
  artifactKey: Guid(c9abcce603baa394e88f740b59eeeda1) Importer(815301076,1909f56bfc062723c751e8b465ee728b)
Start importing Assets/Resources/Items_Level/Sand_Ground_Tile.png using Guid(c9abcce603baa394e88f740b59eeeda1) Importer(815301076,1909f56bfc062723c751e8b465ee728b) (PreviewImporter) -> (artifact id: '9dd62554987ee0f899a0ab59e1d242dd') in 0.1832348 seconds
Number of updated asset objects reloaded before import = 0Number of asset objects unloaded after import = 2122

========================================================================
Received Import Request.
  Time since last request: 0.000040 seconds.
  path: Assets/Sand_Ground_Tile_10.asset
  artifactKey: Guid(ea385b926bfd61640ae3a9627d1c2929) Importer(815301076,1909f56bfc062723c751e8b465ee728b)
Start importing Assets/Sand_Ground_Tile_10.asset using Guid(ea385b926bfd61640ae3a9627d1c2929) Importer(815301076,1909f56bfc062723c751e8b465ee728b) (PreviewImporter) -> (artifact id: '44e0d9aca2db8df375707a3534b06c5d') in 0.1489626 seconds
Number of updated asset objects reloaded before import = 0Number of asset objects unloaded after import = 2122

========================================================================
Received Import Request.
  Time since last request: 0.000093 seconds.
  path: Assets/Sand_Ground_Tile_8.asset
  artifactKey: Guid(07a86e0cbaf7c3a448bd74cca48e46a1) Importer(815301076,1909f56bfc062723c751e8b465ee728b)
Start importing Assets/Sand_Ground_Tile_8.asset using Guid(07a86e0cbaf7c3a448bd74cca48e46a1) Importer(815301076,1909f56bfc062723c751e8b465ee728b) (PreviewImporter) -> (artifact id: '90975473ebc6ff889ca494390201ce95') in 0.1401732 seconds
Number of updated asset objects reloaded before import = 0Number of asset objects unloaded after import = 2122

========================================================================
Received Import Request.
  Time since last request: 0.000025 seconds.
  path: Assets/Sand_Ground_Tile_9.asset
  artifactKey: Guid(6427d9657ef40b84c80d8f99a5af5d19) Importer(815301076,1909f56bfc062723c751e8b465ee728b)
Start importing Assets/Sand_Ground_Tile_9.asset using Guid(6427d9657ef40b84c80d8f99a5af5d19) Importer(815301076,1909f56bfc062723c751e8b465ee728b) (PreviewImporter) -> (artifact id: '590ff5b4088ea533e2cb280dfa8c2cb3') in 0.1416951 seconds
Number of updated asset objects reloaded before import = 0Number of asset objects unloaded after import = 2122

========================================================================
Received Import Request.
  Time since last request: 0.000031 seconds.
  path: Assets/Sand_Ground_Tile_2.asset
  artifactKey: Guid(94d8dd8e12b698d47aa90c520a473b57) Importer(815301076,1909f56bfc062723c751e8b465ee728b)
Start importing Assets/Sand_Ground_Tile_2.asset using Guid(94d8dd8e12b698d47aa90c520a473b57) Importer(815301076,1909f56bfc062723c751e8b465ee728b) (PreviewImporter) -> (artifact id: 'ef1bb1d3498e019df7567e4053dbd256') in 0.1413126 seconds
Number of updated asset objects reloaded before import = 0Number of asset objects unloaded after import = 2122

========================================================================
Received Import Request.
  Time since last request: 2.886251 seconds.
  path: Assets/Resources/Items_Level/Sand_Ground_Tile.png
  artifactKey: Guid(c9abcce603baa394e88f740b59eeeda1) Importer(815301076,1909f56bfc062723c751e8b465ee728b)
Start importing Assets/Resources/Items_Level/Sand_Ground_Tile.png using Guid(c9abcce603baa394e88f740b59eeeda1) Importer(815301076,1909f56bfc062723c751e8b465ee728b) (PreviewImporter) -> (artifact id: 'a4e4915b29f979b289456a76a3544d3c') in 0.1839343 seconds
Number of updated asset objects reloaded before import = 0Number of asset objects unloaded after import = 2122

========================================================================
Received Import Request.
  Time since last request: 0.000027 seconds.
  path: Assets/Sand_Ground_Tile_10.asset
  artifactKey: Guid(ea385b926bfd61640ae3a9627d1c2929) Importer(815301076,1909f56bfc062723c751e8b465ee728b)
Start importing Assets/Sand_Ground_Tile_10.asset using Guid(ea385b926bfd61640ae3a9627d1c2929) Importer(815301076,1909f56bfc062723c751e8b465ee728b) (PreviewImporter) -> (artifact id: 'b3315ad0963976a4b65996a50f157ca9') in 0.1362751 seconds
Number of updated asset objects reloaded before import = 0Number of asset objects unloaded after import = 2122

========================================================================
Received Import Request.
  Time since last request: 0.000036 seconds.
  path: Assets/Sand_Ground_Tile_8.asset
  artifactKey: Guid(07a86e0cbaf7c3a448bd74cca48e46a1) Importer(815301076,1909f56bfc062723c751e8b465ee728b)
Start importing Assets/Sand_Ground_Tile_8.asset using Guid(07a86e0cbaf7c3a448bd74cca48e46a1) Importer(815301076,1909f56bfc062723c751e8b465ee728b) (PreviewImporter) -> (artifact id: '018400e501bc96ea4ee0b3f26c9cf44a') in 0.1400742 seconds
Number of updated asset objects reloaded before import = 0Number of asset objects unloaded after import = 2122

========================================================================
Received Import Request.
  Time since last request: 0.000027 seconds.
  path: Assets/Sand_Ground_Tile_9.asset
  artifactKey: Guid(6427d9657ef40b84c80d8f99a5af5d19) Importer(815301076,1909f56bfc062723c751e8b465ee728b)
Start importing Assets/Sand_Ground_Tile_9.asset using Guid(6427d9657ef40b84c80d8f99a5af5d19) Importer(815301076,1909f56bfc062723c751e8b465ee728b) (PreviewImporter) -> (artifact id: '404eeb2c7a4d25bc16d6639980bef9f6') in 0.1377526 seconds
Number of updated asset objects reloaded before import = 0Number of asset objects unloaded after import = 2122

========================================================================
Received Import Request.
  Time since last request: 0.000030 seconds.
  path: Assets/Sand_Ground_Tile_2.asset
  artifactKey: Guid(94d8dd8e12b698d47aa90c520a473b57) Importer(815301076,1909f56bfc062723c751e8b465ee728b)
Start importing Assets/Sand_Ground_Tile_2.asset using Guid(94d8dd8e12b698d47aa90c520a473b57) Importer(815301076,1909f56bfc062723c751e8b465ee728b) (PreviewImporter) -> (artifact id: '9b992c762605bbfb7cf573648bbdb49a') in 0.1399171 seconds
Number of updated asset objects reloaded before import = 0Number of asset objects unloaded after import = 2122

========================================================================
Received Import Request.
  Time since last request: 20.645017 seconds.
  path: Assets/Resources/Items_Level/Sand_Ground_Tile.png
  artifactKey: Guid(c9abcce603baa394e88f740b59eeeda1) Importer(815301076,1909f56bfc062723c751e8b465ee728b)
Start importing Assets/Resources/Items_Level/Sand_Ground_Tile.png using Guid(c9abcce603baa394e88f740b59eeeda1) Importer(815301076,1909f56bfc062723c751e8b465ee728b) (PreviewImporter) -> (artifact id: 'aa1ef38faa8f0b2ee00776e1c63b6d0a') in 0.1780129 seconds
Number of updated asset objects reloaded before import = 0Number of asset objects unloaded after import = 2122

========================================================================
Received Import Request.
  Time since last request: 0.000033 seconds.
  path: Assets/Sand_Ground_Tile_10.asset
  artifactKey: Guid(ea385b926bfd61640ae3a9627d1c2929) Importer(815301076,1909f56bfc062723c751e8b465ee728b)
Start importing Assets/Sand_Ground_Tile_10.asset using Guid(ea385b926bfd61640ae3a9627d1c2929) Importer(815301076,1909f56bfc062723c751e8b465ee728b) (PreviewImporter) -> (artifact id: '685d8d7648ac3d7b3737474461e9d7eb') in 0.1401251 seconds
Number of updated asset objects reloaded before import = 0Number of asset objects unloaded after import = 2122

========================================================================
Received Import Request.
  Time since last request: 0.000041 seconds.
  path: Assets/Sand_Ground_Tile_8.asset
  artifactKey: Guid(07a86e0cbaf7c3a448bd74cca48e46a1) Importer(815301076,1909f56bfc062723c751e8b465ee728b)
Start importing Assets/Sand_Ground_Tile_8.asset using Guid(07a86e0cbaf7c3a448bd74cca48e46a1) Importer(815301076,1909f56bfc062723c751e8b465ee728b) (PreviewImporter) -> (artifact id: 'b167fa3e9f9463ac90f6bd0fb85888a8') in 0.1406729 seconds
Number of updated asset objects reloaded before import = 0Number of asset objects unloaded after import = 2122

========================================================================
Received Import Request.
  Time since last request: 0.000031 seconds.
  path: Assets/Sand_Ground_Tile_9.asset
  artifactKey: Guid(6427d9657ef40b84c80d8f99a5af5d19) Importer(815301076,1909f56bfc062723c751e8b465ee728b)
Start importing Assets/Sand_Ground_Tile_9.asset using Guid(6427d9657ef40b84c80d8f99a5af5d19) Importer(815301076,1909f56bfc062723c751e8b465ee728b) (PreviewImporter) -> (artifact id: 'eb638a38cf15cfe77e01a45995369445') in 0.1442752 seconds
Number of updated asset objects reloaded before import = 0Number of asset objects unloaded after import = 2122

========================================================================
Received Import Request.
  Time since last request: 0.000040 seconds.
  path: Assets/Sand_Ground_Tile_2.asset
  artifactKey: Guid(94d8dd8e12b698d47aa90c520a473b57) Importer(815301076,1909f56bfc062723c751e8b465ee728b)
Start importing Assets/Sand_Ground_Tile_2.asset using Guid(94d8dd8e12b698d47aa90c520a473b57) Importer(815301076,1909f56bfc062723c751e8b465ee728b) (PreviewImporter) -> (artifact id: 'ff1d3f0ad5ee46d58db584c92b835d4d') in 0.1411229 seconds
Number of updated asset objects reloaded before import = 0Number of asset objects unloaded after import = 2122

========================================================================
Received Import Request.
  Time since last request: 127.828434 seconds.
  path: Assets/Resources/Items_Level/Sand_Ground_Tile.png
  artifactKey: Guid(c9abcce603baa394e88f740b59eeeda1) Importer(815301076,1909f56bfc062723c751e8b465ee728b)
Start importing Assets/Resources/Items_Level/Sand_Ground_Tile.png using Guid(c9abcce603baa394e88f740b59eeeda1) Importer(815301076,1909f56bfc062723c751e8b465ee728b) (PreviewImporter) -> (artifact id: 'e7419827e9693d14a279990865bf2f94') in 0.1809836 seconds
Number of updated asset objects reloaded before import = 0Number of asset objects unloaded after import = 2122

========================================================================
Received Import Request.
  Time since last request: 0.000026 seconds.
  path: Assets/Sand_Ground_Tile_12.asset
  artifactKey: Guid(f57b7012fbb4f3f489e930920965e71e) Importer(815301076,1909f56bfc062723c751e8b465ee728b)
Start importing Assets/Sand_Ground_Tile_12.asset using Guid(f57b7012fbb4f3f489e930920965e71e) Importer(815301076,1909f56bfc062723c751e8b465ee728b) (PreviewImporter) -> (artifact id: 'e26cdbf28b3be5447c245dc01960999c') in 0.1509112 seconds
Number of updated asset objects reloaded before import = 0Number of asset objects unloaded after import = 2122

========================================================================
Received Import Request.
  Time since last request: 0.000043 seconds.
  path: Assets/Sand_Ground_Tile_11.asset
  artifactKey: Guid(b02f14a84ecbfaa4aa65701019e0563a) Importer(815301076,1909f56bfc062723c751e8b465ee728b)
Start importing Assets/Sand_Ground_Tile_11.asset using Guid(b02f14a84ecbfaa4aa65701019e0563a) Importer(815301076,1909f56bfc062723c751e8b465ee728b) (PreviewImporter) -> (artifact id: '72c803b70c8abc1167f9ceb2a9810290') in 0.1343491 seconds
Number of updated asset objects reloaded before import = 0Number of asset objects unloaded after import = 2122

========================================================================
Received Import Request.
  Time since last request: 0.000027 seconds.
  path: Assets/Sand_Ground_Tile_8.asset
  artifactKey: Guid(07a86e0cbaf7c3a448bd74cca48e46a1) Importer(815301076,1909f56bfc062723c751e8b465ee728b)
Start importing Assets/Sand_Ground_Tile_8.asset using Guid(07a86e0cbaf7c3a448bd74cca48e46a1) Importer(815301076,1909f56bfc062723c751e8b465ee728b) (PreviewImporter) -> (artifact id: 'c427126a29c7f5f4ec3ff73be451c06b') in 0.1400807 seconds
Number of updated asset objects reloaded before import = 0Number of asset objects unloaded after import = 2122

========================================================================
Received Import Request.
  Time since last request: 0.000034 seconds.
  path: Assets/Sand_Ground_Tile_3.asset
  artifactKey: Guid(0d8b44e9ab9db9a419edfe7eb9ebefe5) Importer(815301076,1909f56bfc062723c751e8b465ee728b)
Start importing Assets/Sand_Ground_Tile_3.asset using Guid(0d8b44e9ab9db9a419edfe7eb9ebefe5) Importer(815301076,1909f56bfc062723c751e8b465ee728b) (PreviewImporter) -> (artifact id: 'ac669dbf482781aab4ef64c4596cde4f') in 0.1498456 seconds
Number of updated asset objects reloaded before import = 0Number of asset objects unloaded after import = 2122

========================================================================
Received Import Request.
  Time since last request: 0.000044 seconds.
  path: Assets/Sand_Ground_Tile_1.asset
  artifactKey: Guid(b5cd2b68ddde22c42ad5ee4e2ddcb2f9) Importer(815301076,1909f56bfc062723c751e8b465ee728b)
Start importing Assets/Sand_Ground_Tile_1.asset using Guid(b5cd2b68ddde22c42ad5ee4e2ddcb2f9) Importer(815301076,1909f56bfc062723c751e8b465ee728b) (PreviewImporter) -> (artifact id: '7c6fd33b75328e3c23be5654ae3a411e') in 0.1485635 seconds
Number of updated asset objects reloaded before import = 0Number of asset objects unloaded after import = 2122

========================================================================
Received Import Request.
  Time since last request: 0.000027 seconds.
  path: Assets/Sand_Ground_Tile_7.asset
  artifactKey: Guid(3465dea035c37d34887d91612cb07a77) Importer(815301076,1909f56bfc062723c751e8b465ee728b)
Start importing Assets/Sand_Ground_Tile_7.asset using Guid(3465dea035c37d34887d91612cb07a77) Importer(815301076,1909f56bfc062723c751e8b465ee728b) (PreviewImporter) -> (artifact id: '04b0f1567323ac493dd3fcb69493f31e') in 0.1434811 seconds
Number of updated asset objects reloaded before import = 0Number of asset objects unloaded after import = 2122

========================================================================
Received Import Request.
  Time since last request: 0.000031 seconds.
  path: Assets/Sand_Ground_Tile_14.asset
  artifactKey: Guid(4cf8bfc6c6d9e3f4e9b4ab300733a059) Importer(815301076,1909f56bfc062723c751e8b465ee728b)
Start importing Assets/Sand_Ground_Tile_14.asset using Guid(4cf8bfc6c6d9e3f4e9b4ab300733a059) Importer(815301076,1909f56bfc062723c751e8b465ee728b) (PreviewImporter) -> (artifact id: '068884caaf686e4a36a4a8c64c8072f0') in 0.1377158 seconds
Number of updated asset objects reloaded before import = 0Number of asset objects unloaded after import = 2122

========================================================================
Received Import Request.
  Time since last request: 53.461090 seconds.
  path: Assets/Resources/Items_Level/Sand_Ground_Tile.png
  artifactKey: Guid(c9abcce603baa394e88f740b59eeeda1) Importer(815301076,1909f56bfc062723c751e8b465ee728b)
Start importing Assets/Resources/Items_Level/Sand_Ground_Tile.png using Guid(c9abcce603baa394e88f740b59eeeda1) Importer(815301076,1909f56bfc062723c751e8b465ee728b) (PreviewImporter) -> (artifact id: 'c81f2519eb9b93da9a8fff72b0c9b692') in 0.1853276 seconds
Number of updated asset objects reloaded before import = 0Number of asset objects unloaded after import = 2122

========================================================================
Received Import Request.
  Time since last request: 0.000034 seconds.
  path: Assets/Sand_Ground_Tile_12.asset
  artifactKey: Guid(f57b7012fbb4f3f489e930920965e71e) Importer(815301076,1909f56bfc062723c751e8b465ee728b)
Start importing Assets/Sand_Ground_Tile_12.asset using Guid(f57b7012fbb4f3f489e930920965e71e) Importer(815301076,1909f56bfc062723c751e8b465ee728b) (PreviewImporter) -> (artifact id: '67ec9da5671de89c5f2d2db2387d9b99') in 0.1511443 seconds
Number of updated asset objects reloaded before import = 0Number of asset objects unloaded after import = 2122

========================================================================
Received Import Request.
  Time since last request: 0.000058 seconds.
  path: Assets/Sand_Ground_Tile_13.asset
  artifactKey: Guid(f1fe9da1f8c349d41b6d2309be31149a) Importer(815301076,1909f56bfc062723c751e8b465ee728b)
Start importing Assets/Sand_Ground_Tile_13.asset using Guid(f1fe9da1f8c349d41b6d2309be31149a) Importer(815301076,1909f56bfc062723c751e8b465ee728b) (PreviewImporter) -> (artifact id: '29623bd77e6fb24d5faa86cdbfc34dd7') in 0.139525 seconds
Number of updated asset objects reloaded before import = 0Number of asset objects unloaded after import = 2122

========================================================================
Received Import Request.
  Time since last request: 0.000030 seconds.
  path: Assets/Sand_Ground_Tile_3.asset
  artifactKey: Guid(0d8b44e9ab9db9a419edfe7eb9ebefe5) Importer(815301076,1909f56bfc062723c751e8b465ee728b)
Start importing Assets/Sand_Ground_Tile_3.asset using Guid(0d8b44e9ab9db9a419edfe7eb9ebefe5) Importer(815301076,1909f56bfc062723c751e8b465ee728b) (PreviewImporter) -> (artifact id: '5d32d06a82321ebeeb62b173d24a3d28') in 0.1490746 seconds
Number of updated asset objects reloaded before import = 0Number of asset objects unloaded after import = 2122

========================================================================
Received Import Request.
  Time since last request: 0.000036 seconds.
  path: Assets/Sand_Ground_Tile_7.asset
  artifactKey: Guid(3465dea035c37d34887d91612cb07a77) Importer(815301076,1909f56bfc062723c751e8b465ee728b)
Start importing Assets/Sand_Ground_Tile_7.asset using Guid(3465dea035c37d34887d91612cb07a77) Importer(815301076,1909f56bfc062723c751e8b465ee728b) (PreviewImporter) -> (artifact id: '303d175d242697ef82eca5a709a9db27') in 0.1540236 seconds
Number of updated asset objects reloaded before import = 0Number of asset objects unloaded after import = 2122

Editor requested this worker to shutdown with reason: Scaling down because of idle timeout
AssetImportWorker is now disconnected from the server
Process exiting
Exiting without the bug reporter. Application will terminate with return code 0