Using pre-set license
Built from '6000.0/staging' branch; Version is '6000.0.40f1 (157d81624ddf) revision 1408385'; Using compiler version '193933523'; Build Type 'Release'
OS: 'Windows 10  (10.0.19045) 64bit Professional' Language: 'uk' Physical Memory: 16334 MB
BatchMode: 1, IsHumanControllingUs: 0, StartBugReporterOnCrash: 0, Is64bit: 1, IsPro: 1

COMMAND LINE ARGUMENTS:
D:\Unity\6000.0.40f1\Editor\Unity.exe
-adb2
-batchMode
-noUpm
-name
AssetImportWorker7
-projectPath
D:/GameDev/Brotato
-logFile
Logs/AssetImportWorker7.log
-srvPort
51282
-job-worker-count
5
-background-job-worker-count
8
-gc-helper-count
1
Successfully changed project path to: D:/GameDev/Brotato
D:/GameDev/Brotato
[UnityMemory] Configuration Parameters - Can be set up in boot.config
    "memorysetup-bucket-allocator-granularity=16"
    "memorysetup-bucket-allocator-bucket-count=8"
    "memorysetup-bucket-allocator-block-size=33554432"
    "memorysetup-bucket-allocator-block-count=8"
    "memorysetup-main-allocator-block-size=16777216"
    "memorysetup-thread-allocator-block-size=16777216"
    "memorysetup-gfx-main-allocator-block-size=16777216"
    "memorysetup-gfx-thread-allocator-block-size=16777216"
    "memorysetup-cache-allocator-block-size=4194304"
    "memorysetup-typetree-allocator-block-size=2097152"
    "memorysetup-profiler-bucket-allocator-granularity=16"
    "memorysetup-profiler-bucket-allocator-bucket-count=8"
    "memorysetup-profiler-bucket-allocator-block-size=33554432"
    "memorysetup-profiler-bucket-allocator-block-count=8"
    "memorysetup-profiler-allocator-block-size=16777216"
    "memorysetup-profiler-editor-allocator-block-size=1048576"
    "memorysetup-temp-allocator-size-main=16777216"
    "memorysetup-job-temp-allocator-block-size=2097152"
    "memorysetup-job-temp-allocator-block-size-background=1048576"
    "memorysetup-job-temp-allocator-reduction-small-platforms=262144"
    "memorysetup-allocator-temp-initial-block-size-main=262144"
    "memorysetup-allocator-temp-initial-block-size-worker=262144"
    "memorysetup-temp-allocator-size-background-worker=32768"
    "memorysetup-temp-allocator-size-job-worker=262144"
    "memorysetup-temp-allocator-size-preload-manager=33554432"
    "memorysetup-temp-allocator-size-nav-mesh-worker=65536"
    "memorysetup-temp-allocator-size-audio-worker=65536"
    "memorysetup-temp-allocator-size-cloud-worker=32768"
    "memorysetup-temp-allocator-size-gi-baking-worker=262144"
    "memorysetup-temp-allocator-size-gi-baking-worker=262144"
    "memorysetup-temp-allocator-size-gi-baking-worker=262144"
    "memorysetup-temp-allocator-size-gi-baking-worker=262144"
    "memorysetup-temp-allocator-size-gi-baking-worker=262144"
    "memorysetup-temp-allocator-size-gfx=262144"
Player connection [7680]  Target information:

Player connection [7680]  * "[IP] 192.168.0.28 [Port] 0 [Flags] 2 [Guid] 2261830549 [EditorId] 2261830549 [Version] 1048832 [Id] WindowsEditor(7,DESKTOP-4DD92S9) [Debug] 1 [PackageName] WindowsEditor [ProjectName] Editor" 

Player connection [7680] Host joined multi-casting on [225.0.0.222:54997]...
Player connection [7680] Host joined alternative multi-casting on [225.0.0.222:34997]...
JobSystem: Creating JobQueue using job-worker-count value 5
Input System module state changed to: Initialized.
[Physics::Module] Initialized fallback backend.
[Physics::Module] Id: 0xdecafbad
Library Redirect Path: Library/
[Physics::Module] Selected backend.
[Physics::Module] Name: PhysX
[Physics::Module] Id: 0xf2b8ea05
[Physics::Module] SDK Version: 4.1.2
[Physics::Module] Integration Version: 1.0.0
[Physics::Module] Threading Mode: Multi-Threaded
Refreshing native plugins compatible for Editor in 4.69 ms, found 4 plugins.
Preloading 0 native plugins for Editor in 0.00 ms.
Initialize engine version: 6000.0.40f1 (157d81624ddf)
[Subsystems] Discovering subsystems at path D:/Unity/6000.0.40f1/Editor/Data/Resources/UnitySubsystems
[Subsystems] Discovering subsystems at path D:/GameDev/Brotato/Assets
GfxDevice: creating device client; kGfxThreadingModeNonThreaded
Direct3D:
    Version:  Direct3D 11.0 [level 11.1]
    Renderer: Radeon RX 590 Series (ID=0x67df)
    Vendor:   ATI
    VRAM:     8170 MB
    Driver:   31.0.21923.1000
Shader Hidden/ProbeVolume/VoxelizeScene is not supported: GPU does not support conservative rasterization
Initialize mono
Mono path[0] = 'D:/Unity/6000.0.40f1/Editor/Data/Managed'
Mono path[1] = 'D:/Unity/6000.0.40f1/Editor/Data/MonoBleedingEdge/lib/mono/unityjit-win32'
Mono config path = 'D:/Unity/6000.0.40f1/Editor/Data/MonoBleedingEdge/etc'
Using monoOptions --debugger-agent=transport=dt_socket,embedding=1,server=y,suspend=n,address=127.0.0.1:56752
Begin MonoManager ReloadAssembly
Registering precompiled unity dll's ...
Register platform support module: D:/Unity/6000.0.40f1/Editor/Data/PlaybackEngines/WebGLSupport/UnityEditor.WebGL.Extensions.dll
Register platform support module: D:/Unity/6000.0.40f1/Editor/Data/PlaybackEngines/WindowsStandaloneSupport/UnityEditor.WindowsStandalone.Extensions.dll
Register platform support module: D:/Unity/6000.0.40f1/Editor/Data/PlaybackEngines/AndroidPlayer/UnityEditor.Android.Extensions.dll
Registered in 0.006586 seconds.
- Loaded All Assemblies, in  0.602 seconds
Native extension for Android target not found
Android Extension - Scanning For ADB Devices 297 ms
Native extension for WindowsStandalone target not found
Native extension for WebGL target not found
Mono: successfully reloaded assembly
- Finished resetting the current domain, in  0.800 seconds
Domain Reload Profiling: 1401ms
	BeginReloadAssembly (175ms)
		ExecutionOrderSort (0ms)
		DisableScriptedObjects (0ms)
		BackupInstance (0ms)
		ReleaseScriptingObjects (0ms)
		CreateAndSetChildDomain (1ms)
	RebuildCommonClasses (71ms)
	RebuildNativeTypeToScriptingClass (21ms)
	initialDomainReloadingComplete (72ms)
	LoadAllAssembliesAndSetupDomain (262ms)
		LoadAssemblies (176ms)
		RebuildTransferFunctionScriptingTraits (0ms)
		AnalyzeDomain (254ms)
			TypeCache.Refresh (252ms)
				TypeCache.ScanAssembly (235ms)
			BuildScriptInfoCaches (0ms)
			ResolveRequiredComponents (1ms)
	FinalizeReload (800ms)
		ReleaseScriptCaches (0ms)
		RebuildScriptCaches (0ms)
		SetupLoadedEditorAssemblies (739ms)
			LogAssemblyErrors (0ms)
			InitializePlatformSupportModulesInManaged (440ms)
			SetLoadedEditorAssemblies (6ms)
			BeforeProcessingInitializeOnLoad (71ms)
			ProcessInitializeOnLoadAttributes (148ms)
			ProcessInitializeOnLoadMethodAttributes (74ms)
			AfterProcessingInitializeOnLoad (0ms)
			EditorAssembliesLoaded (0ms)
		ExecutionOrderSort2 (0ms)
		AwakeInstancesAfterBackupRestoration (0ms)
========================================================================
Worker process is ready to serve import requests
Import Worker Mode flag is 0x00
Begin MonoManager ReloadAssembly
Duplicate assembly 'log4net.dll' with different versions detected, using 'Packages/com.unity.package-validation-suite/Lib/Editor/log4net.dll, AssemblyName=log4net, Version=2.0.8.0, Culture=neutral, PublicKeyToken=669e0ddf0bb1aa2a' and ignoring 'Packages/com.unity.collab-proxy/Lib/Editor/log4netPlastic.dll, AssemblyName=log4net, Version=1.2.15.0, Culture=neutral, PublicKeyToken=669e0ddf0bb1aa2a'.- Loaded All Assemblies, in  1.120 seconds
Refreshing native plugins compatible for Editor in 2.46 ms, found 4 plugins.
Native extension for Android target not found
Native extension for WindowsStandalone target not found
Native extension for WebGL target not found
Mono: successfully reloaded assembly
- Finished resetting the current domain, in  1.173 seconds
Domain Reload Profiling: 2291ms
	BeginReloadAssembly (227ms)
		ExecutionOrderSort (0ms)
		DisableScriptedObjects (9ms)
		BackupInstance (0ms)
		ReleaseScriptingObjects (0ms)
		CreateAndSetChildDomain (37ms)
	RebuildCommonClasses (57ms)
	RebuildNativeTypeToScriptingClass (21ms)
	initialDomainReloadingComplete (57ms)
	LoadAllAssembliesAndSetupDomain (756ms)
		LoadAssemblies (498ms)
		RebuildTransferFunctionScriptingTraits (0ms)
		AnalyzeDomain (395ms)
			TypeCache.Refresh (291ms)
				TypeCache.ScanAssembly (270ms)
			BuildScriptInfoCaches (81ms)
			ResolveRequiredComponents (19ms)
	FinalizeReload (1174ms)
		ReleaseScriptCaches (0ms)
		RebuildScriptCaches (0ms)
		SetupLoadedEditorAssemblies (964ms)
			LogAssemblyErrors (0ms)
			InitializePlatformSupportModulesInManaged (16ms)
			SetLoadedEditorAssemblies (4ms)
			BeforeProcessingInitializeOnLoad (163ms)
			ProcessInitializeOnLoadAttributes (613ms)
			ProcessInitializeOnLoadMethodAttributes (165ms)
			AfterProcessingInitializeOnLoad (3ms)
			EditorAssembliesLoaded (0ms)
		ExecutionOrderSort2 (0ms)
		AwakeInstancesAfterBackupRestoration (8ms)
Shader Hidden/ProbeVolume/VoxelizeScene is not supported: GPU does not support conservative rasterization
Launched and connected shader compiler UnityShaderCompiler.exe after 0.01 seconds
Refreshing native plugins compatible for Editor in 2.57 ms, found 4 plugins.
Preloading 0 native plugins for Editor in 0.00 ms.
Unloading 225 Unused Serialized files (Serialized files now loaded: 0)
Unloading 7173 unused Assets / (6.5 MB). Loaded Objects now: 7884.
Memory consumption went from 199.4 MB to 192.9 MB.
Total: 13.606600 ms (FindLiveObjects: 0.994200 ms CreateObjectMapping: 0.448700 ms MarkObjects: 7.503000 ms  DeleteObjects: 4.659000 ms)

========================================================================
Received Import Request.
  Time since last request: 7062.533486 seconds.
  path: Assets/Resources/Items_Level/roguelikeSheet_transparent_0.asset
  artifactKey: Guid(e2bf854dab20d5e41bd8e4ca3a5cc31b) Importer(815301076,1909f56bfc062723c751e8b465ee728b)
Start importing Assets/Resources/Items_Level/roguelikeSheet_transparent_0.asset using Guid(e2bf854dab20d5e41bd8e4ca3a5cc31b) Importer(815301076,1909f56bfc062723c751e8b465ee728b) (PreviewImporter) -> (artifact id: 'f645015a6bd9a51940757561cf26852b') in 0.1308978 seconds
Number of updated asset objects reloaded before import = 0Number of asset objects unloaded after import = 3

========================================================================
Received Import Request.
  Time since last request: 0.000039 seconds.
  path: Assets/Resources/Items_Level/roguelikeSheet_transparent_5.asset
  artifactKey: Guid(31145238cf0f66847a0fe17ef9d6d471) Importer(815301076,1909f56bfc062723c751e8b465ee728b)
Start importing Assets/Resources/Items_Level/roguelikeSheet_transparent_5.asset using Guid(31145238cf0f66847a0fe17ef9d6d471) Importer(815301076,1909f56bfc062723c751e8b465ee728b) (PreviewImporter) -> (artifact id: 'a230116b12f90945e92a2000389f91b5') in 0.017246 seconds
Number of updated asset objects reloaded before import = 0Number of asset objects unloaded after import = 3

========================================================================
Received Import Request.
  Time since last request: 0.000030 seconds.
  path: Assets/Resources/Items_Level/roguelikeSheet_transparent_35.asset
  artifactKey: Guid(5f8243ad21154c241a377f0f28fde002) Importer(815301076,1909f56bfc062723c751e8b465ee728b)
Start importing Assets/Resources/Items_Level/roguelikeSheet_transparent_35.asset using Guid(5f8243ad21154c241a377f0f28fde002) Importer(815301076,1909f56bfc062723c751e8b465ee728b) (PreviewImporter) -> (artifact id: '2a46e6bf5c2d10440d2c89ce8f0848b3') in 0.009469 seconds
Number of updated asset objects reloaded before import = 0Number of asset objects unloaded after import = 3

========================================================================
Received Import Request.
  Time since last request: 0.000017 seconds.
  path: Assets/Resources/Items_Level/roguelikeSheet_transparent_9.asset
  artifactKey: Guid(ad442ade99846dc41b3462813a618ba4) Importer(815301076,1909f56bfc062723c751e8b465ee728b)
Start importing Assets/Resources/Items_Level/roguelikeSheet_transparent_9.asset using Guid(ad442ade99846dc41b3462813a618ba4) Importer(815301076,1909f56bfc062723c751e8b465ee728b) (PreviewImporter) -> (artifact id: 'cb93d8eb323dc1bf16f63eef18ec18b2') in 0.0176297 seconds
Number of updated asset objects reloaded before import = 0Number of asset objects unloaded after import = 3

========================================================================
Received Import Request.
  Time since last request: 0.000023 seconds.
  path: Assets/Resources/Items_Level/roguelikeSheet_transparent_4.asset
  artifactKey: Guid(5b127681838e5ea438c47612b3d3cd97) Importer(815301076,1909f56bfc062723c751e8b465ee728b)
Start importing Assets/Resources/Items_Level/roguelikeSheet_transparent_4.asset using Guid(5b127681838e5ea438c47612b3d3cd97) Importer(815301076,1909f56bfc062723c751e8b465ee728b) (PreviewImporter) -> (artifact id: '33e428acfec849c0e4421a474e75880d') in 0.017134 seconds
Number of updated asset objects reloaded before import = 0Number of asset objects unloaded after import = 3

========================================================================
Received Import Request.
  Time since last request: 0.000029 seconds.
  path: Assets/Resources/Items_Level/roguelikeSheet_transparent_28.asset
  artifactKey: Guid(0fef42e2783842940829f126790ee2dc) Importer(815301076,1909f56bfc062723c751e8b465ee728b)
Start importing Assets/Resources/Items_Level/roguelikeSheet_transparent_28.asset using Guid(0fef42e2783842940829f126790ee2dc) Importer(815301076,1909f56bfc062723c751e8b465ee728b) (PreviewImporter) -> (artifact id: 'fcf4a484765a517e007a26f9c37c5bfa') in 0.0174011 seconds
Number of updated asset objects reloaded before import = 0Number of asset objects unloaded after import = 3

========================================================================
Received Import Request.
  Time since last request: 0.000023 seconds.
  path: Assets/Resources/Items_Level/roguelikeSheet_transparent_18.asset
  artifactKey: Guid(79e8ac9e3166c57429b3736332754715) Importer(815301076,1909f56bfc062723c751e8b465ee728b)
Start importing Assets/Resources/Items_Level/roguelikeSheet_transparent_18.asset using Guid(79e8ac9e3166c57429b3736332754715) Importer(815301076,1909f56bfc062723c751e8b465ee728b) (PreviewImporter) -> (artifact id: '8f32386c28a341a36cf0a9b258a529ca') in 0.0095481 seconds
Number of updated asset objects reloaded before import = 0Number of asset objects unloaded after import = 3

========================================================================
Received Import Request.
  Time since last request: 0.000030 seconds.
  path: Assets/Resources/Items_Level/roguelikeSheet_transparent_32.asset
  artifactKey: Guid(bf5f2236711541548a2bee0197aee940) Importer(815301076,1909f56bfc062723c751e8b465ee728b)
Start importing Assets/Resources/Items_Level/roguelikeSheet_transparent_32.asset using Guid(bf5f2236711541548a2bee0197aee940) Importer(815301076,1909f56bfc062723c751e8b465ee728b) (PreviewImporter) -> (artifact id: '7e8f22e940a9fd90d3d773ef8a760485') in 0.0165713 seconds
Number of updated asset objects reloaded before import = 0Number of asset objects unloaded after import = 3

========================================================================
Received Import Request.
  Time since last request: 0.000019 seconds.
  path: Assets/Resources/Items_Level/roguelikeSheet_transparent_1.asset
  artifactKey: Guid(c919ffbc531eefa418cbdee3a9333125) Importer(815301076,1909f56bfc062723c751e8b465ee728b)
Start importing Assets/Resources/Items_Level/roguelikeSheet_transparent_1.asset using Guid(c919ffbc531eefa418cbdee3a9333125) Importer(815301076,1909f56bfc062723c751e8b465ee728b) (PreviewImporter) -> (artifact id: 'c9e17872d2bea485e4aa124ee7b82e66') in 0.0089446 seconds
Number of updated asset objects reloaded before import = 0Number of asset objects unloaded after import = 3

========================================================================
Received Import Request.
  Time since last request: 0.000019 seconds.
  path: Assets/Resources/Items_Level/roguelikeSheet_transparent_16.asset
  artifactKey: Guid(95c1e39346db4b34c9ecaf579d43625b) Importer(815301076,1909f56bfc062723c751e8b465ee728b)
Start importing Assets/Resources/Items_Level/roguelikeSheet_transparent_16.asset using Guid(95c1e39346db4b34c9ecaf579d43625b) Importer(815301076,1909f56bfc062723c751e8b465ee728b) (PreviewImporter) -> (artifact id: '093b164647dbedb1139ba6a1bed524c9') in 0.0196978 seconds
Number of updated asset objects reloaded before import = 0Number of asset objects unloaded after import = 3

========================================================================
Received Import Request.
  Time since last request: 0.000022 seconds.
  path: Assets/Resources/Items_Level/roguelikeSheet_transparent_21.asset
  artifactKey: Guid(6f91c076f27e44c44bf412c6a2d44473) Importer(815301076,1909f56bfc062723c751e8b465ee728b)
Start importing Assets/Resources/Items_Level/roguelikeSheet_transparent_21.asset using Guid(6f91c076f27e44c44bf412c6a2d44473) Importer(815301076,1909f56bfc062723c751e8b465ee728b) (PreviewImporter) -> (artifact id: 'f262a36bf00837ab353efb0f3c53aec5') in 0.0103252 seconds
Number of updated asset objects reloaded before import = 0Number of asset objects unloaded after import = 3

========================================================================
Received Import Request.
  Time since last request: 0.000025 seconds.
  path: Assets/Resources/Items_Level/roguelikeSheet_transparent_27.asset
  artifactKey: Guid(79af7f6117e19bc4dae5ac5707088359) Importer(815301076,1909f56bfc062723c751e8b465ee728b)
Start importing Assets/Resources/Items_Level/roguelikeSheet_transparent_27.asset using Guid(79af7f6117e19bc4dae5ac5707088359) Importer(815301076,1909f56bfc062723c751e8b465ee728b) (PreviewImporter) -> (artifact id: '4855c2cfd277a17408da3bad79f1d6e8') in 0.0175395 seconds
Number of updated asset objects reloaded before import = 0Number of asset objects unloaded after import = 3

========================================================================
Received Import Request.
  Time since last request: 0.000035 seconds.
  path: Assets/Resources/Items_Level/roguelikeSheet_transparent_33.asset
  artifactKey: Guid(87bca8032ed7919489b676701106a84f) Importer(815301076,1909f56bfc062723c751e8b465ee728b)
Start importing Assets/Resources/Items_Level/roguelikeSheet_transparent_33.asset using Guid(87bca8032ed7919489b676701106a84f) Importer(815301076,1909f56bfc062723c751e8b465ee728b) (PreviewImporter) -> (artifact id: '37a2612e0124480e204b6ac7bfa57c0d') in 0.008726 seconds
Number of updated asset objects reloaded before import = 0Number of asset objects unloaded after import = 3

========================================================================
Received Import Request.
  Time since last request: 0.000020 seconds.
  path: Assets/Resources/Items_Level/roguelikeSheet_transparent_30.asset
  artifactKey: Guid(0e94a4077bba5cf47885d1101c53ccd0) Importer(815301076,1909f56bfc062723c751e8b465ee728b)
Start importing Assets/Resources/Items_Level/roguelikeSheet_transparent_30.asset using Guid(0e94a4077bba5cf47885d1101c53ccd0) Importer(815301076,1909f56bfc062723c751e8b465ee728b) (PreviewImporter) -> (artifact id: '4874bdb2a3f11799ab7fc08756b8f17e') in 0.0187838 seconds
Number of updated asset objects reloaded before import = 0Number of asset objects unloaded after import = 3

========================================================================
Received Import Request.
  Time since last request: 0.000022 seconds.
  path: Assets/Resources/Items_Level/roguelikeSheet_transparent_11.asset
  artifactKey: Guid(9f59847e125e8984ca92c0d69f87cc57) Importer(815301076,1909f56bfc062723c751e8b465ee728b)
Start importing Assets/Resources/Items_Level/roguelikeSheet_transparent_11.asset using Guid(9f59847e125e8984ca92c0d69f87cc57) Importer(815301076,1909f56bfc062723c751e8b465ee728b) (PreviewImporter) -> (artifact id: 'e185ba00122b704f4dc081e6ce18dd8f') in 0.02102 seconds
Number of updated asset objects reloaded before import = 0Number of asset objects unloaded after import = 3

========================================================================
Received Import Request.
  Time since last request: 0.000023 seconds.
  path: Assets/Resources/Items_Level/roguelikeSheet_transparent_26.asset
  artifactKey: Guid(2c8309d750e037146827b37d0452b1e0) Importer(815301076,1909f56bfc062723c751e8b465ee728b)
Start importing Assets/Resources/Items_Level/roguelikeSheet_transparent_26.asset using Guid(2c8309d750e037146827b37d0452b1e0) Importer(815301076,1909f56bfc062723c751e8b465ee728b) (PreviewImporter) -> (artifact id: '86cfc29d5dd4c7daed87fa4717ce9c84') in 0.0103991 seconds
Number of updated asset objects reloaded before import = 0Number of asset objects unloaded after import = 3

========================================================================
Received Import Request.
  Time since last request: 0.000022 seconds.
  path: Assets/Resources/Items_Level/roguelikeSheet_transparent_29.asset
  artifactKey: Guid(ca809d42f7905414584c97ee0d8b8a1b) Importer(815301076,1909f56bfc062723c751e8b465ee728b)
Start importing Assets/Resources/Items_Level/roguelikeSheet_transparent_29.asset using Guid(ca809d42f7905414584c97ee0d8b8a1b) Importer(815301076,1909f56bfc062723c751e8b465ee728b) (PreviewImporter) -> (artifact id: '4977f4df283ddfdd23ead94b1d4f3ee7') in 0.0079786 seconds
Number of updated asset objects reloaded before import = 0Number of asset objects unloaded after import = 3

========================================================================
Received Import Request.
  Time since last request: 0.000044 seconds.
  path: Assets/Resources/Items_Level/roguelikeSheet_transparent_25.asset
  artifactKey: Guid(ea470f858cac1dd48b5f81bf9b8b35a5) Importer(815301076,1909f56bfc062723c751e8b465ee728b)
Start importing Assets/Resources/Items_Level/roguelikeSheet_transparent_25.asset using Guid(ea470f858cac1dd48b5f81bf9b8b35a5) Importer(815301076,1909f56bfc062723c751e8b465ee728b) (PreviewImporter) -> (artifact id: 'a4bc0c170b78ee6fa2b79690966b3dc0') in 0.009104 seconds
Number of updated asset objects reloaded before import = 0Number of asset objects unloaded after import = 3

========================================================================
Received Import Request.
  Time since last request: 0.000026 seconds.
  path: Assets/Resources/Items_Level/roguelikeSheet_transparent_6.asset
  artifactKey: Guid(af3dd09ff5fd27e4a8b8223ef17a7280) Importer(815301076,1909f56bfc062723c751e8b465ee728b)
Start importing Assets/Resources/Items_Level/roguelikeSheet_transparent_6.asset using Guid(af3dd09ff5fd27e4a8b8223ef17a7280) Importer(815301076,1909f56bfc062723c751e8b465ee728b) (PreviewImporter) -> (artifact id: 'ebf6612af0af2caf09a090ea54d67f66') in 0.0149048 seconds
Number of updated asset objects reloaded before import = 0Number of asset objects unloaded after import = 3

========================================================================
Received Import Request.
  Time since last request: 0.000019 seconds.
  path: Assets/Resources/Items_Level/roguelikeSheet_transparent_23.asset
  artifactKey: Guid(1fa602ede139db14dbfb061faea31786) Importer(815301076,1909f56bfc062723c751e8b465ee728b)
Start importing Assets/Resources/Items_Level/roguelikeSheet_transparent_23.asset using Guid(1fa602ede139db14dbfb061faea31786) Importer(815301076,1909f56bfc062723c751e8b465ee728b) (PreviewImporter) -> (artifact id: '95372db6d1b8eec7bd7e36ef9226eaf3') in 0.0160061 seconds
Number of updated asset objects reloaded before import = 0Number of asset objects unloaded after import = 3

========================================================================
Received Import Request.
  Time since last request: 0.000023 seconds.
  path: Assets/Resources/Items_Level/roguelikeSheet_transparent_20.asset
  artifactKey: Guid(ce76480d5ab1a8e47bd907b64ddb8662) Importer(815301076,1909f56bfc062723c751e8b465ee728b)
Start importing Assets/Resources/Items_Level/roguelikeSheet_transparent_20.asset using Guid(ce76480d5ab1a8e47bd907b64ddb8662) Importer(815301076,1909f56bfc062723c751e8b465ee728b) (PreviewImporter) -> (artifact id: 'e815f2ea63c7983168102fa6912abae9') in 0.0166306 seconds
Number of updated asset objects reloaded before import = 0Number of asset objects unloaded after import = 3

========================================================================
Received Import Request.
  Time since last request: 0.000031 seconds.
  path: Assets/Resources/Items_Level/roguelikeSheet_transparent_10.asset
  artifactKey: Guid(3a2ca5745ce234c4e971eb0be8d3a65e) Importer(815301076,1909f56bfc062723c751e8b465ee728b)
Start importing Assets/Resources/Items_Level/roguelikeSheet_transparent_10.asset using Guid(3a2ca5745ce234c4e971eb0be8d3a65e) Importer(815301076,1909f56bfc062723c751e8b465ee728b) (PreviewImporter) -> (artifact id: '2ffdad44ded73138383202ac9ff4d4d5') in 0.0086813 seconds
Number of updated asset objects reloaded before import = 0Number of asset objects unloaded after import = 3

========================================================================
Received Import Request.
  Time since last request: 0.000030 seconds.
  path: Assets/Resources/Items_Level/roguelikeSheet_transparent_8.asset
  artifactKey: Guid(7c8b4a65813edfd46841c33aefb7bad0) Importer(815301076,1909f56bfc062723c751e8b465ee728b)
Start importing Assets/Resources/Items_Level/roguelikeSheet_transparent_8.asset using Guid(7c8b4a65813edfd46841c33aefb7bad0) Importer(815301076,1909f56bfc062723c751e8b465ee728b) (PreviewImporter) -> (artifact id: '0d74aeb8b08db92591d666b9511ac9b0') in 0.0162521 seconds
Number of updated asset objects reloaded before import = 0Number of asset objects unloaded after import = 3

========================================================================
Received Import Request.
  Time since last request: 0.000047 seconds.
  path: Assets/Resources/Items_Level/roguelikeSheet_transparent_14.asset
  artifactKey: Guid(274209fd7afe8874c8d730a03ce0404d) Importer(815301076,1909f56bfc062723c751e8b465ee728b)
Start importing Assets/Resources/Items_Level/roguelikeSheet_transparent_14.asset using Guid(274209fd7afe8874c8d730a03ce0404d) Importer(815301076,1909f56bfc062723c751e8b465ee728b) (PreviewImporter) -> (artifact id: '5602c291edf34d0188d171d5c7759c0d') in 0.0176629 seconds
Number of updated asset objects reloaded before import = 0Number of asset objects unloaded after import = 3

========================================================================
Received Import Request.
  Time since last request: 0.000036 seconds.
  path: Assets/Resources/Items_Level/roguelikeSheet_transparent_3.asset
  artifactKey: Guid(6939df69f21065d42a2a6d78253093d9) Importer(815301076,1909f56bfc062723c751e8b465ee728b)
Start importing Assets/Resources/Items_Level/roguelikeSheet_transparent_3.asset using Guid(6939df69f21065d42a2a6d78253093d9) Importer(815301076,1909f56bfc062723c751e8b465ee728b) (PreviewImporter) -> (artifact id: 'bf45ba0d69b26fa90b5798030f11beff') in 0.0159274 seconds
Number of updated asset objects reloaded before import = 0Number of asset objects unloaded after import = 3

========================================================================
Received Import Request.
  Time since last request: 0.000020 seconds.
  path: Assets/Resources/Items_Level/roguelikeSheet_transparent_22.asset
  artifactKey: Guid(bf33f7ab36119374690104313801e9c7) Importer(815301076,1909f56bfc062723c751e8b465ee728b)
Start importing Assets/Resources/Items_Level/roguelikeSheet_transparent_22.asset using Guid(bf33f7ab36119374690104313801e9c7) Importer(815301076,1909f56bfc062723c751e8b465ee728b) (PreviewImporter) -> (artifact id: '287cd2c92d0d0e6d9b5fdc5ed1b0f03b') in 0.0085339 seconds
Number of updated asset objects reloaded before import = 0Number of asset objects unloaded after import = 3

========================================================================
Received Import Request.
  Time since last request: 0.000026 seconds.
  path: Assets/Resources/Items_Level/roguelikeSheet_transparent_2.asset
  artifactKey: Guid(9c432559bbfe208499afe850faf25479) Importer(815301076,1909f56bfc062723c751e8b465ee728b)
Start importing Assets/Resources/Items_Level/roguelikeSheet_transparent_2.asset using Guid(9c432559bbfe208499afe850faf25479) Importer(815301076,1909f56bfc062723c751e8b465ee728b) (PreviewImporter) -> (artifact id: 'f9ad03cee46029ac88616f82710df2c5') in 0.0164512 seconds
Number of updated asset objects reloaded before import = 0Number of asset objects unloaded after import = 3

========================================================================
Received Import Request.
  Time since last request: 0.000036 seconds.
  path: Assets/Resources/Items_Level/roguelikeSheet_transparent_7.asset
  artifactKey: Guid(f69687a18c4608a43a6016d1b1a67193) Importer(815301076,1909f56bfc062723c751e8b465ee728b)
Start importing Assets/Resources/Items_Level/roguelikeSheet_transparent_7.asset using Guid(f69687a18c4608a43a6016d1b1a67193) Importer(815301076,1909f56bfc062723c751e8b465ee728b) (PreviewImporter) -> (artifact id: '36f26c264d384bd8050a67807bb7cf40') in 0.0084262 seconds
Number of updated asset objects reloaded before import = 0Number of asset objects unloaded after import = 3

========================================================================
Received Import Request.
  Time since last request: 0.000019 seconds.
  path: Assets/Resources/Items_Level/roguelikeSheet_transparent_34.asset
  artifactKey: Guid(52fc139019e893b4f880a1cedb1e3619) Importer(815301076,1909f56bfc062723c751e8b465ee728b)
Start importing Assets/Resources/Items_Level/roguelikeSheet_transparent_34.asset using Guid(52fc139019e893b4f880a1cedb1e3619) Importer(815301076,1909f56bfc062723c751e8b465ee728b) (PreviewImporter) -> (artifact id: '2a070e3ea2c85042910bed0a969a22df') in 0.0086305 seconds
Number of updated asset objects reloaded before import = 0Number of asset objects unloaded after import = 3

========================================================================
Received Import Request.
  Time since last request: 0.000022 seconds.
  path: Assets/Resources/Items_Level/roguelikeSheet_transparent_24.asset
  artifactKey: Guid(136c3b49ffd78134aa2762b69274ca9b) Importer(815301076,1909f56bfc062723c751e8b465ee728b)
Start importing Assets/Resources/Items_Level/roguelikeSheet_transparent_24.asset using Guid(136c3b49ffd78134aa2762b69274ca9b) Importer(815301076,1909f56bfc062723c751e8b465ee728b) (PreviewImporter) -> (artifact id: '7b2cfcfe87f9a2965360200dfaa36e74') in 0.0094288 seconds
Number of updated asset objects reloaded before import = 0Number of asset objects unloaded after import = 3

========================================================================
Received Import Request.
  Time since last request: 0.000020 seconds.
  path: Assets/Resources/Items_Level/roguelikeSheet_transparent_12.asset
  artifactKey: Guid(fd16bda73cbba48498dd2ca900862fdf) Importer(815301076,1909f56bfc062723c751e8b465ee728b)
Start importing Assets/Resources/Items_Level/roguelikeSheet_transparent_12.asset using Guid(fd16bda73cbba48498dd2ca900862fdf) Importer(815301076,1909f56bfc062723c751e8b465ee728b) (PreviewImporter) -> (artifact id: 'f80d60058f53957294e9bec5bf83b5f0') in 0.0181019 seconds
Number of updated asset objects reloaded before import = 0Number of asset objects unloaded after import = 3

========================================================================
Received Import Request.
  Time since last request: 0.000030 seconds.
  path: Assets/Resources/Items_Level/roguelikeSheet_transparent_15.asset
  artifactKey: Guid(86b5f8dd3bb96ab4085e1f68418792c2) Importer(815301076,1909f56bfc062723c751e8b465ee728b)
Start importing Assets/Resources/Items_Level/roguelikeSheet_transparent_15.asset using Guid(86b5f8dd3bb96ab4085e1f68418792c2) Importer(815301076,1909f56bfc062723c751e8b465ee728b) (PreviewImporter) -> (artifact id: 'ff8c16c757ec9da4353af5c3b9ef463f') in 0.0088353 seconds
Number of updated asset objects reloaded before import = 0Number of asset objects unloaded after import = 3

========================================================================
Received Import Request.
  Time since last request: 0.000041 seconds.
  path: Assets/Resources/Items_Level/roguelikeSheet_transparent_17.asset
  artifactKey: Guid(d846ede6f7282894086cbd3a1252ccae) Importer(815301076,1909f56bfc062723c751e8b465ee728b)
Start importing Assets/Resources/Items_Level/roguelikeSheet_transparent_17.asset using Guid(d846ede6f7282894086cbd3a1252ccae) Importer(815301076,1909f56bfc062723c751e8b465ee728b) (PreviewImporter) -> (artifact id: '98291d4e77d6ad7a159eb9022cba4939') in 0.0090652 seconds
Number of updated asset objects reloaded before import = 0Number of asset objects unloaded after import = 3

========================================================================
Received Import Request.
  Time since last request: 0.000020 seconds.
  path: Assets/Resources/Items_Level/roguelikeSheet_transparent_13.asset
  artifactKey: Guid(31a9da9e3a61f884e9e5b45acc9855ca) Importer(815301076,1909f56bfc062723c751e8b465ee728b)
Start importing Assets/Resources/Items_Level/roguelikeSheet_transparent_13.asset using Guid(31a9da9e3a61f884e9e5b45acc9855ca) Importer(815301076,1909f56bfc062723c751e8b465ee728b) (PreviewImporter) -> (artifact id: '8c884859ed8ce83096bf70a4bbcda484') in 0.0091497 seconds
Number of updated asset objects reloaded before import = 0Number of asset objects unloaded after import = 3

========================================================================
Received Import Request.
  Time since last request: 0.000025 seconds.
  path: Assets/Resources/Items_Level/roguelikeSheet_transparent_19.asset
  artifactKey: Guid(b8a538ae039591447b1f9fc310c08725) Importer(815301076,1909f56bfc062723c751e8b465ee728b)
Start importing Assets/Resources/Items_Level/roguelikeSheet_transparent_19.asset using Guid(b8a538ae039591447b1f9fc310c08725) Importer(815301076,1909f56bfc062723c751e8b465ee728b) (PreviewImporter) -> (artifact id: '9806b4eadd6ae18a8dc33c69ec63eb7d') in 0.0186244 seconds
Number of updated asset objects reloaded before import = 0Number of asset objects unloaded after import = 3

========================================================================
Received Import Request.
  Time since last request: 0.000020 seconds.
  path: Assets/Resources/Items_Level/roguelikeSheet_transparent_31.asset
  artifactKey: Guid(270b4303c8ea02546ba4fe1e775b62b3) Importer(815301076,1909f56bfc062723c751e8b465ee728b)
Start importing Assets/Resources/Items_Level/roguelikeSheet_transparent_31.asset using Guid(270b4303c8ea02546ba4fe1e775b62b3) Importer(815301076,1909f56bfc062723c751e8b465ee728b) (PreviewImporter) -> (artifact id: '2249f902e9d168a4a643168930d7b9b9') in 0.0163725 seconds
Number of updated asset objects reloaded before import = 0Number of asset objects unloaded after import = 3

========================================================================
Received Import Request.
  Time since last request: 1.724541 seconds.
  path: Assets/Resources/Items_Level/roguelikeSheet_transparent_37.asset
  artifactKey: Guid(a8627736aca01814581b0d90993ce4e7) Importer(815301076,1909f56bfc062723c751e8b465ee728b)
Start importing Assets/Resources/Items_Level/roguelikeSheet_transparent_37.asset using Guid(a8627736aca01814581b0d90993ce4e7) Importer(815301076,1909f56bfc062723c751e8b465ee728b) (PreviewImporter) -> (artifact id: 'f83c023773d4032539d3784da8f1cb87') in 0.0153386 seconds
Number of updated asset objects reloaded before import = 0Number of asset objects unloaded after import = 3

========================================================================
Received Import Request.
  Time since last request: 0.000018 seconds.
  path: Assets/Resources/Items_Level/roguelikeSheet_transparent_43.asset
  artifactKey: Guid(92eed651f1e34f144a93c682fe6d5445) Importer(815301076,1909f56bfc062723c751e8b465ee728b)
Start importing Assets/Resources/Items_Level/roguelikeSheet_transparent_43.asset using Guid(92eed651f1e34f144a93c682fe6d5445) Importer(815301076,1909f56bfc062723c751e8b465ee728b) (PreviewImporter) -> (artifact id: '0128424132564611b5f88597bb9ef74d') in 0.0091957 seconds
Number of updated asset objects reloaded before import = 0Number of asset objects unloaded after import = 3

========================================================================
Received Import Request.
  Time since last request: 0.000019 seconds.
  path: Assets/Resources/Items_Level/roguelikeSheet_transparent_38.asset
  artifactKey: Guid(9dd1345f0e64ce744ac747f4c53d1002) Importer(815301076,1909f56bfc062723c751e8b465ee728b)
Start importing Assets/Resources/Items_Level/roguelikeSheet_transparent_38.asset using Guid(9dd1345f0e64ce744ac747f4c53d1002) Importer(815301076,1909f56bfc062723c751e8b465ee728b) (PreviewImporter) -> (artifact id: '5712399d376167dba43f881ae54016fe') in 0.0102492 seconds
Number of updated asset objects reloaded before import = 0Number of asset objects unloaded after import = 3

========================================================================
Received Import Request.
  Time since last request: 0.000023 seconds.
  path: Assets/Resources/Items_Level/roguelikeSheet_transparent_39.asset
  artifactKey: Guid(15ed5eb1d16e38f448b9d05dcdf3db0f) Importer(815301076,1909f56bfc062723c751e8b465ee728b)
Start importing Assets/Resources/Items_Level/roguelikeSheet_transparent_39.asset using Guid(15ed5eb1d16e38f448b9d05dcdf3db0f) Importer(815301076,1909f56bfc062723c751e8b465ee728b) (PreviewImporter) -> (artifact id: '4262b991cebaf707dc807f6aa3322218') in 0.0198197 seconds
Number of updated asset objects reloaded before import = 0Number of asset objects unloaded after import = 3

========================================================================
Received Import Request.
  Time since last request: 0.000040 seconds.
  path: Assets/Resources/Items_Level/roguelikeSheet_transparent_47.asset
  artifactKey: Guid(00462c7b207dc1447acc49683e364ef9) Importer(815301076,1909f56bfc062723c751e8b465ee728b)
Start importing Assets/Resources/Items_Level/roguelikeSheet_transparent_47.asset using Guid(00462c7b207dc1447acc49683e364ef9) Importer(815301076,1909f56bfc062723c751e8b465ee728b) (PreviewImporter) -> (artifact id: 'dc3007b884c2979af06c7cc3e1a6a3da') in 0.0199197 seconds
Number of updated asset objects reloaded before import = 0Number of asset objects unloaded after import = 3

========================================================================
Received Import Request.
  Time since last request: 0.000028 seconds.
  path: Assets/Resources/Items_Level/roguelikeSheet_transparent_46.asset
  artifactKey: Guid(30a445b633181f24fb39ebf9b5918f06) Importer(815301076,1909f56bfc062723c751e8b465ee728b)
Start importing Assets/Resources/Items_Level/roguelikeSheet_transparent_46.asset using Guid(30a445b633181f24fb39ebf9b5918f06) Importer(815301076,1909f56bfc062723c751e8b465ee728b) (PreviewImporter) -> (artifact id: 'bbd2abd3236dacb8f1d98509888277a1') in 0.0164798 seconds
Number of updated asset objects reloaded before import = 0Number of asset objects unloaded after import = 3

========================================================================
Received Import Request.
  Time since last request: 216.409864 seconds.
  path: Assets/Resources/OpenWorld/GROUND2_0.asset
  artifactKey: Guid(e410bf8b075c15546bcf1f13f55640d5) Importer(815301076,1909f56bfc062723c751e8b465ee728b)
Start importing Assets/Resources/OpenWorld/GROUND2_0.asset using Guid(e410bf8b075c15546bcf1f13f55640d5) Importer(815301076,1909f56bfc062723c751e8b465ee728b) (PreviewImporter) -> (artifact id: '233b7eaed2238f17294ad6dda9902298') in 0.0202998 seconds
Number of updated asset objects reloaded before import = 0Number of asset objects unloaded after import = 3

========================================================================
Received Import Request.
  Time since last request: 0.000025 seconds.
  path: Assets/Resources/OpenWorld/GROUND3_9.asset
  artifactKey: Guid(0c95d2d4f0b313f458533489b3cd8d96) Importer(815301076,1909f56bfc062723c751e8b465ee728b)
Start importing Assets/Resources/OpenWorld/GROUND3_9.asset using Guid(0c95d2d4f0b313f458533489b3cd8d96) Importer(815301076,1909f56bfc062723c751e8b465ee728b) (PreviewImporter) -> (artifact id: '943c176b8fea10a1ad4199131f7d186e') in 0.0167206 seconds
Number of updated asset objects reloaded before import = 0Number of asset objects unloaded after import = 3

========================================================================
Received Import Request.
  Time since last request: 0.000032 seconds.
  path: Assets/Resources/OpenWorld/GROUND3_11.asset
  artifactKey: Guid(204fc77af68f4b04ab45cbd8d33c8eef) Importer(815301076,1909f56bfc062723c751e8b465ee728b)
Start importing Assets/Resources/OpenWorld/GROUND3_11.asset using Guid(204fc77af68f4b04ab45cbd8d33c8eef) Importer(815301076,1909f56bfc062723c751e8b465ee728b) (PreviewImporter) -> (artifact id: '1f2244e66b35e1884f4891829e5f824f') in 0.0157032 seconds
Number of updated asset objects reloaded before import = 0Number of asset objects unloaded after import = 3

========================================================================
Received Import Request.
  Time since last request: 0.000030 seconds.
  path: Assets/Resources/OpenWorld/GROUND2_13.asset
  artifactKey: Guid(165c7ef30f020774aaa9089adc6422e4) Importer(815301076,1909f56bfc062723c751e8b465ee728b)
Start importing Assets/Resources/OpenWorld/GROUND2_13.asset using Guid(165c7ef30f020774aaa9089adc6422e4) Importer(815301076,1909f56bfc062723c751e8b465ee728b) (PreviewImporter) -> (artifact id: '6469c842265d7142595df95f4e51a7f7') in 0.0205386 seconds
Number of updated asset objects reloaded before import = 0Number of asset objects unloaded after import = 3

========================================================================
Received Import Request.
  Time since last request: 0.000017 seconds.
  path: Assets/Resources/OpenWorld/GROUND2_12.asset
  artifactKey: Guid(b2c70628506b4724bbfa80bfdf49f030) Importer(815301076,1909f56bfc062723c751e8b465ee728b)
Start importing Assets/Resources/OpenWorld/GROUND2_12.asset using Guid(b2c70628506b4724bbfa80bfdf49f030) Importer(815301076,1909f56bfc062723c751e8b465ee728b) (PreviewImporter) -> (artifact id: '081900bbe7edc8b595a7fa12603c09f7') in 0.0157876 seconds
Number of updated asset objects reloaded before import = 0Number of asset objects unloaded after import = 3

========================================================================
Received Import Request.
  Time since last request: 0.000026 seconds.
  path: Assets/Resources/OpenWorld/GROUND2_4.asset
  artifactKey: Guid(992dc550f9dcf2b4f83d95a4d2f040bc) Importer(815301076,1909f56bfc062723c751e8b465ee728b)
Start importing Assets/Resources/OpenWorld/GROUND2_4.asset using Guid(992dc550f9dcf2b4f83d95a4d2f040bc) Importer(815301076,1909f56bfc062723c751e8b465ee728b) (PreviewImporter) -> (artifact id: 'f7e55e3b42c957506cd10a03ce3cafe3') in 0.0159358 seconds
Number of updated asset objects reloaded before import = 0Number of asset objects unloaded after import = 3

========================================================================
Received Import Request.
  Time since last request: 0.000025 seconds.
  path: Assets/Resources/OpenWorld/GROUND2_1.asset
  artifactKey: Guid(ec796c773d10c494ab73e4916dbd3317) Importer(815301076,1909f56bfc062723c751e8b465ee728b)
Start importing Assets/Resources/OpenWorld/GROUND2_1.asset using Guid(ec796c773d10c494ab73e4916dbd3317) Importer(815301076,1909f56bfc062723c751e8b465ee728b) (PreviewImporter) -> (artifact id: '96aba6fc6552481e1868f3e6ddcd2eca') in 0.0176635 seconds
Number of updated asset objects reloaded before import = 0Number of asset objects unloaded after import = 3

========================================================================
Received Import Request.
  Time since last request: 0.000034 seconds.
  path: Assets/Resources/OpenWorld/GROUND3_7.asset
  artifactKey: Guid(0de8cb7335fcc204e8a2cc90e27a0363) Importer(815301076,1909f56bfc062723c751e8b465ee728b)
Start importing Assets/Resources/OpenWorld/GROUND3_7.asset using Guid(0de8cb7335fcc204e8a2cc90e27a0363) Importer(815301076,1909f56bfc062723c751e8b465ee728b) (PreviewImporter) -> (artifact id: 'ccd0e74c0a5faa22097bf1f137110065') in 0.0149614 seconds
Number of updated asset objects reloaded before import = 0Number of asset objects unloaded after import = 3

========================================================================
Received Import Request.
  Time since last request: 0.000018 seconds.
  path: Assets/Resources/OpenWorld/Ground_Dekor_tile_1.asset
  artifactKey: Guid(fc5cf4e1bf285eb48885f9e2d43ddf23) Importer(815301076,1909f56bfc062723c751e8b465ee728b)
Start importing Assets/Resources/OpenWorld/Ground_Dekor_tile_1.asset using Guid(fc5cf4e1bf285eb48885f9e2d43ddf23) Importer(815301076,1909f56bfc062723c751e8b465ee728b) (PreviewImporter) -> (artifact id: '77ffa8fed1f6cb1c8e9f4cafd8c70aaf') in 0.0153148 seconds
Number of updated asset objects reloaded before import = 0Number of asset objects unloaded after import = 3

========================================================================
Received Import Request.
  Time since last request: 0.000022 seconds.
  path: Assets/Resources/OpenWorld/GROUND3_5.asset
  artifactKey: Guid(40d98ec04c7bae34b9b75538eeb1b25d) Importer(815301076,1909f56bfc062723c751e8b465ee728b)
Start importing Assets/Resources/OpenWorld/GROUND3_5.asset using Guid(40d98ec04c7bae34b9b75538eeb1b25d) Importer(815301076,1909f56bfc062723c751e8b465ee728b) (PreviewImporter) -> (artifact id: 'ec7cf1a269601b121d0784d6be3e0997') in 0.0176447 seconds
Number of updated asset objects reloaded before import = 0Number of asset objects unloaded after import = 3

========================================================================
Received Import Request.
  Time since last request: 0.000020 seconds.
  path: Assets/Resources/OpenWorld/GROUND2_15.asset
  artifactKey: Guid(c8f098c0d3e1e6647bf62d40efea1ce3) Importer(815301076,1909f56bfc062723c751e8b465ee728b)
Start importing Assets/Resources/OpenWorld/GROUND2_15.asset using Guid(c8f098c0d3e1e6647bf62d40efea1ce3) Importer(815301076,1909f56bfc062723c751e8b465ee728b) (PreviewImporter) -> (artifact id: '2dad95cb591df8c8695a2b4bf42af3d6') in 0.0141516 seconds
Number of updated asset objects reloaded before import = 0Number of asset objects unloaded after import = 3

========================================================================
Received Import Request.
  Time since last request: 0.000025 seconds.
  path: Assets/Resources/OpenWorld/GROUND2_10.asset
  artifactKey: Guid(604106092e7fc884a89437ce2e0cd3e9) Importer(815301076,1909f56bfc062723c751e8b465ee728b)
Start importing Assets/Resources/OpenWorld/GROUND2_10.asset using Guid(604106092e7fc884a89437ce2e0cd3e9) Importer(815301076,1909f56bfc062723c751e8b465ee728b) (PreviewImporter) -> (artifact id: 'da1534eea7c5bc759dc29fdff946fed0') in 0.0152548 seconds
Number of updated asset objects reloaded before import = 0Number of asset objects unloaded after import = 3

========================================================================
Received Import Request.
  Time since last request: 0.000034 seconds.
  path: Assets/Resources/OpenWorld/GROUND3_2.asset
  artifactKey: Guid(e5e64159ca244b4418243c8b4b35817b) Importer(815301076,1909f56bfc062723c751e8b465ee728b)
Start importing Assets/Resources/OpenWorld/GROUND3_2.asset using Guid(e5e64159ca244b4418243c8b4b35817b) Importer(815301076,1909f56bfc062723c751e8b465ee728b) (PreviewImporter) -> (artifact id: '00a21f00f2203d8ce7037690c0ddb221') in 0.0170901 seconds
Number of updated asset objects reloaded before import = 0Number of asset objects unloaded after import = 3

========================================================================
Received Import Request.
  Time since last request: 0.000028 seconds.
  path: Assets/Resources/OpenWorld/GROUND3_12.asset
  artifactKey: Guid(aec44e232eef35a43b465177cbbe3395) Importer(815301076,1909f56bfc062723c751e8b465ee728b)
Start importing Assets/Resources/OpenWorld/GROUND3_12.asset using Guid(aec44e232eef35a43b465177cbbe3395) Importer(815301076,1909f56bfc062723c751e8b465ee728b) (PreviewImporter) -> (artifact id: '1f13a80bda2fc6e0b294b6e34ba97e60') in 0.0155064 seconds
Number of updated asset objects reloaded before import = 0Number of asset objects unloaded after import = 3

========================================================================
Received Import Request.
  Time since last request: 0.000023 seconds.
  path: Assets/Resources/OpenWorld/GROUND2_5.asset
  artifactKey: Guid(23755cee6c76b244ba1728068abaea40) Importer(815301076,1909f56bfc062723c751e8b465ee728b)
Start importing Assets/Resources/OpenWorld/GROUND2_5.asset using Guid(23755cee6c76b244ba1728068abaea40) Importer(815301076,1909f56bfc062723c751e8b465ee728b) (PreviewImporter) -> (artifact id: '00da4bca63dbf05d81b84ee8dd512d0a') in 0.014256 seconds
Number of updated asset objects reloaded before import = 0Number of asset objects unloaded after import = 3

========================================================================
Received Import Request.
  Time since last request: 0.000027 seconds.
  path: Assets/Resources/OpenWorld/Ground_Dekor_tile.png
  artifactKey: Guid(b3a6ae605a137424e9b2b636caddee53) Importer(815301076,1909f56bfc062723c751e8b465ee728b)
Start importing Assets/Resources/OpenWorld/Ground_Dekor_tile.png using Guid(b3a6ae605a137424e9b2b636caddee53) Importer(815301076,1909f56bfc062723c751e8b465ee728b) (PreviewImporter) -> (artifact id: 'b35dcc842a5315eeea1f8f60dcfb2dd7') in 0.0551743 seconds
Number of updated asset objects reloaded before import = 0Number of asset objects unloaded after import = 6

========================================================================
Received Import Request.
  Time since last request: 0.000026 seconds.
  path: Assets/Resources/OpenWorld/GROUND2_16.asset
  artifactKey: Guid(1fd32e370bf7d1742b126a331c251200) Importer(815301076,1909f56bfc062723c751e8b465ee728b)
Start importing Assets/Resources/OpenWorld/GROUND2_16.asset using Guid(1fd32e370bf7d1742b126a331c251200) Importer(815301076,1909f56bfc062723c751e8b465ee728b) (PreviewImporter) -> (artifact id: 'ca40586daf7faae426d014d015754b7c') in 0.0140555 seconds
Number of updated asset objects reloaded before import = 0Number of asset objects unloaded after import = 3

========================================================================
Received Import Request.
  Time since last request: 0.000030 seconds.
  path: Assets/Resources/OpenWorld/GROUND3_1.asset
  artifactKey: Guid(118724c27c28b7544844f9ed1a8956e5) Importer(815301076,1909f56bfc062723c751e8b465ee728b)
Start importing Assets/Resources/OpenWorld/GROUND3_1.asset using Guid(118724c27c28b7544844f9ed1a8956e5) Importer(815301076,1909f56bfc062723c751e8b465ee728b) (PreviewImporter) -> (artifact id: '61cf8681838dcf7fc110b530eb99f396') in 0.0152879 seconds
Number of updated asset objects reloaded before import = 0Number of asset objects unloaded after import = 3

========================================================================
Received Import Request.
  Time since last request: 0.000016 seconds.
  path: Assets/Resources/OpenWorld/GROUND3_3.asset
  artifactKey: Guid(364bb9e94410bac4db3f8caf635a0637) Importer(815301076,1909f56bfc062723c751e8b465ee728b)
Start importing Assets/Resources/OpenWorld/GROUND3_3.asset using Guid(364bb9e94410bac4db3f8caf635a0637) Importer(815301076,1909f56bfc062723c751e8b465ee728b) (PreviewImporter) -> (artifact id: 'bd7c30c173fc2259e410858b8eeade40') in 0.0129243 seconds
Number of updated asset objects reloaded before import = 0Number of asset objects unloaded after import = 3

Editor requested this worker to shutdown with reason: Scaling down because of idle timeout
AssetImportWorker is now disconnected from the server
Process exiting
Exiting without the bug reporter. Application will terminate with return code 0