Using pre-set license
Built from '6000.0/staging' branch; Version is '6000.0.40f1 (157d81624ddf) revision 1408385'; Using compiler version '193933523'; Build Type 'Release'
OS: 'Windows 10  (10.0.19045) 64bit Professional' Language: 'uk' Physical Memory: 16334 MB
BatchMode: 1, IsHumanControllingUs: 0, StartBugReporterOnCrash: 0, Is64bit: 1, IsPro: 1

COMMAND LINE ARGUMENTS:
D:\Unity\6000.0.40f1\Editor\Unity.exe
-adb2
-batchMode
-noUpm
-name
AssetImportWorker17
-projectPath
D:/GameDev/Brotato
-logFile
Logs/AssetImportWorker17.log
-srvPort
51176
-job-worker-count
5
-background-job-worker-count
8
-gc-helper-count
1
Successfully changed project path to: D:/GameDev/Brotato
D:/GameDev/Brotato
[UnityMemory] Configuration Parameters - Can be set up in boot.config
    "memorysetup-bucket-allocator-granularity=16"
    "memorysetup-bucket-allocator-bucket-count=8"
    "memorysetup-bucket-allocator-block-size=33554432"
    "memorysetup-bucket-allocator-block-count=8"
    "memorysetup-main-allocator-block-size=16777216"
    "memorysetup-thread-allocator-block-size=16777216"
    "memorysetup-gfx-main-allocator-block-size=16777216"
    "memorysetup-gfx-thread-allocator-block-size=16777216"
    "memorysetup-cache-allocator-block-size=4194304"
    "memorysetup-typetree-allocator-block-size=2097152"
    "memorysetup-profiler-bucket-allocator-granularity=16"
    "memorysetup-profiler-bucket-allocator-bucket-count=8"
    "memorysetup-profiler-bucket-allocator-block-size=33554432"
    "memorysetup-profiler-bucket-allocator-block-count=8"
    "memorysetup-profiler-allocator-block-size=16777216"
    "memorysetup-profiler-editor-allocator-block-size=1048576"
    "memorysetup-temp-allocator-size-main=16777216"
    "memorysetup-job-temp-allocator-block-size=2097152"
    "memorysetup-job-temp-allocator-block-size-background=1048576"
    "memorysetup-job-temp-allocator-reduction-small-platforms=262144"
    "memorysetup-allocator-temp-initial-block-size-main=262144"
    "memorysetup-allocator-temp-initial-block-size-worker=262144"
    "memorysetup-temp-allocator-size-background-worker=32768"
    "memorysetup-temp-allocator-size-job-worker=262144"
    "memorysetup-temp-allocator-size-preload-manager=33554432"
    "memorysetup-temp-allocator-size-nav-mesh-worker=65536"
    "memorysetup-temp-allocator-size-audio-worker=65536"
    "memorysetup-temp-allocator-size-cloud-worker=32768"
    "memorysetup-temp-allocator-size-gi-baking-worker=262144"
    "memorysetup-temp-allocator-size-gi-baking-worker=262144"
    "memorysetup-temp-allocator-size-gi-baking-worker=262144"
    "memorysetup-temp-allocator-size-gi-baking-worker=262144"
    "memorysetup-temp-allocator-size-gi-baking-worker=262144"
    "memorysetup-temp-allocator-size-gfx=262144"
Player connection [19464]  Target information:

Player connection [19464]  * "[IP] 192.168.0.28 [Port] 0 [Flags] 2 [Guid] 2165140007 [EditorId] 2165140007 [Version] 1048832 [Id] WindowsEditor(7,DESKTOP-4DD92S9) [Debug] 1 [PackageName] WindowsEditor [ProjectName] Editor" 

Player connection [19464] Host joined multi-casting on [225.0.0.222:54997]...
Player connection [19464] Host joined alternative multi-casting on [225.0.0.222:34997]...
JobSystem: Creating JobQueue using job-worker-count value 5
Input System module state changed to: Initialized.
[Physics::Module] Initialized fallback backend.
[Physics::Module] Id: 0xdecafbad
Library Redirect Path: Library/
[Physics::Module] Selected backend.
[Physics::Module] Name: PhysX
[Physics::Module] Id: 0xf2b8ea05
[Physics::Module] SDK Version: 4.1.2
[Physics::Module] Integration Version: 1.0.0
[Physics::Module] Threading Mode: Multi-Threaded
Refreshing native plugins compatible for Editor in 3.78 ms, found 4 plugins.
Preloading 0 native plugins for Editor in 0.00 ms.
Initialize engine version: 6000.0.40f1 (157d81624ddf)
[Subsystems] Discovering subsystems at path D:/Unity/6000.0.40f1/Editor/Data/Resources/UnitySubsystems
[Subsystems] Discovering subsystems at path D:/GameDev/Brotato/Assets
GfxDevice: creating device client; kGfxThreadingModeNonThreaded
Direct3D:
    Version:  Direct3D 11.0 [level 11.1]
    Renderer: Radeon RX 590 Series (ID=0x67df)
    Vendor:   ATI
    VRAM:     8170 MB
    Driver:   31.0.21923.1000
Shader Hidden/ProbeVolume/VoxelizeScene is not supported: GPU does not support conservative rasterization
Initialize mono
Mono path[0] = 'D:/Unity/6000.0.40f1/Editor/Data/Managed'
Mono path[1] = 'D:/Unity/6000.0.40f1/Editor/Data/MonoBleedingEdge/lib/mono/unityjit-win32'
Mono config path = 'D:/Unity/6000.0.40f1/Editor/Data/MonoBleedingEdge/etc'
Using monoOptions --debugger-agent=transport=dt_socket,embedding=1,server=y,suspend=n,address=127.0.0.1:56808
Begin MonoManager ReloadAssembly
Registering precompiled unity dll's ...
Register platform support module: D:/Unity/6000.0.40f1/Editor/Data/PlaybackEngines/WebGLSupport/UnityEditor.WebGL.Extensions.dll
Register platform support module: D:/Unity/6000.0.40f1/Editor/Data/PlaybackEngines/WindowsStandaloneSupport/UnityEditor.WindowsStandalone.Extensions.dll
Register platform support module: D:/Unity/6000.0.40f1/Editor/Data/PlaybackEngines/AndroidPlayer/UnityEditor.Android.Extensions.dll
Registered in 0.006479 seconds.
- Loaded All Assemblies, in  0.589 seconds
Native extension for Android target not found
Android Extension - Scanning For ADB Devices 342 ms
Native extension for WindowsStandalone target not found
Native extension for WebGL target not found
Mono: successfully reloaded assembly
- Finished resetting the current domain, in  0.947 seconds
Domain Reload Profiling: 1535ms
	BeginReloadAssembly (184ms)
		ExecutionOrderSort (0ms)
		DisableScriptedObjects (0ms)
		BackupInstance (0ms)
		ReleaseScriptingObjects (0ms)
		CreateAndSetChildDomain (1ms)
	RebuildCommonClasses (56ms)
	RebuildNativeTypeToScriptingClass (18ms)
	initialDomainReloadingComplete (78ms)
	LoadAllAssembliesAndSetupDomain (251ms)
		LoadAssemblies (186ms)
		RebuildTransferFunctionScriptingTraits (0ms)
		AnalyzeDomain (244ms)
			TypeCache.Refresh (242ms)
				TypeCache.ScanAssembly (223ms)
			BuildScriptInfoCaches (0ms)
			ResolveRequiredComponents (1ms)
	FinalizeReload (948ms)
		ReleaseScriptCaches (0ms)
		RebuildScriptCaches (0ms)
		SetupLoadedEditorAssemblies (872ms)
			LogAssemblyErrors (0ms)
			InitializePlatformSupportModulesInManaged (521ms)
			SetLoadedEditorAssemblies (6ms)
			BeforeProcessingInitializeOnLoad (79ms)
			ProcessInitializeOnLoadAttributes (174ms)
			ProcessInitializeOnLoadMethodAttributes (92ms)
			AfterProcessingInitializeOnLoad (0ms)
			EditorAssembliesLoaded (0ms)
		ExecutionOrderSort2 (0ms)
		AwakeInstancesAfterBackupRestoration (0ms)
========================================================================
Worker process is ready to serve import requests
Import Worker Mode flag is 0x00
Begin MonoManager ReloadAssembly
Duplicate assembly 'log4net.dll' with different versions detected, using 'Packages/com.unity.package-validation-suite/Lib/Editor/log4net.dll, AssemblyName=log4net, Version=2.0.8.0, Culture=neutral, PublicKeyToken=669e0ddf0bb1aa2a' and ignoring 'Packages/com.unity.collab-proxy/Lib/Editor/log4netPlastic.dll, AssemblyName=log4net, Version=1.2.15.0, Culture=neutral, PublicKeyToken=669e0ddf0bb1aa2a'.- Loaded All Assemblies, in  1.221 seconds
Refreshing native plugins compatible for Editor in 2.67 ms, found 4 plugins.
Native extension for Android target not found
Native extension for WindowsStandalone target not found
Native extension for WebGL target not found
Mono: successfully reloaded assembly
- Finished resetting the current domain, in  1.186 seconds
Domain Reload Profiling: 2405ms
	BeginReloadAssembly (229ms)
		ExecutionOrderSort (0ms)
		DisableScriptedObjects (10ms)
		BackupInstance (0ms)
		ReleaseScriptingObjects (0ms)
		CreateAndSetChildDomain (40ms)
	RebuildCommonClasses (56ms)
	RebuildNativeTypeToScriptingClass (19ms)
	initialDomainReloadingComplete (63ms)
	LoadAllAssembliesAndSetupDomain (851ms)
		LoadAssemblies (547ms)
		RebuildTransferFunctionScriptingTraits (0ms)
		AnalyzeDomain (436ms)
			TypeCache.Refresh (324ms)
				TypeCache.ScanAssembly (301ms)
			BuildScriptInfoCaches (89ms)
			ResolveRequiredComponents (19ms)
	FinalizeReload (1187ms)
		ReleaseScriptCaches (0ms)
		RebuildScriptCaches (0ms)
		SetupLoadedEditorAssemblies (955ms)
			LogAssemblyErrors (0ms)
			InitializePlatformSupportModulesInManaged (18ms)
			SetLoadedEditorAssemblies (6ms)
			BeforeProcessingInitializeOnLoad (174ms)
			ProcessInitializeOnLoadAttributes (611ms)
			ProcessInitializeOnLoadMethodAttributes (142ms)
			AfterProcessingInitializeOnLoad (3ms)
			EditorAssembliesLoaded (0ms)
		ExecutionOrderSort2 (0ms)
		AwakeInstancesAfterBackupRestoration (7ms)
Shader Hidden/ProbeVolume/VoxelizeScene is not supported: GPU does not support conservative rasterization
Launched and connected shader compiler UnityShaderCompiler.exe after 0.01 seconds
Refreshing native plugins compatible for Editor in 2.52 ms, found 4 plugins.
Preloading 0 native plugins for Editor in 0.00 ms.
Unloading 224 Unused Serialized files (Serialized files now loaded: 0)
Unloading 7175 unused Assets / (6.4 MB). Loaded Objects now: 7887.
Memory consumption went from 199.5 MB to 193.1 MB.
Total: 12.180800 ms (FindLiveObjects: 1.047000 ms CreateObjectMapping: 0.530400 ms MarkObjects: 6.305100 ms  DeleteObjects: 4.296800 ms)

========================================================================
Received Import Request.
  Time since last request: 15070.177909 seconds.
  path: Assets/Resources/Items_Level/Hill_Ground_1.asset
  artifactKey: Guid(99cfdc75b9fc87a4b87e47f14fa903c2) Importer(815301076,1909f56bfc062723c751e8b465ee728b)
Start importing Assets/Resources/Items_Level/Hill_Ground_1.asset using Guid(99cfdc75b9fc87a4b87e47f14fa903c2) Importer(815301076,1909f56bfc062723c751e8b465ee728b) (PreviewImporter) -> (artifact id: 'c1d45f3096c908d4d2215fd276f01e2e') in 0.1301714 seconds
Number of updated asset objects reloaded before import = 0Number of asset objects unloaded after import = 3

========================================================================
Received Import Request.
  Time since last request: 0.000032 seconds.
  path: Assets/Resources/Items_Level/Hill_Ground_4.asset
  artifactKey: Guid(26ad04a4f8f451e4dad267ce922c351f) Importer(815301076,1909f56bfc062723c751e8b465ee728b)
Start importing Assets/Resources/Items_Level/Hill_Ground_4.asset using Guid(26ad04a4f8f451e4dad267ce922c351f) Importer(815301076,1909f56bfc062723c751e8b465ee728b) (PreviewImporter) -> (artifact id: 'cce1dfe203542b7cadc449cab6d5e7a6') in 0.0189244 seconds
Number of updated asset objects reloaded before import = 0Number of asset objects unloaded after import = 3

========================================================================
Received Import Request.
  Time since last request: 0.000037 seconds.
  path: Assets/Resources/Items_Level/Hill_Ground_6.asset
  artifactKey: Guid(c008e077d2b1c414e8e4ddb077744984) Importer(815301076,1909f56bfc062723c751e8b465ee728b)
Start importing Assets/Resources/Items_Level/Hill_Ground_6.asset using Guid(c008e077d2b1c414e8e4ddb077744984) Importer(815301076,1909f56bfc062723c751e8b465ee728b) (PreviewImporter) -> (artifact id: '02b217a200afbb0a8f0c0d0c04a21839') in 0.0199776 seconds
Number of updated asset objects reloaded before import = 0Number of asset objects unloaded after import = 3

========================================================================
Received Import Request.
  Time since last request: 0.000026 seconds.
  path: Assets/Resources/Items_Level/Hill_Ground_14.asset
  artifactKey: Guid(fd0a224928e41da4f9edef8766ad3a32) Importer(815301076,1909f56bfc062723c751e8b465ee728b)
Start importing Assets/Resources/Items_Level/Hill_Ground_14.asset using Guid(fd0a224928e41da4f9edef8766ad3a32) Importer(815301076,1909f56bfc062723c751e8b465ee728b) (PreviewImporter) -> (artifact id: '83fe1b05819edae61b5bd3d6c981527d') in 0.0243048 seconds
Number of updated asset objects reloaded before import = 0Number of asset objects unloaded after import = 3

========================================================================
Received Import Request.
  Time since last request: 135.586528 seconds.
  path: Assets/Resources/Items_Level/Hill_Ground_0.asset
  artifactKey: Guid(74742df45934ac546a7cc43de606c40a) Importer(815301076,1909f56bfc062723c751e8b465ee728b)
Start importing Assets/Resources/Items_Level/Hill_Ground_0.asset using Guid(74742df45934ac546a7cc43de606c40a) Importer(815301076,1909f56bfc062723c751e8b465ee728b) (PreviewImporter) -> (artifact id: 'fe0327e8341c26ce16604e7bc29bf313') in 0.0073992 seconds
Number of updated asset objects reloaded before import = 0Number of asset objects unloaded after import = 3

========================================================================
Received Import Request.
  Time since last request: 0.000023 seconds.
  path: Assets/Resources/Items_Level/Hill_Ground_13.asset
  artifactKey: Guid(42f18ca17800c3d4f9c0057f02b4fb6e) Importer(815301076,1909f56bfc062723c751e8b465ee728b)
Start importing Assets/Resources/Items_Level/Hill_Ground_13.asset using Guid(42f18ca17800c3d4f9c0057f02b4fb6e) Importer(815301076,1909f56bfc062723c751e8b465ee728b) (PreviewImporter) -> (artifact id: '0245215ae7a7e1fea7207248661923a5') in 0.0069003 seconds
Number of updated asset objects reloaded before import = 0Number of asset objects unloaded after import = 3

========================================================================
Received Import Request.
  Time since last request: 0.000020 seconds.
  path: Assets/Resources/Items_Level/Hill_Ground_1.asset
  artifactKey: Guid(99cfdc75b9fc87a4b87e47f14fa903c2) Importer(815301076,1909f56bfc062723c751e8b465ee728b)
Start importing Assets/Resources/Items_Level/Hill_Ground_1.asset using Guid(99cfdc75b9fc87a4b87e47f14fa903c2) Importer(815301076,1909f56bfc062723c751e8b465ee728b) (PreviewImporter) -> (artifact id: '22bae812ae43bbb5083591a9ad8d5e0a') in 0.0067104 seconds
Number of updated asset objects reloaded before import = 0Number of asset objects unloaded after import = 3

========================================================================
Received Import Request.
  Time since last request: 0.000026 seconds.
  path: Assets/Resources/Items_Level/Hill_Ground_11.asset
  artifactKey: Guid(1e46e51bc2190bc4f87289fc12b52bf5) Importer(815301076,1909f56bfc062723c751e8b465ee728b)
Start importing Assets/Resources/Items_Level/Hill_Ground_11.asset using Guid(1e46e51bc2190bc4f87289fc12b52bf5) Importer(815301076,1909f56bfc062723c751e8b465ee728b) (PreviewImporter) -> (artifact id: '4e9f66e983422638d49583bf9bb314ce') in 0.006165 seconds
Number of updated asset objects reloaded before import = 0Number of asset objects unloaded after import = 3

========================================================================
Received Import Request.
  Time since last request: 0.000022 seconds.
  path: Assets/Resources/Items_Level/Hill_Ground_4.asset
  artifactKey: Guid(26ad04a4f8f451e4dad267ce922c351f) Importer(815301076,1909f56bfc062723c751e8b465ee728b)
Start importing Assets/Resources/Items_Level/Hill_Ground_4.asset using Guid(26ad04a4f8f451e4dad267ce922c351f) Importer(815301076,1909f56bfc062723c751e8b465ee728b) (PreviewImporter) -> (artifact id: 'f7a8cb889dde6352864db89c7ccbbc6e') in 0.0135732 seconds
Number of updated asset objects reloaded before import = 0Number of asset objects unloaded after import = 3

========================================================================
Received Import Request.
  Time since last request: 0.000040 seconds.
  path: Assets/Resources/Items_Level/Hill_Ground_5.asset
  artifactKey: Guid(d66e2f7ccef1208418849e72465c57c9) Importer(815301076,1909f56bfc062723c751e8b465ee728b)
Start importing Assets/Resources/Items_Level/Hill_Ground_5.asset using Guid(d66e2f7ccef1208418849e72465c57c9) Importer(815301076,1909f56bfc062723c751e8b465ee728b) (PreviewImporter) -> (artifact id: 'a26638d8390517fc5755fb2a229200f9') in 0.0079161 seconds
Number of updated asset objects reloaded before import = 0Number of asset objects unloaded after import = 3

========================================================================
Received Import Request.
  Time since last request: 0.000021 seconds.
  path: Assets/Resources/Items_Level/Hill_Ground_6.asset
  artifactKey: Guid(c008e077d2b1c414e8e4ddb077744984) Importer(815301076,1909f56bfc062723c751e8b465ee728b)
Start importing Assets/Resources/Items_Level/Hill_Ground_6.asset using Guid(c008e077d2b1c414e8e4ddb077744984) Importer(815301076,1909f56bfc062723c751e8b465ee728b) (PreviewImporter) -> (artifact id: '76f2a91bedd132ac836f8475d15b7e58') in 0.0170709 seconds
Number of updated asset objects reloaded before import = 0Number of asset objects unloaded after import = 3

========================================================================
Received Import Request.
  Time since last request: 0.000058 seconds.
  path: Assets/Resources/Items_Level/Hill_Ground_7.asset
  artifactKey: Guid(9e9b11675ff0902409b94f46b6288379) Importer(815301076,1909f56bfc062723c751e8b465ee728b)
Start importing Assets/Resources/Items_Level/Hill_Ground_7.asset using Guid(9e9b11675ff0902409b94f46b6288379) Importer(815301076,1909f56bfc062723c751e8b465ee728b) (PreviewImporter) -> (artifact id: '3d8b44078c63573c56fcfa87e4236a88') in 0.0065627 seconds
Number of updated asset objects reloaded before import = 0Number of asset objects unloaded after import = 3

========================================================================
Received Import Request.
  Time since last request: 11.455980 seconds.
  path: Assets/Resources/Items_Level/Hill_Ground_0.asset
  artifactKey: Guid(74742df45934ac546a7cc43de606c40a) Importer(815301076,1909f56bfc062723c751e8b465ee728b)
Start importing Assets/Resources/Items_Level/Hill_Ground_0.asset using Guid(74742df45934ac546a7cc43de606c40a) Importer(815301076,1909f56bfc062723c751e8b465ee728b) (PreviewImporter) -> (artifact id: '6a374672cb8668045f7b1b75f83fe596') in 0.0070804 seconds
Number of updated asset objects reloaded before import = 0Number of asset objects unloaded after import = 3

========================================================================
Received Import Request.
  Time since last request: 0.000023 seconds.
  path: Assets/Resources/Items_Level/Hill_Ground_13.asset
  artifactKey: Guid(42f18ca17800c3d4f9c0057f02b4fb6e) Importer(815301076,1909f56bfc062723c751e8b465ee728b)
Start importing Assets/Resources/Items_Level/Hill_Ground_13.asset using Guid(42f18ca17800c3d4f9c0057f02b4fb6e) Importer(815301076,1909f56bfc062723c751e8b465ee728b) (PreviewImporter) -> (artifact id: 'c1e3272b20ddef6d1a72ae4c66457b64') in 0.0071623 seconds
Number of updated asset objects reloaded before import = 0Number of asset objects unloaded after import = 3

========================================================================
Received Import Request.
  Time since last request: 0.000029 seconds.
  path: Assets/Resources/Items_Level/Hill_Ground_2.asset
  artifactKey: Guid(b23863ec60901cb49b5daab6d8099934) Importer(815301076,1909f56bfc062723c751e8b465ee728b)
Start importing Assets/Resources/Items_Level/Hill_Ground_2.asset using Guid(b23863ec60901cb49b5daab6d8099934) Importer(815301076,1909f56bfc062723c751e8b465ee728b) (PreviewImporter) -> (artifact id: 'b3f610804a6a351a12b1d5b4f068093f') in 0.007119 seconds
Number of updated asset objects reloaded before import = 0Number of asset objects unloaded after import = 3

========================================================================
Received Import Request.
  Time since last request: 0.000029 seconds.
  path: Assets/Resources/Items_Level/Hill_Ground_12.asset
  artifactKey: Guid(cd023951f9d59014f9a764b97d26e0ca) Importer(815301076,1909f56bfc062723c751e8b465ee728b)
Start importing Assets/Resources/Items_Level/Hill_Ground_12.asset using Guid(cd023951f9d59014f9a764b97d26e0ca) Importer(815301076,1909f56bfc062723c751e8b465ee728b) (PreviewImporter) -> (artifact id: 'b791585eafdfa68a1730f1ef4cfdc8f6') in 0.0089811 seconds
Number of updated asset objects reloaded before import = 0Number of asset objects unloaded after import = 3

========================================================================
Received Import Request.
  Time since last request: 0.000032 seconds.
  path: Assets/Resources/Items_Level/Hill_Ground_9.asset
  artifactKey: Guid(e868617910522644aae1b5d101dff057) Importer(815301076,1909f56bfc062723c751e8b465ee728b)
Start importing Assets/Resources/Items_Level/Hill_Ground_9.asset using Guid(e868617910522644aae1b5d101dff057) Importer(815301076,1909f56bfc062723c751e8b465ee728b) (PreviewImporter) -> (artifact id: '900481fb393614dfd95cbd49b9cffee7') in 0.0062039 seconds
Number of updated asset objects reloaded before import = 0Number of asset objects unloaded after import = 3

========================================================================
Received Import Request.
  Time since last request: 0.000027 seconds.
  path: Assets/Resources/Items_Level/Hill_Ground_10.asset
  artifactKey: Guid(3aefe4da6ed5a714fa958342b7ba7e67) Importer(815301076,1909f56bfc062723c751e8b465ee728b)
Start importing Assets/Resources/Items_Level/Hill_Ground_10.asset using Guid(3aefe4da6ed5a714fa958342b7ba7e67) Importer(815301076,1909f56bfc062723c751e8b465ee728b) (PreviewImporter) -> (artifact id: '4d58a85f934b05c69724e43ac67633de') in 0.0068478 seconds
Number of updated asset objects reloaded before import = 0Number of asset objects unloaded after import = 3

========================================================================
Received Import Request.
  Time since last request: 0.000028 seconds.
  path: Assets/Resources/Items_Level/Hill_Ground_3.asset
  artifactKey: Guid(daf76b2a9fcd0ba489c8f84eb543cf57) Importer(815301076,1909f56bfc062723c751e8b465ee728b)
Start importing Assets/Resources/Items_Level/Hill_Ground_3.asset using Guid(daf76b2a9fcd0ba489c8f84eb543cf57) Importer(815301076,1909f56bfc062723c751e8b465ee728b) (PreviewImporter) -> (artifact id: '4a5ff099ad12c9b38accc8663e470141') in 0.0063904 seconds
Number of updated asset objects reloaded before import = 0Number of asset objects unloaded after import = 3

========================================================================
Received Import Request.
  Time since last request: 5.674230 seconds.
  path: Assets/Resources/Items_Level/Hill_Ground_0.asset
  artifactKey: Guid(74742df45934ac546a7cc43de606c40a) Importer(815301076,1909f56bfc062723c751e8b465ee728b)
Start importing Assets/Resources/Items_Level/Hill_Ground_0.asset using Guid(74742df45934ac546a7cc43de606c40a) Importer(815301076,1909f56bfc062723c751e8b465ee728b) (PreviewImporter) -> (artifact id: '7165e189de269a0d6117338d4e14490d') in 0.0068073 seconds
Number of updated asset objects reloaded before import = 0Number of asset objects unloaded after import = 3

========================================================================
Received Import Request.
  Time since last request: 0.000021 seconds.
  path: Assets/Resources/Items_Level/Hill_Ground_13.asset
  artifactKey: Guid(42f18ca17800c3d4f9c0057f02b4fb6e) Importer(815301076,1909f56bfc062723c751e8b465ee728b)
Start importing Assets/Resources/Items_Level/Hill_Ground_13.asset using Guid(42f18ca17800c3d4f9c0057f02b4fb6e) Importer(815301076,1909f56bfc062723c751e8b465ee728b) (PreviewImporter) -> (artifact id: '24e9faa1bc95fa16e96b562c8ef331d6') in 0.0066136 seconds
Number of updated asset objects reloaded before import = 0Number of asset objects unloaded after import = 3

========================================================================
Received Import Request.
  Time since last request: 0.000019 seconds.
  path: Assets/Resources/Items_Level/Hill_Ground_2.asset
  artifactKey: Guid(b23863ec60901cb49b5daab6d8099934) Importer(815301076,1909f56bfc062723c751e8b465ee728b)
Start importing Assets/Resources/Items_Level/Hill_Ground_2.asset using Guid(b23863ec60901cb49b5daab6d8099934) Importer(815301076,1909f56bfc062723c751e8b465ee728b) (PreviewImporter) -> (artifact id: 'a857cb329f02f3efdb8813b0ee8bbdab') in 0.006465 seconds
Number of updated asset objects reloaded before import = 0Number of asset objects unloaded after import = 3

========================================================================
Received Import Request.
  Time since last request: 0.000020 seconds.
  path: Assets/Resources/Items_Level/Hill_Ground_12.asset
  artifactKey: Guid(cd023951f9d59014f9a764b97d26e0ca) Importer(815301076,1909f56bfc062723c751e8b465ee728b)
Start importing Assets/Resources/Items_Level/Hill_Ground_12.asset using Guid(cd023951f9d59014f9a764b97d26e0ca) Importer(815301076,1909f56bfc062723c751e8b465ee728b) (PreviewImporter) -> (artifact id: '2f5964888df12bf87bb0e9f84fde9900') in 0.006915 seconds
Number of updated asset objects reloaded before import = 0Number of asset objects unloaded after import = 3

========================================================================
Received Import Request.
  Time since last request: 0.000022 seconds.
  path: Assets/Resources/Items_Level/Hill_Ground_5.asset
  artifactKey: Guid(d66e2f7ccef1208418849e72465c57c9) Importer(815301076,1909f56bfc062723c751e8b465ee728b)
Start importing Assets/Resources/Items_Level/Hill_Ground_5.asset using Guid(d66e2f7ccef1208418849e72465c57c9) Importer(815301076,1909f56bfc062723c751e8b465ee728b) (PreviewImporter) -> (artifact id: '42b3b30d15c88153ca6fa94c634f7f0f') in 0.0179166 seconds
Number of updated asset objects reloaded before import = 0Number of asset objects unloaded after import = 3

========================================================================
Received Import Request.
  Time since last request: 0.000034 seconds.
  path: Assets/Resources/Items_Level/Hill_Ground_6.asset
  artifactKey: Guid(c008e077d2b1c414e8e4ddb077744984) Importer(815301076,1909f56bfc062723c751e8b465ee728b)
Start importing Assets/Resources/Items_Level/Hill_Ground_6.asset using Guid(c008e077d2b1c414e8e4ddb077744984) Importer(815301076,1909f56bfc062723c751e8b465ee728b) (PreviewImporter) -> (artifact id: '87550ed89aad254651f0767e5096eab8') in 0.0064201 seconds
Number of updated asset objects reloaded before import = 0Number of asset objects unloaded after import = 3

========================================================================
Received Import Request.
  Time since last request: 0.000023 seconds.
  path: Assets/Resources/Items_Level/Hill_Ground_7.asset
  artifactKey: Guid(9e9b11675ff0902409b94f46b6288379) Importer(815301076,1909f56bfc062723c751e8b465ee728b)
Start importing Assets/Resources/Items_Level/Hill_Ground_7.asset using Guid(9e9b11675ff0902409b94f46b6288379) Importer(815301076,1909f56bfc062723c751e8b465ee728b) (PreviewImporter) -> (artifact id: '757f22e8758ab86e29ac4a6b81d78605') in 0.006255 seconds
Number of updated asset objects reloaded before import = 0Number of asset objects unloaded after import = 3

========================================================================
Received Import Request.
  Time since last request: 3.359662 seconds.
  path: Assets/Resources/Items_Level/Hill_Ground_0.asset
  artifactKey: Guid(74742df45934ac546a7cc43de606c40a) Importer(815301076,1909f56bfc062723c751e8b465ee728b)
Start importing Assets/Resources/Items_Level/Hill_Ground_0.asset using Guid(74742df45934ac546a7cc43de606c40a) Importer(815301076,1909f56bfc062723c751e8b465ee728b) (PreviewImporter) -> (artifact id: '3f05154ec1dd45bef84c413a304e9689') in 0.0072666 seconds
Number of updated asset objects reloaded before import = 0Number of asset objects unloaded after import = 3

========================================================================
Received Import Request.
  Time since last request: 0.000021 seconds.
  path: Assets/Resources/Items_Level/Hill_Ground_13.asset
  artifactKey: Guid(42f18ca17800c3d4f9c0057f02b4fb6e) Importer(815301076,1909f56bfc062723c751e8b465ee728b)
Start importing Assets/Resources/Items_Level/Hill_Ground_13.asset using Guid(42f18ca17800c3d4f9c0057f02b4fb6e) Importer(815301076,1909f56bfc062723c751e8b465ee728b) (PreviewImporter) -> (artifact id: 'f3b3dacea18f617312cef634e14bd90f') in 0.008135 seconds
Number of updated asset objects reloaded before import = 0Number of asset objects unloaded after import = 3

========================================================================
Received Import Request.
  Time since last request: 0.000036 seconds.
  path: Assets/Resources/Items_Level/Hill_Ground_2.asset
  artifactKey: Guid(b23863ec60901cb49b5daab6d8099934) Importer(815301076,1909f56bfc062723c751e8b465ee728b)
Start importing Assets/Resources/Items_Level/Hill_Ground_2.asset using Guid(b23863ec60901cb49b5daab6d8099934) Importer(815301076,1909f56bfc062723c751e8b465ee728b) (PreviewImporter) -> (artifact id: 'ed35d3d01181a899f2e876c55ea3b559') in 0.0081394 seconds
Number of updated asset objects reloaded before import = 0Number of asset objects unloaded after import = 3

========================================================================
Received Import Request.
  Time since last request: 0.000018 seconds.
  path: Assets/Resources/Items_Level/Hill_Ground_12.asset
  artifactKey: Guid(cd023951f9d59014f9a764b97d26e0ca) Importer(815301076,1909f56bfc062723c751e8b465ee728b)
Start importing Assets/Resources/Items_Level/Hill_Ground_12.asset using Guid(cd023951f9d59014f9a764b97d26e0ca) Importer(815301076,1909f56bfc062723c751e8b465ee728b) (PreviewImporter) -> (artifact id: 'dfcd6d9285947256be990b671d8fa4ce') in 0.0084597 seconds
Number of updated asset objects reloaded before import = 0Number of asset objects unloaded after import = 3

========================================================================
Received Import Request.
  Time since last request: 0.000021 seconds.
  path: Assets/Resources/Items_Level/Hill_Ground_5.asset
  artifactKey: Guid(d66e2f7ccef1208418849e72465c57c9) Importer(815301076,1909f56bfc062723c751e8b465ee728b)
Start importing Assets/Resources/Items_Level/Hill_Ground_5.asset using Guid(d66e2f7ccef1208418849e72465c57c9) Importer(815301076,1909f56bfc062723c751e8b465ee728b) (PreviewImporter) -> (artifact id: 'a173367187049274510583d76b36da46') in 0.0151822 seconds
Number of updated asset objects reloaded before import = 0Number of asset objects unloaded after import = 3

========================================================================
Received Import Request.
  Time since last request: 0.000026 seconds.
  path: Assets/Resources/Items_Level/Hill_Ground_6.asset
  artifactKey: Guid(c008e077d2b1c414e8e4ddb077744984) Importer(815301076,1909f56bfc062723c751e8b465ee728b)
Start importing Assets/Resources/Items_Level/Hill_Ground_6.asset using Guid(c008e077d2b1c414e8e4ddb077744984) Importer(815301076,1909f56bfc062723c751e8b465ee728b) (PreviewImporter) -> (artifact id: '6a036b9f630e9334b9275b47e50458e9') in 0.0091827 seconds
Number of updated asset objects reloaded before import = 0Number of asset objects unloaded after import = 3

========================================================================
Received Import Request.
  Time since last request: 0.000030 seconds.
  path: Assets/Resources/Items_Level/Hill_Ground_7.asset
  artifactKey: Guid(9e9b11675ff0902409b94f46b6288379) Importer(815301076,1909f56bfc062723c751e8b465ee728b)
Start importing Assets/Resources/Items_Level/Hill_Ground_7.asset using Guid(9e9b11675ff0902409b94f46b6288379) Importer(815301076,1909f56bfc062723c751e8b465ee728b) (PreviewImporter) -> (artifact id: '3b7a6f173f00643dede9cba2029ce75d') in 0.0066173 seconds
Number of updated asset objects reloaded before import = 0Number of asset objects unloaded after import = 3

========================================================================
Received Import Request.
  Time since last request: 12.563733 seconds.
  path: Assets/Resources/Items_Level/Hill_Ground_0.asset
  artifactKey: Guid(74742df45934ac546a7cc43de606c40a) Importer(815301076,1909f56bfc062723c751e8b465ee728b)
Start importing Assets/Resources/Items_Level/Hill_Ground_0.asset using Guid(74742df45934ac546a7cc43de606c40a) Importer(815301076,1909f56bfc062723c751e8b465ee728b) (PreviewImporter) -> (artifact id: '9206b6d233ae45601c6df1cb14dd9ac9') in 0.0074205 seconds
Number of updated asset objects reloaded before import = 0Number of asset objects unloaded after import = 3

========================================================================
Received Import Request.
  Time since last request: 0.000028 seconds.
  path: Assets/Resources/Items_Level/Hill_Ground_13.asset
  artifactKey: Guid(42f18ca17800c3d4f9c0057f02b4fb6e) Importer(815301076,1909f56bfc062723c751e8b465ee728b)
Start importing Assets/Resources/Items_Level/Hill_Ground_13.asset using Guid(42f18ca17800c3d4f9c0057f02b4fb6e) Importer(815301076,1909f56bfc062723c751e8b465ee728b) (PreviewImporter) -> (artifact id: 'bca107ce338135d59d31cf4daef3ef03') in 0.0075241 seconds
Number of updated asset objects reloaded before import = 0Number of asset objects unloaded after import = 3

========================================================================
Received Import Request.
  Time since last request: 0.000034 seconds.
  path: Assets/Resources/Items_Level/Hill_Ground_2.asset
  artifactKey: Guid(b23863ec60901cb49b5daab6d8099934) Importer(815301076,1909f56bfc062723c751e8b465ee728b)
Start importing Assets/Resources/Items_Level/Hill_Ground_2.asset using Guid(b23863ec60901cb49b5daab6d8099934) Importer(815301076,1909f56bfc062723c751e8b465ee728b) (PreviewImporter) -> (artifact id: '9180f36b2f5065848ca42ac9ee521cc6') in 0.0065013 seconds
Number of updated asset objects reloaded before import = 0Number of asset objects unloaded after import = 3

========================================================================
Received Import Request.
  Time since last request: 0.000021 seconds.
  path: Assets/Resources/Items_Level/Hill_Ground_12.asset
  artifactKey: Guid(cd023951f9d59014f9a764b97d26e0ca) Importer(815301076,1909f56bfc062723c751e8b465ee728b)
Start importing Assets/Resources/Items_Level/Hill_Ground_12.asset using Guid(cd023951f9d59014f9a764b97d26e0ca) Importer(815301076,1909f56bfc062723c751e8b465ee728b) (PreviewImporter) -> (artifact id: 'a073ca4a685857953778e26c64dca1c2') in 0.0209444 seconds
Number of updated asset objects reloaded before import = 0Number of asset objects unloaded after import = 3

========================================================================
Received Import Request.
  Time since last request: 0.000023 seconds.
  path: Assets/Resources/Items_Level/Hill_Ground_5.asset
  artifactKey: Guid(d66e2f7ccef1208418849e72465c57c9) Importer(815301076,1909f56bfc062723c751e8b465ee728b)
Start importing Assets/Resources/Items_Level/Hill_Ground_5.asset using Guid(d66e2f7ccef1208418849e72465c57c9) Importer(815301076,1909f56bfc062723c751e8b465ee728b) (PreviewImporter) -> (artifact id: '108efa4aeaf62c5dd8ecd2c5c5eec3ba') in 0.008327 seconds
Number of updated asset objects reloaded before import = 0Number of asset objects unloaded after import = 3

========================================================================
Received Import Request.
  Time since last request: 0.000022 seconds.
  path: Assets/Resources/Items_Level/Hill_Ground_6.asset
  artifactKey: Guid(c008e077d2b1c414e8e4ddb077744984) Importer(815301076,1909f56bfc062723c751e8b465ee728b)
Start importing Assets/Resources/Items_Level/Hill_Ground_6.asset using Guid(c008e077d2b1c414e8e4ddb077744984) Importer(815301076,1909f56bfc062723c751e8b465ee728b) (PreviewImporter) -> (artifact id: 'ffae79243f9b97636684e6b481f8f72a') in 0.0084748 seconds
Number of updated asset objects reloaded before import = 0Number of asset objects unloaded after import = 3

========================================================================
Received Import Request.
  Time since last request: 0.000024 seconds.
  path: Assets/Resources/Items_Level/Hill_Ground_7.asset
  artifactKey: Guid(9e9b11675ff0902409b94f46b6288379) Importer(815301076,1909f56bfc062723c751e8b465ee728b)
Start importing Assets/Resources/Items_Level/Hill_Ground_7.asset using Guid(9e9b11675ff0902409b94f46b6288379) Importer(815301076,1909f56bfc062723c751e8b465ee728b) (PreviewImporter) -> (artifact id: '1edd8be305f3cf00b0c124a1097644ba') in 0.007098 seconds
Number of updated asset objects reloaded before import = 0Number of asset objects unloaded after import = 3

========================================================================
Received Import Request.
  Time since last request: 13.553064 seconds.
  path: Assets/Resources/Items_Level/Hill_Ground_0.asset
  artifactKey: Guid(74742df45934ac546a7cc43de606c40a) Importer(815301076,1909f56bfc062723c751e8b465ee728b)
Start importing Assets/Resources/Items_Level/Hill_Ground_0.asset using Guid(74742df45934ac546a7cc43de606c40a) Importer(815301076,1909f56bfc062723c751e8b465ee728b) (PreviewImporter) -> (artifact id: '697f68f05c09c3ffdb007c0e99a6c35f') in 0.0067609 seconds
Number of updated asset objects reloaded before import = 0Number of asset objects unloaded after import = 3

========================================================================
Received Import Request.
  Time since last request: 0.000023 seconds.
  path: Assets/Resources/Items_Level/Hill_Ground_13.asset
  artifactKey: Guid(42f18ca17800c3d4f9c0057f02b4fb6e) Importer(815301076,1909f56bfc062723c751e8b465ee728b)
Start importing Assets/Resources/Items_Level/Hill_Ground_13.asset using Guid(42f18ca17800c3d4f9c0057f02b4fb6e) Importer(815301076,1909f56bfc062723c751e8b465ee728b) (PreviewImporter) -> (artifact id: 'db81c378301a10152d7850f7a53550f8') in 0.0067826 seconds
Number of updated asset objects reloaded before import = 0Number of asset objects unloaded after import = 3

========================================================================
Received Import Request.
  Time since last request: 0.000021 seconds.
  path: Assets/Resources/Items_Level/Hill_Ground_2.asset
  artifactKey: Guid(b23863ec60901cb49b5daab6d8099934) Importer(815301076,1909f56bfc062723c751e8b465ee728b)
Start importing Assets/Resources/Items_Level/Hill_Ground_2.asset using Guid(b23863ec60901cb49b5daab6d8099934) Importer(815301076,1909f56bfc062723c751e8b465ee728b) (PreviewImporter) -> (artifact id: '242a56ec89af07da2affeaa943daf03c') in 0.0073954 seconds
Number of updated asset objects reloaded before import = 0Number of asset objects unloaded after import = 3

========================================================================
Received Import Request.
  Time since last request: 0.000037 seconds.
  path: Assets/Resources/Items_Level/Hill_Ground_12.asset
  artifactKey: Guid(cd023951f9d59014f9a764b97d26e0ca) Importer(815301076,1909f56bfc062723c751e8b465ee728b)
Start importing Assets/Resources/Items_Level/Hill_Ground_12.asset using Guid(cd023951f9d59014f9a764b97d26e0ca) Importer(815301076,1909f56bfc062723c751e8b465ee728b) (PreviewImporter) -> (artifact id: '351dcdf6500c355bff9dd696e48eebfc') in 0.0063819 seconds
Number of updated asset objects reloaded before import = 0Number of asset objects unloaded after import = 3

========================================================================
Received Import Request.
  Time since last request: 0.000022 seconds.
  path: Assets/Resources/Items_Level/Hill_Ground_5.asset
  artifactKey: Guid(d66e2f7ccef1208418849e72465c57c9) Importer(815301076,1909f56bfc062723c751e8b465ee728b)
Start importing Assets/Resources/Items_Level/Hill_Ground_5.asset using Guid(d66e2f7ccef1208418849e72465c57c9) Importer(815301076,1909f56bfc062723c751e8b465ee728b) (PreviewImporter) -> (artifact id: '384457d04a8f80a3487f437fa2fc325d') in 0.0063219 seconds
Number of updated asset objects reloaded before import = 0Number of asset objects unloaded after import = 3

========================================================================
Received Import Request.
  Time since last request: 0.000018 seconds.
  path: Assets/Resources/Items_Level/Hill_Ground_6.asset
  artifactKey: Guid(c008e077d2b1c414e8e4ddb077744984) Importer(815301076,1909f56bfc062723c751e8b465ee728b)
Start importing Assets/Resources/Items_Level/Hill_Ground_6.asset using Guid(c008e077d2b1c414e8e4ddb077744984) Importer(815301076,1909f56bfc062723c751e8b465ee728b) (PreviewImporter) -> (artifact id: '7a64f5cf1a22a654db63009a6e6ffa75') in 0.0061794 seconds
Number of updated asset objects reloaded before import = 0Number of asset objects unloaded after import = 3

========================================================================
Received Import Request.
  Time since last request: 0.000019 seconds.
  path: Assets/Resources/Items_Level/Hill_Ground_3.asset
  artifactKey: Guid(daf76b2a9fcd0ba489c8f84eb543cf57) Importer(815301076,1909f56bfc062723c751e8b465ee728b)
Start importing Assets/Resources/Items_Level/Hill_Ground_3.asset using Guid(daf76b2a9fcd0ba489c8f84eb543cf57) Importer(815301076,1909f56bfc062723c751e8b465ee728b) (PreviewImporter) -> (artifact id: '3e357c0d2f1da460f461296890246c35') in 0.0174203 seconds
Number of updated asset objects reloaded before import = 0Number of asset objects unloaded after import = 3

========================================================================
Received Import Request.
  Time since last request: 26.278011 seconds.
  path: Assets/Resources/Items_Level/Hill_Ground_0.asset
  artifactKey: Guid(74742df45934ac546a7cc43de606c40a) Importer(815301076,1909f56bfc062723c751e8b465ee728b)
Start importing Assets/Resources/Items_Level/Hill_Ground_0.asset using Guid(74742df45934ac546a7cc43de606c40a) Importer(815301076,1909f56bfc062723c751e8b465ee728b) (PreviewImporter) -> (artifact id: '0ffdf7e51d67896a2a836fbbf2f14aa2') in 0.0175427 seconds
Number of updated asset objects reloaded before import = 0Number of asset objects unloaded after import = 3

========================================================================
Received Import Request.
  Time since last request: 0.000021 seconds.
  path: Assets/Resources/Items_Level/Hill_Ground_13.asset
  artifactKey: Guid(42f18ca17800c3d4f9c0057f02b4fb6e) Importer(815301076,1909f56bfc062723c751e8b465ee728b)
Start importing Assets/Resources/Items_Level/Hill_Ground_13.asset using Guid(42f18ca17800c3d4f9c0057f02b4fb6e) Importer(815301076,1909f56bfc062723c751e8b465ee728b) (PreviewImporter) -> (artifact id: '1e4a1bf6f6f467e17d12061189b3cc56') in 0.0064292 seconds
Number of updated asset objects reloaded before import = 0Number of asset objects unloaded after import = 3

========================================================================
Received Import Request.
  Time since last request: 0.000025 seconds.
  path: Assets/Resources/Items_Level/Hill_Ground_2.asset
  artifactKey: Guid(b23863ec60901cb49b5daab6d8099934) Importer(815301076,1909f56bfc062723c751e8b465ee728b)
Start importing Assets/Resources/Items_Level/Hill_Ground_2.asset using Guid(b23863ec60901cb49b5daab6d8099934) Importer(815301076,1909f56bfc062723c751e8b465ee728b) (PreviewImporter) -> (artifact id: 'ef1bd15d06fbb67786910d82f3999e87') in 0.0164858 seconds
Number of updated asset objects reloaded before import = 0Number of asset objects unloaded after import = 3

========================================================================
Received Import Request.
  Time since last request: 0.000023 seconds.
  path: Assets/Resources/Items_Level/Hill_Ground_12.asset
  artifactKey: Guid(cd023951f9d59014f9a764b97d26e0ca) Importer(815301076,1909f56bfc062723c751e8b465ee728b)
Start importing Assets/Resources/Items_Level/Hill_Ground_12.asset using Guid(cd023951f9d59014f9a764b97d26e0ca) Importer(815301076,1909f56bfc062723c751e8b465ee728b) (PreviewImporter) -> (artifact id: '1389f1876f59bf7a8f0cb1057e2c17ae') in 0.0065431 seconds
Number of updated asset objects reloaded before import = 0Number of asset objects unloaded after import = 3

========================================================================
Received Import Request.
  Time since last request: 0.000032 seconds.
  path: Assets/Resources/Items_Level/Hill_Ground_5.asset
  artifactKey: Guid(d66e2f7ccef1208418849e72465c57c9) Importer(815301076,1909f56bfc062723c751e8b465ee728b)
Start importing Assets/Resources/Items_Level/Hill_Ground_5.asset using Guid(d66e2f7ccef1208418849e72465c57c9) Importer(815301076,1909f56bfc062723c751e8b465ee728b) (PreviewImporter) -> (artifact id: '14e3ec213539e8dca1889605ee901f72') in 0.0075884 seconds
Number of updated asset objects reloaded before import = 0Number of asset objects unloaded after import = 3

========================================================================
Received Import Request.
  Time since last request: 0.000017 seconds.
  path: Assets/Resources/Items_Level/Hill_Ground_6.asset
  artifactKey: Guid(c008e077d2b1c414e8e4ddb077744984) Importer(815301076,1909f56bfc062723c751e8b465ee728b)
Start importing Assets/Resources/Items_Level/Hill_Ground_6.asset using Guid(c008e077d2b1c414e8e4ddb077744984) Importer(815301076,1909f56bfc062723c751e8b465ee728b) (PreviewImporter) -> (artifact id: '8ffb558d81e5d8a205c8f70deb4e61b1') in 0.0063446 seconds
Number of updated asset objects reloaded before import = 0Number of asset objects unloaded after import = 3

========================================================================
Received Import Request.
  Time since last request: 0.000019 seconds.
  path: Assets/Resources/Items_Level/Hill_Ground_7.asset
  artifactKey: Guid(9e9b11675ff0902409b94f46b6288379) Importer(815301076,1909f56bfc062723c751e8b465ee728b)
Start importing Assets/Resources/Items_Level/Hill_Ground_7.asset using Guid(9e9b11675ff0902409b94f46b6288379) Importer(815301076,1909f56bfc062723c751e8b465ee728b) (PreviewImporter) -> (artifact id: '521561e400453e260f93f266178c7d38') in 0.006745 seconds
Number of updated asset objects reloaded before import = 0Number of asset objects unloaded after import = 3

========================================================================
Received Import Request.
  Time since last request: 0.000021 seconds.
  path: Assets/Resources/Items_Level/Hill_Ground_14.asset
  artifactKey: Guid(fd0a224928e41da4f9edef8766ad3a32) Importer(815301076,1909f56bfc062723c751e8b465ee728b)
Start importing Assets/Resources/Items_Level/Hill_Ground_14.asset using Guid(fd0a224928e41da4f9edef8766ad3a32) Importer(815301076,1909f56bfc062723c751e8b465ee728b) (PreviewImporter) -> (artifact id: 'fb48356b20eea2a53362cf9b09bd5fbf') in 0.0068892 seconds
Number of updated asset objects reloaded before import = 0Number of asset objects unloaded after import = 3

========================================================================
Received Import Request.
  Time since last request: 12.398174 seconds.
  path: Assets/Resources/Items_Level/Hill_Ground_0.asset
  artifactKey: Guid(74742df45934ac546a7cc43de606c40a) Importer(815301076,1909f56bfc062723c751e8b465ee728b)
Start importing Assets/Resources/Items_Level/Hill_Ground_0.asset using Guid(74742df45934ac546a7cc43de606c40a) Importer(815301076,1909f56bfc062723c751e8b465ee728b) (PreviewImporter) -> (artifact id: 'dd382ba7cedf3755f745330efb80c580') in 0.006908 seconds
Number of updated asset objects reloaded before import = 0Number of asset objects unloaded after import = 3

========================================================================
Received Import Request.
  Time since last request: 0.000021 seconds.
  path: Assets/Resources/Items_Level/Hill_Ground_13.asset
  artifactKey: Guid(42f18ca17800c3d4f9c0057f02b4fb6e) Importer(815301076,1909f56bfc062723c751e8b465ee728b)
Start importing Assets/Resources/Items_Level/Hill_Ground_13.asset using Guid(42f18ca17800c3d4f9c0057f02b4fb6e) Importer(815301076,1909f56bfc062723c751e8b465ee728b) (PreviewImporter) -> (artifact id: '8f4e3849d70f5c91c11ac0569e978f31') in 0.0063482 seconds
Number of updated asset objects reloaded before import = 0Number of asset objects unloaded after import = 3

========================================================================
Received Import Request.
  Time since last request: 0.000019 seconds.
  path: Assets/Resources/Items_Level/Hill_Ground_2.asset
  artifactKey: Guid(b23863ec60901cb49b5daab6d8099934) Importer(815301076,1909f56bfc062723c751e8b465ee728b)
Start importing Assets/Resources/Items_Level/Hill_Ground_2.asset using Guid(b23863ec60901cb49b5daab6d8099934) Importer(815301076,1909f56bfc062723c751e8b465ee728b) (PreviewImporter) -> (artifact id: '8fce147f2e4c24ce646523c36bb75929') in 0.0080741 seconds
Number of updated asset objects reloaded before import = 0Number of asset objects unloaded after import = 3

========================================================================
Received Import Request.
  Time since last request: 0.000021 seconds.
  path: Assets/Resources/Items_Level/Hill_Ground_12.asset
  artifactKey: Guid(cd023951f9d59014f9a764b97d26e0ca) Importer(815301076,1909f56bfc062723c751e8b465ee728b)
Start importing Assets/Resources/Items_Level/Hill_Ground_12.asset using Guid(cd023951f9d59014f9a764b97d26e0ca) Importer(815301076,1909f56bfc062723c751e8b465ee728b) (PreviewImporter) -> (artifact id: '1074431a21e9a176a672f37ef68aa5b0') in 0.0061566 seconds
Number of updated asset objects reloaded before import = 0Number of asset objects unloaded after import = 3

========================================================================
Received Import Request.
  Time since last request: 0.000029 seconds.
  path: Assets/Resources/Items_Level/Hill_Ground_5.asset
  artifactKey: Guid(d66e2f7ccef1208418849e72465c57c9) Importer(815301076,1909f56bfc062723c751e8b465ee728b)
Start importing Assets/Resources/Items_Level/Hill_Ground_5.asset using Guid(d66e2f7ccef1208418849e72465c57c9) Importer(815301076,1909f56bfc062723c751e8b465ee728b) (PreviewImporter) -> (artifact id: 'cb4cf90c7857f25a8a590f391c72f967') in 0.0098121 seconds
Number of updated asset objects reloaded before import = 0Number of asset objects unloaded after import = 3

========================================================================
Received Import Request.
  Time since last request: 0.000035 seconds.
  path: Assets/Resources/Items_Level/Hill_Ground_6.asset
  artifactKey: Guid(c008e077d2b1c414e8e4ddb077744984) Importer(815301076,1909f56bfc062723c751e8b465ee728b)
Start importing Assets/Resources/Items_Level/Hill_Ground_6.asset using Guid(c008e077d2b1c414e8e4ddb077744984) Importer(815301076,1909f56bfc062723c751e8b465ee728b) (PreviewImporter) -> (artifact id: '5d2901a8a07199c20eb6ef93bff2b8cf') in 0.006552 seconds
Number of updated asset objects reloaded before import = 0Number of asset objects unloaded after import = 3

========================================================================
Received Import Request.
  Time since last request: 0.000020 seconds.
  path: Assets/Resources/Items_Level/Hill_Ground_7.asset
  artifactKey: Guid(9e9b11675ff0902409b94f46b6288379) Importer(815301076,1909f56bfc062723c751e8b465ee728b)
Start importing Assets/Resources/Items_Level/Hill_Ground_7.asset using Guid(9e9b11675ff0902409b94f46b6288379) Importer(815301076,1909f56bfc062723c751e8b465ee728b) (PreviewImporter) -> (artifact id: '3411402ef7fc4285a6a3a6736c61cfa6') in 0.008243 seconds
Number of updated asset objects reloaded before import = 0Number of asset objects unloaded after import = 3

========================================================================
Received Import Request.
  Time since last request: 12.023499 seconds.
  path: Assets/Resources/Items_Level/Hill_Ground_0.asset
  artifactKey: Guid(74742df45934ac546a7cc43de606c40a) Importer(815301076,1909f56bfc062723c751e8b465ee728b)
Start importing Assets/Resources/Items_Level/Hill_Ground_0.asset using Guid(74742df45934ac546a7cc43de606c40a) Importer(815301076,1909f56bfc062723c751e8b465ee728b) (PreviewImporter) -> (artifact id: '573538e1025f2ce1b2024dbbed6434c3') in 0.0068821 seconds
Number of updated asset objects reloaded before import = 0Number of asset objects unloaded after import = 3

========================================================================
Received Import Request.
  Time since last request: 0.000022 seconds.
  path: Assets/Resources/Items_Level/Hill_Ground_13.asset
  artifactKey: Guid(42f18ca17800c3d4f9c0057f02b4fb6e) Importer(815301076,1909f56bfc062723c751e8b465ee728b)
Start importing Assets/Resources/Items_Level/Hill_Ground_13.asset using Guid(42f18ca17800c3d4f9c0057f02b4fb6e) Importer(815301076,1909f56bfc062723c751e8b465ee728b) (PreviewImporter) -> (artifact id: '2db9da18875ebd34bab4eae885ab66c7') in 0.0076239 seconds
Number of updated asset objects reloaded before import = 0Number of asset objects unloaded after import = 3

========================================================================
Received Import Request.
  Time since last request: 0.000027 seconds.
  path: Assets/Resources/Items_Level/Hill_Ground_2.asset
  artifactKey: Guid(b23863ec60901cb49b5daab6d8099934) Importer(815301076,1909f56bfc062723c751e8b465ee728b)
Start importing Assets/Resources/Items_Level/Hill_Ground_2.asset using Guid(b23863ec60901cb49b5daab6d8099934) Importer(815301076,1909f56bfc062723c751e8b465ee728b) (PreviewImporter) -> (artifact id: '6d882153cd6f094ab2dcaeb5b1005281') in 0.0086193 seconds
Number of updated asset objects reloaded before import = 0Number of asset objects unloaded after import = 3

========================================================================
Received Import Request.
  Time since last request: 0.000030 seconds.
  path: Assets/Resources/Items_Level/Hill_Ground_12.asset
  artifactKey: Guid(cd023951f9d59014f9a764b97d26e0ca) Importer(815301076,1909f56bfc062723c751e8b465ee728b)
Start importing Assets/Resources/Items_Level/Hill_Ground_12.asset using Guid(cd023951f9d59014f9a764b97d26e0ca) Importer(815301076,1909f56bfc062723c751e8b465ee728b) (PreviewImporter) -> (artifact id: 'ef248b540022d20d6240f02cdebb3862') in 0.0064178 seconds
Number of updated asset objects reloaded before import = 0Number of asset objects unloaded after import = 3

========================================================================
Received Import Request.
  Time since last request: 0.000020 seconds.
  path: Assets/Resources/Items_Level/Hill_Ground_5.asset
  artifactKey: Guid(d66e2f7ccef1208418849e72465c57c9) Importer(815301076,1909f56bfc062723c751e8b465ee728b)
Start importing Assets/Resources/Items_Level/Hill_Ground_5.asset using Guid(d66e2f7ccef1208418849e72465c57c9) Importer(815301076,1909f56bfc062723c751e8b465ee728b) (PreviewImporter) -> (artifact id: '0201f5e450fdaf9118bf5829bbcd8547') in 0.0070236 seconds
Number of updated asset objects reloaded before import = 0Number of asset objects unloaded after import = 3

========================================================================
Received Import Request.
  Time since last request: 0.000023 seconds.
  path: Assets/Resources/Items_Level/Hill_Ground_6.asset
  artifactKey: Guid(c008e077d2b1c414e8e4ddb077744984) Importer(815301076,1909f56bfc062723c751e8b465ee728b)
Start importing Assets/Resources/Items_Level/Hill_Ground_6.asset using Guid(c008e077d2b1c414e8e4ddb077744984) Importer(815301076,1909f56bfc062723c751e8b465ee728b) (PreviewImporter) -> (artifact id: '55968160c1602f4f237e39bcd941a4ac') in 0.0069428 seconds
Number of updated asset objects reloaded before import = 0Number of asset objects unloaded after import = 3

========================================================================
Received Import Request.
  Time since last request: 0.000022 seconds.
  path: Assets/Resources/Items_Level/Hill_Ground_7.asset
  artifactKey: Guid(9e9b11675ff0902409b94f46b6288379) Importer(815301076,1909f56bfc062723c751e8b465ee728b)
Start importing Assets/Resources/Items_Level/Hill_Ground_7.asset using Guid(9e9b11675ff0902409b94f46b6288379) Importer(815301076,1909f56bfc062723c751e8b465ee728b) (PreviewImporter) -> (artifact id: '0d0537a0850bececb36489bda1731801') in 0.0068809 seconds
Number of updated asset objects reloaded before import = 0Number of asset objects unloaded after import = 3

========================================================================
Received Import Request.
  Time since last request: 8.182905 seconds.
  path: Assets/Resources/Items_Level/Hill_Ground_0.asset
  artifactKey: Guid(74742df45934ac546a7cc43de606c40a) Importer(815301076,1909f56bfc062723c751e8b465ee728b)
Start importing Assets/Resources/Items_Level/Hill_Ground_0.asset using Guid(74742df45934ac546a7cc43de606c40a) Importer(815301076,1909f56bfc062723c751e8b465ee728b) (PreviewImporter) -> (artifact id: '7a9d0449e46f3d4fe357d8b0c2b01dc3') in 0.0067827 seconds
Number of updated asset objects reloaded before import = 0Number of asset objects unloaded after import = 3

========================================================================
Received Import Request.
  Time since last request: 0.000021 seconds.
  path: Assets/Resources/Items_Level/Hill_Ground_13.asset
  artifactKey: Guid(42f18ca17800c3d4f9c0057f02b4fb6e) Importer(815301076,1909f56bfc062723c751e8b465ee728b)
Start importing Assets/Resources/Items_Level/Hill_Ground_13.asset using Guid(42f18ca17800c3d4f9c0057f02b4fb6e) Importer(815301076,1909f56bfc062723c751e8b465ee728b) (PreviewImporter) -> (artifact id: '1e922310d1e9039fb36dd84e1023ec1d') in 0.007383 seconds
Number of updated asset objects reloaded before import = 0Number of asset objects unloaded after import = 3

========================================================================
Received Import Request.
  Time since last request: 0.000023 seconds.
  path: Assets/Resources/Items_Level/Hill_Ground_2.asset
  artifactKey: Guid(b23863ec60901cb49b5daab6d8099934) Importer(815301076,1909f56bfc062723c751e8b465ee728b)
Start importing Assets/Resources/Items_Level/Hill_Ground_2.asset using Guid(b23863ec60901cb49b5daab6d8099934) Importer(815301076,1909f56bfc062723c751e8b465ee728b) (PreviewImporter) -> (artifact id: 'd08af58b19acc0fdca5e15b29e12fd42') in 0.0062878 seconds
Number of updated asset objects reloaded before import = 0Number of asset objects unloaded after import = 3

========================================================================
Received Import Request.
  Time since last request: 0.000031 seconds.
  path: Assets/Resources/Items_Level/Hill_Ground_12.asset
  artifactKey: Guid(cd023951f9d59014f9a764b97d26e0ca) Importer(815301076,1909f56bfc062723c751e8b465ee728b)
Start importing Assets/Resources/Items_Level/Hill_Ground_12.asset using Guid(cd023951f9d59014f9a764b97d26e0ca) Importer(815301076,1909f56bfc062723c751e8b465ee728b) (PreviewImporter) -> (artifact id: 'd2582230ed87341ea96cd897e53028a9') in 0.0081999 seconds
Number of updated asset objects reloaded before import = 0Number of asset objects unloaded after import = 3

========================================================================
Received Import Request.
  Time since last request: 0.000017 seconds.
  path: Assets/Resources/Items_Level/Hill_Ground_5.asset
  artifactKey: Guid(d66e2f7ccef1208418849e72465c57c9) Importer(815301076,1909f56bfc062723c751e8b465ee728b)
Start importing Assets/Resources/Items_Level/Hill_Ground_5.asset using Guid(d66e2f7ccef1208418849e72465c57c9) Importer(815301076,1909f56bfc062723c751e8b465ee728b) (PreviewImporter) -> (artifact id: 'ee069095f44945e72f5acd2d27f5d036') in 0.0079989 seconds
Number of updated asset objects reloaded before import = 0Number of asset objects unloaded after import = 3

========================================================================
Received Import Request.
  Time since last request: 0.000021 seconds.
  path: Assets/Resources/Items_Level/Hill_Ground_10.asset
  artifactKey: Guid(3aefe4da6ed5a714fa958342b7ba7e67) Importer(815301076,1909f56bfc062723c751e8b465ee728b)
Start importing Assets/Resources/Items_Level/Hill_Ground_10.asset using Guid(3aefe4da6ed5a714fa958342b7ba7e67) Importer(815301076,1909f56bfc062723c751e8b465ee728b) (PreviewImporter) -> (artifact id: 'a6414719ed229164ae2a8da011b9ac5b') in 0.0069524 seconds
Number of updated asset objects reloaded before import = 0Number of asset objects unloaded after import = 3

========================================================================
Received Import Request.
  Time since last request: 0.000023 seconds.
  path: Assets/Resources/Items_Level/Hill_Ground_3.asset
  artifactKey: Guid(daf76b2a9fcd0ba489c8f84eb543cf57) Importer(815301076,1909f56bfc062723c751e8b465ee728b)
Start importing Assets/Resources/Items_Level/Hill_Ground_3.asset using Guid(daf76b2a9fcd0ba489c8f84eb543cf57) Importer(815301076,1909f56bfc062723c751e8b465ee728b) (PreviewImporter) -> (artifact id: 'cbd1bf85f3c1cd4ba1859f4bd6450ef6') in 0.0063561 seconds
Number of updated asset objects reloaded before import = 0Number of asset objects unloaded after import = 3

========================================================================
Received Import Request.
  Time since last request: 0.000024 seconds.
  path: Assets/Resources/Items_Level/Hill_Ground_14.asset
  artifactKey: Guid(fd0a224928e41da4f9edef8766ad3a32) Importer(815301076,1909f56bfc062723c751e8b465ee728b)
Start importing Assets/Resources/Items_Level/Hill_Ground_14.asset using Guid(fd0a224928e41da4f9edef8766ad3a32) Importer(815301076,1909f56bfc062723c751e8b465ee728b) (PreviewImporter) -> (artifact id: 'b3b0c93f89d964c908adaf1966c37f3f') in 0.0062857 seconds
Number of updated asset objects reloaded before import = 0Number of asset objects unloaded after import = 3

========================================================================
Received Import Request.
  Time since last request: 19.605136 seconds.
  path: Assets/Resources/Items_Level/Hill_Ground_0.asset
  artifactKey: Guid(74742df45934ac546a7cc43de606c40a) Importer(815301076,1909f56bfc062723c751e8b465ee728b)
Start importing Assets/Resources/Items_Level/Hill_Ground_0.asset using Guid(74742df45934ac546a7cc43de606c40a) Importer(815301076,1909f56bfc062723c751e8b465ee728b) (PreviewImporter) -> (artifact id: '8e916cd47ded5500a05d6863b912641f') in 0.0074136 seconds
Number of updated asset objects reloaded before import = 0Number of asset objects unloaded after import = 3

========================================================================
Received Import Request.
  Time since last request: 0.000033 seconds.
  path: Assets/Resources/Items_Level/Hill_Ground_13.asset
  artifactKey: Guid(42f18ca17800c3d4f9c0057f02b4fb6e) Importer(815301076,1909f56bfc062723c751e8b465ee728b)
Start importing Assets/Resources/Items_Level/Hill_Ground_13.asset using Guid(42f18ca17800c3d4f9c0057f02b4fb6e) Importer(815301076,1909f56bfc062723c751e8b465ee728b) (PreviewImporter) -> (artifact id: '94c4236178f8c34bb3afb1f235936910') in 0.0078034 seconds
Number of updated asset objects reloaded before import = 0Number of asset objects unloaded after import = 3

========================================================================
Received Import Request.
  Time since last request: 0.000018 seconds.
  path: Assets/Resources/Items_Level/Hill_Ground_2.asset
  artifactKey: Guid(b23863ec60901cb49b5daab6d8099934) Importer(815301076,1909f56bfc062723c751e8b465ee728b)
Start importing Assets/Resources/Items_Level/Hill_Ground_2.asset using Guid(b23863ec60901cb49b5daab6d8099934) Importer(815301076,1909f56bfc062723c751e8b465ee728b) (PreviewImporter) -> (artifact id: '04675c9464982679e49f78e2bfc99028') in 0.0068437 seconds
Number of updated asset objects reloaded before import = 0Number of asset objects unloaded after import = 3

========================================================================
Received Import Request.
  Time since last request: 0.000022 seconds.
  path: Assets/Resources/Items_Level/Hill_Ground_12.asset
  artifactKey: Guid(cd023951f9d59014f9a764b97d26e0ca) Importer(815301076,1909f56bfc062723c751e8b465ee728b)
Start importing Assets/Resources/Items_Level/Hill_Ground_12.asset using Guid(cd023951f9d59014f9a764b97d26e0ca) Importer(815301076,1909f56bfc062723c751e8b465ee728b) (PreviewImporter) -> (artifact id: '0be11f5c6463c1973896f8c28a5496eb') in 0.0075509 seconds
Number of updated asset objects reloaded before import = 0Number of asset objects unloaded after import = 3

========================================================================
Received Import Request.
  Time since last request: 0.000030 seconds.
  path: Assets/Resources/Items_Level/Hill_Ground_5.asset
  artifactKey: Guid(d66e2f7ccef1208418849e72465c57c9) Importer(815301076,1909f56bfc062723c751e8b465ee728b)
Start importing Assets/Resources/Items_Level/Hill_Ground_5.asset using Guid(d66e2f7ccef1208418849e72465c57c9) Importer(815301076,1909f56bfc062723c751e8b465ee728b) (PreviewImporter) -> (artifact id: 'c5593d788b5fc4af2570956264f365c2') in 0.0067883 seconds
Number of updated asset objects reloaded before import = 0Number of asset objects unloaded after import = 3

========================================================================
Received Import Request.
  Time since last request: 0.000022 seconds.
  path: Assets/Resources/Items_Level/Hill_Ground_6.asset
  artifactKey: Guid(c008e077d2b1c414e8e4ddb077744984) Importer(815301076,1909f56bfc062723c751e8b465ee728b)
Start importing Assets/Resources/Items_Level/Hill_Ground_6.asset using Guid(c008e077d2b1c414e8e4ddb077744984) Importer(815301076,1909f56bfc062723c751e8b465ee728b) (PreviewImporter) -> (artifact id: '20702b0216ce8ef1f5714788fe0cae60') in 0.0163445 seconds
Number of updated asset objects reloaded before import = 0Number of asset objects unloaded after import = 3

========================================================================
Received Import Request.
  Time since last request: 0.000019 seconds.
  path: Assets/Resources/Items_Level/Hill_Ground_7.asset
  artifactKey: Guid(9e9b11675ff0902409b94f46b6288379) Importer(815301076,1909f56bfc062723c751e8b465ee728b)
Start importing Assets/Resources/Items_Level/Hill_Ground_7.asset using Guid(9e9b11675ff0902409b94f46b6288379) Importer(815301076,1909f56bfc062723c751e8b465ee728b) (PreviewImporter) -> (artifact id: 'beec4f83adac229d7f834f905ab5d5bb') in 0.0063645 seconds
Number of updated asset objects reloaded before import = 0Number of asset objects unloaded after import = 3

========================================================================
Received Import Request.
  Time since last request: 11.770688 seconds.
  path: Assets/Resources/Items_Level/Hill_Ground_0.asset
  artifactKey: Guid(74742df45934ac546a7cc43de606c40a) Importer(815301076,1909f56bfc062723c751e8b465ee728b)
Start importing Assets/Resources/Items_Level/Hill_Ground_0.asset using Guid(74742df45934ac546a7cc43de606c40a) Importer(815301076,1909f56bfc062723c751e8b465ee728b) (PreviewImporter) -> (artifact id: '66cdac6cd426c8fa612f10ac2f1bdc2a') in 0.006873 seconds
Number of updated asset objects reloaded before import = 0Number of asset objects unloaded after import = 3

========================================================================
Received Import Request.
  Time since last request: 0.000027 seconds.
  path: Assets/Resources/Items_Level/Hill_Ground_13.asset
  artifactKey: Guid(42f18ca17800c3d4f9c0057f02b4fb6e) Importer(815301076,1909f56bfc062723c751e8b465ee728b)
Start importing Assets/Resources/Items_Level/Hill_Ground_13.asset using Guid(42f18ca17800c3d4f9c0057f02b4fb6e) Importer(815301076,1909f56bfc062723c751e8b465ee728b) (PreviewImporter) -> (artifact id: '0955865d49056d46e9be8243afba5711') in 0.0074496 seconds
Number of updated asset objects reloaded before import = 0Number of asset objects unloaded after import = 3

========================================================================
Received Import Request.
  Time since last request: 0.000029 seconds.
  path: Assets/Resources/Items_Level/Hill_Ground_2.asset
  artifactKey: Guid(b23863ec60901cb49b5daab6d8099934) Importer(815301076,1909f56bfc062723c751e8b465ee728b)
Start importing Assets/Resources/Items_Level/Hill_Ground_2.asset using Guid(b23863ec60901cb49b5daab6d8099934) Importer(815301076,1909f56bfc062723c751e8b465ee728b) (PreviewImporter) -> (artifact id: '6c9627733d7b73c8b9e47043e11dfe8e') in 0.006385 seconds
Number of updated asset objects reloaded before import = 0Number of asset objects unloaded after import = 3

========================================================================
Received Import Request.
  Time since last request: 0.000019 seconds.
  path: Assets/Resources/Items_Level/Hill_Ground_12.asset
  artifactKey: Guid(cd023951f9d59014f9a764b97d26e0ca) Importer(815301076,1909f56bfc062723c751e8b465ee728b)
Start importing Assets/Resources/Items_Level/Hill_Ground_12.asset using Guid(cd023951f9d59014f9a764b97d26e0ca) Importer(815301076,1909f56bfc062723c751e8b465ee728b) (PreviewImporter) -> (artifact id: 'b9676988f48854ccfb8b681ecb828f96') in 0.0061735 seconds
Number of updated asset objects reloaded before import = 0Number of asset objects unloaded after import = 3

========================================================================
Received Import Request.
  Time since last request: 0.000018 seconds.
  path: Assets/Resources/Items_Level/Hill_Ground_5.asset
  artifactKey: Guid(d66e2f7ccef1208418849e72465c57c9) Importer(815301076,1909f56bfc062723c751e8b465ee728b)
Start importing Assets/Resources/Items_Level/Hill_Ground_5.asset using Guid(d66e2f7ccef1208418849e72465c57c9) Importer(815301076,1909f56bfc062723c751e8b465ee728b) (PreviewImporter) -> (artifact id: '8582fc07e00ce54b201b6bdca9a4a039') in 0.00611 seconds
Number of updated asset objects reloaded before import = 0Number of asset objects unloaded after import = 3

========================================================================
Received Import Request.
  Time since last request: 0.000025 seconds.
  path: Assets/Resources/Items_Level/Hill_Ground_10.asset
  artifactKey: Guid(3aefe4da6ed5a714fa958342b7ba7e67) Importer(815301076,1909f56bfc062723c751e8b465ee728b)
Start importing Assets/Resources/Items_Level/Hill_Ground_10.asset using Guid(3aefe4da6ed5a714fa958342b7ba7e67) Importer(815301076,1909f56bfc062723c751e8b465ee728b) (PreviewImporter) -> (artifact id: '6100f95ae487db761ad53f42ba38fef3') in 0.005937 seconds
Number of updated asset objects reloaded before import = 0Number of asset objects unloaded after import = 3

========================================================================
Received Import Request.
  Time since last request: 0.000023 seconds.
  path: Assets/Resources/Items_Level/Hill_Ground_3.asset
  artifactKey: Guid(daf76b2a9fcd0ba489c8f84eb543cf57) Importer(815301076,1909f56bfc062723c751e8b465ee728b)
Start importing Assets/Resources/Items_Level/Hill_Ground_3.asset using Guid(daf76b2a9fcd0ba489c8f84eb543cf57) Importer(815301076,1909f56bfc062723c751e8b465ee728b) (PreviewImporter) -> (artifact id: '4651b27783c990f3ec28168cadab81f3') in 0.0068252 seconds
Number of updated asset objects reloaded before import = 0Number of asset objects unloaded after import = 3

========================================================================
Received Import Request.
  Time since last request: 0.000026 seconds.
  path: Assets/Resources/Items_Level/Hill_Ground_14.asset
  artifactKey: Guid(fd0a224928e41da4f9edef8766ad3a32) Importer(815301076,1909f56bfc062723c751e8b465ee728b)
Start importing Assets/Resources/Items_Level/Hill_Ground_14.asset using Guid(fd0a224928e41da4f9edef8766ad3a32) Importer(815301076,1909f56bfc062723c751e8b465ee728b) (PreviewImporter) -> (artifact id: '985441c0e38ee365363854d1fd022929') in 0.0058918 seconds
Number of updated asset objects reloaded before import = 0Number of asset objects unloaded after import = 3

========================================================================
Received Import Request.
  Time since last request: 13.218517 seconds.
  path: Assets/Resources/Items_Level/Hill_Ground_0.asset
  artifactKey: Guid(74742df45934ac546a7cc43de606c40a) Importer(815301076,1909f56bfc062723c751e8b465ee728b)
Start importing Assets/Resources/Items_Level/Hill_Ground_0.asset using Guid(74742df45934ac546a7cc43de606c40a) Importer(815301076,1909f56bfc062723c751e8b465ee728b) (PreviewImporter) -> (artifact id: 'bae6f7c2358a8cef65f7a4c4ef29b861') in 0.0081496 seconds
Number of updated asset objects reloaded before import = 0Number of asset objects unloaded after import = 3

========================================================================
Received Import Request.
  Time since last request: 0.000025 seconds.
  path: Assets/Resources/Items_Level/Hill_Ground_13.asset
  artifactKey: Guid(42f18ca17800c3d4f9c0057f02b4fb6e) Importer(815301076,1909f56bfc062723c751e8b465ee728b)
Start importing Assets/Resources/Items_Level/Hill_Ground_13.asset using Guid(42f18ca17800c3d4f9c0057f02b4fb6e) Importer(815301076,1909f56bfc062723c751e8b465ee728b) (PreviewImporter) -> (artifact id: '240f966a4114008f1c7d75172fe178d6') in 0.0075164 seconds
Number of updated asset objects reloaded before import = 0Number of asset objects unloaded after import = 3

========================================================================
Received Import Request.
  Time since last request: 0.000020 seconds.
  path: Assets/Resources/Items_Level/Hill_Ground_2.asset
  artifactKey: Guid(b23863ec60901cb49b5daab6d8099934) Importer(815301076,1909f56bfc062723c751e8b465ee728b)
Start importing Assets/Resources/Items_Level/Hill_Ground_2.asset using Guid(b23863ec60901cb49b5daab6d8099934) Importer(815301076,1909f56bfc062723c751e8b465ee728b) (PreviewImporter) -> (artifact id: '6e6d5438072c4994bf3f6d4b49e22873') in 0.0082569 seconds
Number of updated asset objects reloaded before import = 0Number of asset objects unloaded after import = 3

========================================================================
Received Import Request.
  Time since last request: 0.000049 seconds.
  path: Assets/Resources/Items_Level/Hill_Ground_12.asset
  artifactKey: Guid(cd023951f9d59014f9a764b97d26e0ca) Importer(815301076,1909f56bfc062723c751e8b465ee728b)
Start importing Assets/Resources/Items_Level/Hill_Ground_12.asset using Guid(cd023951f9d59014f9a764b97d26e0ca) Importer(815301076,1909f56bfc062723c751e8b465ee728b) (PreviewImporter) -> (artifact id: 'ff46fa862f9115075422ff94bad5e8dc') in 0.0078318 seconds
Number of updated asset objects reloaded before import = 0Number of asset objects unloaded after import = 3

========================================================================
Received Import Request.
  Time since last request: 0.000035 seconds.
  path: Assets/Resources/Items_Level/Hill_Ground_9.asset
  artifactKey: Guid(e868617910522644aae1b5d101dff057) Importer(815301076,1909f56bfc062723c751e8b465ee728b)
Start importing Assets/Resources/Items_Level/Hill_Ground_9.asset using Guid(e868617910522644aae1b5d101dff057) Importer(815301076,1909f56bfc062723c751e8b465ee728b) (PreviewImporter) -> (artifact id: 'f58a7245d994276dac27657d722c231f') in 0.0082181 seconds
Number of updated asset objects reloaded before import = 0Number of asset objects unloaded after import = 3

========================================================================
Received Import Request.
  Time since last request: 0.000031 seconds.
  path: Assets/Resources/Items_Level/Hill_Ground_10.asset
  artifactKey: Guid(3aefe4da6ed5a714fa958342b7ba7e67) Importer(815301076,1909f56bfc062723c751e8b465ee728b)
Start importing Assets/Resources/Items_Level/Hill_Ground_10.asset using Guid(3aefe4da6ed5a714fa958342b7ba7e67) Importer(815301076,1909f56bfc062723c751e8b465ee728b) (PreviewImporter) -> (artifact id: '34abe0ad459d043023726935dd7db8ad') in 0.0072706 seconds
Number of updated asset objects reloaded before import = 0Number of asset objects unloaded after import = 3

========================================================================
Received Import Request.
  Time since last request: 0.000020 seconds.
  path: Assets/Resources/Items_Level/Hill_Ground_3.asset
  artifactKey: Guid(daf76b2a9fcd0ba489c8f84eb543cf57) Importer(815301076,1909f56bfc062723c751e8b465ee728b)
Start importing Assets/Resources/Items_Level/Hill_Ground_3.asset using Guid(daf76b2a9fcd0ba489c8f84eb543cf57) Importer(815301076,1909f56bfc062723c751e8b465ee728b) (PreviewImporter) -> (artifact id: '1ed80c5db95842feaca033a7d3c63c28') in 0.0064504 seconds
Number of updated asset objects reloaded before import = 0Number of asset objects unloaded after import = 3

========================================================================
Received Import Request.
  Time since last request: 0.000021 seconds.
  path: Assets/Resources/Items_Level/Hill_Ground_14.asset
  artifactKey: Guid(fd0a224928e41da4f9edef8766ad3a32) Importer(815301076,1909f56bfc062723c751e8b465ee728b)
Start importing Assets/Resources/Items_Level/Hill_Ground_14.asset using Guid(fd0a224928e41da4f9edef8766ad3a32) Importer(815301076,1909f56bfc062723c751e8b465ee728b) (PreviewImporter) -> (artifact id: '4e64671124a514ab801d5b04892034c8') in 0.0058269 seconds
Number of updated asset objects reloaded before import = 0Number of asset objects unloaded after import = 3

========================================================================
Received Import Request.
  Time since last request: 4.741689 seconds.
  path: Assets/Resources/Items_Level/Hill_Ground_0.asset
  artifactKey: Guid(74742df45934ac546a7cc43de606c40a) Importer(815301076,1909f56bfc062723c751e8b465ee728b)
Start importing Assets/Resources/Items_Level/Hill_Ground_0.asset using Guid(74742df45934ac546a7cc43de606c40a) Importer(815301076,1909f56bfc062723c751e8b465ee728b) (PreviewImporter) -> (artifact id: 'be09f188775a8e6c94377697991657ef') in 0.0071542 seconds
Number of updated asset objects reloaded before import = 0Number of asset objects unloaded after import = 3

========================================================================
Received Import Request.
  Time since last request: 0.000021 seconds.
  path: Assets/Resources/Items_Level/Hill_Ground_13.asset
  artifactKey: Guid(42f18ca17800c3d4f9c0057f02b4fb6e) Importer(815301076,1909f56bfc062723c751e8b465ee728b)
Start importing Assets/Resources/Items_Level/Hill_Ground_13.asset using Guid(42f18ca17800c3d4f9c0057f02b4fb6e) Importer(815301076,1909f56bfc062723c751e8b465ee728b) (PreviewImporter) -> (artifact id: 'a2ab58acc9d8d3d278d58f3f09d2ebae') in 0.0065001 seconds
Number of updated asset objects reloaded before import = 0Number of asset objects unloaded after import = 3

========================================================================
Received Import Request.
  Time since last request: 0.000017 seconds.
  path: Assets/Resources/Items_Level/Hill_Ground_2.asset
  artifactKey: Guid(b23863ec60901cb49b5daab6d8099934) Importer(815301076,1909f56bfc062723c751e8b465ee728b)
Start importing Assets/Resources/Items_Level/Hill_Ground_2.asset using Guid(b23863ec60901cb49b5daab6d8099934) Importer(815301076,1909f56bfc062723c751e8b465ee728b) (PreviewImporter) -> (artifact id: 'fa7879c0ced0f9c640facfdeef1a594c') in 0.0072372 seconds
Number of updated asset objects reloaded before import = 0Number of asset objects unloaded after import = 3

========================================================================
Received Import Request.
  Time since last request: 0.000019 seconds.
  path: Assets/Resources/Items_Level/Hill_Ground_12.asset
  artifactKey: Guid(cd023951f9d59014f9a764b97d26e0ca) Importer(815301076,1909f56bfc062723c751e8b465ee728b)
Start importing Assets/Resources/Items_Level/Hill_Ground_12.asset using Guid(cd023951f9d59014f9a764b97d26e0ca) Importer(815301076,1909f56bfc062723c751e8b465ee728b) (PreviewImporter) -> (artifact id: '1b5663042078c384c3281222179991b0') in 0.0086327 seconds
Number of updated asset objects reloaded before import = 0Number of asset objects unloaded after import = 3

========================================================================
Received Import Request.
  Time since last request: 0.000028 seconds.
  path: Assets/Resources/Items_Level/Hill_Ground_5.asset
  artifactKey: Guid(d66e2f7ccef1208418849e72465c57c9) Importer(815301076,1909f56bfc062723c751e8b465ee728b)
Start importing Assets/Resources/Items_Level/Hill_Ground_5.asset using Guid(d66e2f7ccef1208418849e72465c57c9) Importer(815301076,1909f56bfc062723c751e8b465ee728b) (PreviewImporter) -> (artifact id: 'd0083599ce2fa6280c2d190e0faeaddd') in 0.0065849 seconds
Number of updated asset objects reloaded before import = 0Number of asset objects unloaded after import = 3

========================================================================
Received Import Request.
  Time since last request: 0.000030 seconds.
  path: Assets/Resources/Items_Level/Hill_Ground_10.asset
  artifactKey: Guid(3aefe4da6ed5a714fa958342b7ba7e67) Importer(815301076,1909f56bfc062723c751e8b465ee728b)
Start importing Assets/Resources/Items_Level/Hill_Ground_10.asset using Guid(3aefe4da6ed5a714fa958342b7ba7e67) Importer(815301076,1909f56bfc062723c751e8b465ee728b) (PreviewImporter) -> (artifact id: 'b9ff371786d7ce29a32de7c4657148dc') in 0.0071718 seconds
Number of updated asset objects reloaded before import = 0Number of asset objects unloaded after import = 3

========================================================================
Received Import Request.
  Time since last request: 0.000019 seconds.
  path: Assets/Resources/Items_Level/Hill_Ground_3.asset
  artifactKey: Guid(daf76b2a9fcd0ba489c8f84eb543cf57) Importer(815301076,1909f56bfc062723c751e8b465ee728b)
Start importing Assets/Resources/Items_Level/Hill_Ground_3.asset using Guid(daf76b2a9fcd0ba489c8f84eb543cf57) Importer(815301076,1909f56bfc062723c751e8b465ee728b) (PreviewImporter) -> (artifact id: '9c3e9bcbfe971fab7b669342cb56e338') in 0.0074993 seconds
Number of updated asset objects reloaded before import = 0Number of asset objects unloaded after import = 3

========================================================================
Received Import Request.
  Time since last request: 0.000018 seconds.
  path: Assets/Resources/Items_Level/Hill_Ground_14.asset
  artifactKey: Guid(fd0a224928e41da4f9edef8766ad3a32) Importer(815301076,1909f56bfc062723c751e8b465ee728b)
Start importing Assets/Resources/Items_Level/Hill_Ground_14.asset using Guid(fd0a224928e41da4f9edef8766ad3a32) Importer(815301076,1909f56bfc062723c751e8b465ee728b) (PreviewImporter) -> (artifact id: '89b669c023abf368f3a8a343cdf39264') in 0.0063409 seconds
Number of updated asset objects reloaded before import = 0Number of asset objects unloaded after import = 3

========================================================================
Received Import Request.
  Time since last request: 2700.188213 seconds.
  path: Assets/Resources/Items_Level/Hill_Ground.png
  artifactKey: Guid(aa7671384e611c24ebc6cd2c30a6b2d1) Importer(815301076,1909f56bfc062723c751e8b465ee728b)
Start importing Assets/Resources/Items_Level/Hill_Ground.png using Guid(aa7671384e611c24ebc6cd2c30a6b2d1) Importer(815301076,1909f56bfc062723c751e8b465ee728b) (PreviewImporter) -> (artifact id: '6ec3f1fb1bf989794e85209be945da5b') in 0.0918913 seconds
Number of updated asset objects reloaded before import = 0Number of asset objects unloaded after import = 17

========================================================================
Received Import Request.
  Time since last request: 0.000028 seconds.
  path: Assets/Resources/Items_Level/Hill_Ground_13.asset
  artifactKey: Guid(42f18ca17800c3d4f9c0057f02b4fb6e) Importer(815301076,1909f56bfc062723c751e8b465ee728b)
Start importing Assets/Resources/Items_Level/Hill_Ground_13.asset using Guid(42f18ca17800c3d4f9c0057f02b4fb6e) Importer(815301076,1909f56bfc062723c751e8b465ee728b) (PreviewImporter) -> (artifact id: '44443092e0fc72cf1d0c63e9be9747c7') in 0.0078535 seconds
Number of updated asset objects reloaded before import = 0Number of asset objects unloaded after import = 3

========================================================================
Received Import Request.
  Time since last request: 0.000030 seconds.
  path: Assets/Resources/Items_Level/Hill_Ground_8.asset
  artifactKey: Guid(cc33410c64f310044ac70a826c5d8ef3) Importer(815301076,1909f56bfc062723c751e8b465ee728b)
Start importing Assets/Resources/Items_Level/Hill_Ground_8.asset using Guid(cc33410c64f310044ac70a826c5d8ef3) Importer(815301076,1909f56bfc062723c751e8b465ee728b) (PreviewImporter) -> (artifact id: '26f90b296779807e9e59888432a451ba') in 0.01748 seconds
Number of updated asset objects reloaded before import = 0Number of asset objects unloaded after import = 3

========================================================================
Received Import Request.
  Time since last request: 0.000020 seconds.
  path: Assets/Resources/Items_Level/Hill_Ground_2.asset
  artifactKey: Guid(b23863ec60901cb49b5daab6d8099934) Importer(815301076,1909f56bfc062723c751e8b465ee728b)
Start importing Assets/Resources/Items_Level/Hill_Ground_2.asset using Guid(b23863ec60901cb49b5daab6d8099934) Importer(815301076,1909f56bfc062723c751e8b465ee728b) (PreviewImporter) -> (artifact id: '394bb8a89d7903cbf9d0db094ff8fa52') in 0.0073669 seconds
Number of updated asset objects reloaded before import = 0Number of asset objects unloaded after import = 3

========================================================================
Received Import Request.
  Time since last request: 0.000018 seconds.
  path: Assets/Resources/Items_Level/Hill_Ground_11.asset
  artifactKey: Guid(1e46e51bc2190bc4f87289fc12b52bf5) Importer(815301076,1909f56bfc062723c751e8b465ee728b)
Start importing Assets/Resources/Items_Level/Hill_Ground_11.asset using Guid(1e46e51bc2190bc4f87289fc12b52bf5) Importer(815301076,1909f56bfc062723c751e8b465ee728b) (PreviewImporter) -> (artifact id: 'fcfa01dc9eae6ecc023e4f19c5a6d8d5') in 0.0067758 seconds
Number of updated asset objects reloaded before import = 0Number of asset objects unloaded after import = 3

========================================================================
Received Import Request.
  Time since last request: 0.000022 seconds.
  path: Assets/Resources/Items_Level/Hill_Ground_12.asset
  artifactKey: Guid(cd023951f9d59014f9a764b97d26e0ca) Importer(815301076,1909f56bfc062723c751e8b465ee728b)
Start importing Assets/Resources/Items_Level/Hill_Ground_12.asset using Guid(cd023951f9d59014f9a764b97d26e0ca) Importer(815301076,1909f56bfc062723c751e8b465ee728b) (PreviewImporter) -> (artifact id: '5d3598a3d43c905f19693e22548fa6b7') in 0.0073697 seconds
Number of updated asset objects reloaded before import = 0Number of asset objects unloaded after import = 3

========================================================================
Received Import Request.
  Time since last request: 0.000023 seconds.
  path: Assets/Resources/Items_Level/Hill_Ground_4.asset
  artifactKey: Guid(26ad04a4f8f451e4dad267ce922c351f) Importer(815301076,1909f56bfc062723c751e8b465ee728b)
Start importing Assets/Resources/Items_Level/Hill_Ground_4.asset using Guid(26ad04a4f8f451e4dad267ce922c351f) Importer(815301076,1909f56bfc062723c751e8b465ee728b) (PreviewImporter) -> (artifact id: '71cf92269f29352d97ac2c13a9fcd733') in 0.0148798 seconds
Number of updated asset objects reloaded before import = 0Number of asset objects unloaded after import = 3

========================================================================
Received Import Request.
  Time since last request: 0.000031 seconds.
  path: Assets/Resources/Items_Level/Hill_Ground_5.asset
  artifactKey: Guid(d66e2f7ccef1208418849e72465c57c9) Importer(815301076,1909f56bfc062723c751e8b465ee728b)
Start importing Assets/Resources/Items_Level/Hill_Ground_5.asset using Guid(d66e2f7ccef1208418849e72465c57c9) Importer(815301076,1909f56bfc062723c751e8b465ee728b) (PreviewImporter) -> (artifact id: '3439b451d825a49e147d8af4273707e3') in 0.006334 seconds
Number of updated asset objects reloaded before import = 0Number of asset objects unloaded after import = 3

========================================================================
Received Import Request.
  Time since last request: 0.000023 seconds.
  path: Assets/Resources/Items_Level/Hill_Ground_10.asset
  artifactKey: Guid(3aefe4da6ed5a714fa958342b7ba7e67) Importer(815301076,1909f56bfc062723c751e8b465ee728b)
Start importing Assets/Resources/Items_Level/Hill_Ground_10.asset using Guid(3aefe4da6ed5a714fa958342b7ba7e67) Importer(815301076,1909f56bfc062723c751e8b465ee728b) (PreviewImporter) -> (artifact id: 'a7737557ef15e5de100299759d23e9d2') in 0.0067137 seconds
Number of updated asset objects reloaded before import = 0Number of asset objects unloaded after import = 3

========================================================================
Received Import Request.
  Time since last request: 0.000048 seconds.
  path: Assets/Resources/Items_Level/Hill_Ground_6.asset
  artifactKey: Guid(c008e077d2b1c414e8e4ddb077744984) Importer(815301076,1909f56bfc062723c751e8b465ee728b)
Start importing Assets/Resources/Items_Level/Hill_Ground_6.asset using Guid(c008e077d2b1c414e8e4ddb077744984) Importer(815301076,1909f56bfc062723c751e8b465ee728b) (PreviewImporter) -> (artifact id: 'e4a564afe1e3920bb89165291c6e6a1f') in 0.0160936 seconds
Number of updated asset objects reloaded before import = 0Number of asset objects unloaded after import = 3

========================================================================
Received Import Request.
  Time since last request: 0.000022 seconds.
  path: Assets/Resources/Items_Level/Hill_Ground_7.asset
  artifactKey: Guid(9e9b11675ff0902409b94f46b6288379) Importer(815301076,1909f56bfc062723c751e8b465ee728b)
Start importing Assets/Resources/Items_Level/Hill_Ground_7.asset using Guid(9e9b11675ff0902409b94f46b6288379) Importer(815301076,1909f56bfc062723c751e8b465ee728b) (PreviewImporter) -> (artifact id: 'e9a2549e82ad92fe732f86897d3e4ef3') in 0.0093366 seconds
Number of updated asset objects reloaded before import = 0Number of asset objects unloaded after import = 3

========================================================================
Received Import Request.
  Time since last request: 0.000022 seconds.
  path: Assets/Resources/Items_Level/Hill_Ground_14.asset
  artifactKey: Guid(fd0a224928e41da4f9edef8766ad3a32) Importer(815301076,1909f56bfc062723c751e8b465ee728b)
Start importing Assets/Resources/Items_Level/Hill_Ground_14.asset using Guid(fd0a224928e41da4f9edef8766ad3a32) Importer(815301076,1909f56bfc062723c751e8b465ee728b) (PreviewImporter) -> (artifact id: '6be13ad9d365cfd41c1db2c4b43999f5') in 0.006427 seconds
Number of updated asset objects reloaded before import = 0Number of asset objects unloaded after import = 3

Editor requested this worker to shutdown with reason: Scaling down because of idle timeout
AssetImportWorker is now disconnected from the server
Process exiting
Exiting without the bug reporter. Application will terminate with return code 0