Using pre-set license
Built from '6000.0/staging' branch; Version is '6000.0.40f1 (157d81624ddf) revision 1408385'; Using compiler version '193933523'; Build Type 'Release'
OS: 'Windows 10  (10.0.19045) 64bit Professional' Language: 'uk' Physical Memory: 16334 MB
BatchMode: 1, IsHumanControllingUs: 0, StartBugReporterOnCrash: 0, Is64bit: 1, IsPro: 1

COMMAND LINE ARGUMENTS:
D:\Unity\6000.0.40f1\Editor\Unity.exe
-adb2
-batchMode
-noUpm
-name
AssetImportWorker3
-projectPath
D:/GameDev/Brotato
-logFile
Logs/AssetImportWorker3.log
-srvPort
51176
-job-worker-count
5
-background-job-worker-count
8
-gc-helper-count
1
Successfully changed project path to: D:/GameDev/Brotato
D:/GameDev/Brotato
[UnityMemory] Configuration Parameters - Can be set up in boot.config
    "memorysetup-bucket-allocator-granularity=16"
    "memorysetup-bucket-allocator-bucket-count=8"
    "memorysetup-bucket-allocator-block-size=33554432"
    "memorysetup-bucket-allocator-block-count=8"
    "memorysetup-main-allocator-block-size=16777216"
    "memorysetup-thread-allocator-block-size=16777216"
    "memorysetup-gfx-main-allocator-block-size=16777216"
    "memorysetup-gfx-thread-allocator-block-size=16777216"
    "memorysetup-cache-allocator-block-size=4194304"
    "memorysetup-typetree-allocator-block-size=2097152"
    "memorysetup-profiler-bucket-allocator-granularity=16"
    "memorysetup-profiler-bucket-allocator-bucket-count=8"
    "memorysetup-profiler-bucket-allocator-block-size=33554432"
    "memorysetup-profiler-bucket-allocator-block-count=8"
    "memorysetup-profiler-allocator-block-size=16777216"
    "memorysetup-profiler-editor-allocator-block-size=1048576"
    "memorysetup-temp-allocator-size-main=16777216"
    "memorysetup-job-temp-allocator-block-size=2097152"
    "memorysetup-job-temp-allocator-block-size-background=1048576"
    "memorysetup-job-temp-allocator-reduction-small-platforms=262144"
    "memorysetup-allocator-temp-initial-block-size-main=262144"
    "memorysetup-allocator-temp-initial-block-size-worker=262144"
    "memorysetup-temp-allocator-size-background-worker=32768"
    "memorysetup-temp-allocator-size-job-worker=262144"
    "memorysetup-temp-allocator-size-preload-manager=33554432"
    "memorysetup-temp-allocator-size-nav-mesh-worker=65536"
    "memorysetup-temp-allocator-size-audio-worker=65536"
    "memorysetup-temp-allocator-size-cloud-worker=32768"
    "memorysetup-temp-allocator-size-gi-baking-worker=262144"
    "memorysetup-temp-allocator-size-gi-baking-worker=262144"
    "memorysetup-temp-allocator-size-gi-baking-worker=262144"
    "memorysetup-temp-allocator-size-gi-baking-worker=262144"
    "memorysetup-temp-allocator-size-gi-baking-worker=262144"
    "memorysetup-temp-allocator-size-gfx=262144"
Player connection [19588]  Target information:

Player connection [19588]  * "[IP] 192.168.0.28 [Port] 0 [Flags] 2 [Guid] 989791566 [EditorId] 989791566 [Version] 1048832 [Id] WindowsEditor(7,DESKTOP-4DD92S9) [Debug] 1 [PackageName] WindowsEditor [ProjectName] Editor" 

Player connection [19588] Host joined multi-casting on [225.0.0.222:54997]...
Player connection [19588] Host joined alternative multi-casting on [225.0.0.222:34997]...
JobSystem: Creating JobQueue using job-worker-count value 5
Input System module state changed to: Initialized.
[Physics::Module] Initialized fallback backend.
[Physics::Module] Id: 0xdecafbad
Library Redirect Path: Library/
[Physics::Module] Selected backend.
[Physics::Module] Name: PhysX
[Physics::Module] Id: 0xf2b8ea05
[Physics::Module] SDK Version: 4.1.2
[Physics::Module] Integration Version: 1.0.0
[Physics::Module] Threading Mode: Multi-Threaded
Refreshing native plugins compatible for Editor in 3.83 ms, found 4 plugins.
Preloading 0 native plugins for Editor in 0.00 ms.
Initialize engine version: 6000.0.40f1 (157d81624ddf)
[Subsystems] Discovering subsystems at path D:/Unity/6000.0.40f1/Editor/Data/Resources/UnitySubsystems
[Subsystems] Discovering subsystems at path D:/GameDev/Brotato/Assets
GfxDevice: creating device client; kGfxThreadingModeNonThreaded
Direct3D:
    Version:  Direct3D 11.0 [level 11.1]
    Renderer: Radeon RX 590 Series (ID=0x67df)
    Vendor:   ATI
    VRAM:     8170 MB
    Driver:   31.0.21923.1000
Shader Hidden/ProbeVolume/VoxelizeScene is not supported: GPU does not support conservative rasterization
Initialize mono
Mono path[0] = 'D:/Unity/6000.0.40f1/Editor/Data/Managed'
Mono path[1] = 'D:/Unity/6000.0.40f1/Editor/Data/MonoBleedingEdge/lib/mono/unityjit-win32'
Mono config path = 'D:/Unity/6000.0.40f1/Editor/Data/MonoBleedingEdge/etc'
Using monoOptions --debugger-agent=transport=dt_socket,embedding=1,server=y,suspend=n,address=127.0.0.1:56036
Begin MonoManager ReloadAssembly
Registering precompiled unity dll's ...
Register platform support module: D:/Unity/6000.0.40f1/Editor/Data/PlaybackEngines/WebGLSupport/UnityEditor.WebGL.Extensions.dll
Register platform support module: D:/Unity/6000.0.40f1/Editor/Data/PlaybackEngines/WindowsStandaloneSupport/UnityEditor.WindowsStandalone.Extensions.dll
Register platform support module: D:/Unity/6000.0.40f1/Editor/Data/PlaybackEngines/AndroidPlayer/UnityEditor.Android.Extensions.dll
Registered in 0.006148 seconds.
- Loaded All Assemblies, in  0.613 seconds
Native extension for Android target not found
Android Extension - Scanning For ADB Devices 273 ms
Native extension for WindowsStandalone target not found
Native extension for WebGL target not found
Mono: successfully reloaded assembly
- Finished resetting the current domain, in  0.784 seconds
Domain Reload Profiling: 1398ms
	BeginReloadAssembly (191ms)
		ExecutionOrderSort (0ms)
		DisableScriptedObjects (0ms)
		BackupInstance (0ms)
		ReleaseScriptingObjects (0ms)
		CreateAndSetChildDomain (1ms)
	RebuildCommonClasses (63ms)
	RebuildNativeTypeToScriptingClass (23ms)
	initialDomainReloadingComplete (75ms)
	LoadAllAssembliesAndSetupDomain (261ms)
		LoadAssemblies (191ms)
		RebuildTransferFunctionScriptingTraits (0ms)
		AnalyzeDomain (254ms)
			TypeCache.Refresh (253ms)
				TypeCache.ScanAssembly (234ms)
			BuildScriptInfoCaches (0ms)
			ResolveRequiredComponents (1ms)
	FinalizeReload (785ms)
		ReleaseScriptCaches (0ms)
		RebuildScriptCaches (0ms)
		SetupLoadedEditorAssemblies (720ms)
			LogAssemblyErrors (0ms)
			InitializePlatformSupportModulesInManaged (429ms)
			SetLoadedEditorAssemblies (5ms)
			BeforeProcessingInitializeOnLoad (70ms)
			ProcessInitializeOnLoadAttributes (145ms)
			ProcessInitializeOnLoadMethodAttributes (72ms)
			AfterProcessingInitializeOnLoad (0ms)
			EditorAssembliesLoaded (0ms)
		ExecutionOrderSort2 (0ms)
		AwakeInstancesAfterBackupRestoration (0ms)
========================================================================
Worker process is ready to serve import requests
Import Worker Mode flag is 0x00
Begin MonoManager ReloadAssembly
Duplicate assembly 'log4net.dll' with different versions detected, using 'Packages/com.unity.package-validation-suite/Lib/Editor/log4net.dll, AssemblyName=log4net, Version=2.0.8.0, Culture=neutral, PublicKeyToken=669e0ddf0bb1aa2a' and ignoring 'Packages/com.unity.collab-proxy/Lib/Editor/log4netPlastic.dll, AssemblyName=log4net, Version=1.2.15.0, Culture=neutral, PublicKeyToken=669e0ddf0bb1aa2a'.- Loaded All Assemblies, in  1.075 seconds
Refreshing native plugins compatible for Editor in 2.42 ms, found 4 plugins.
Native extension for Android target not found
Native extension for WindowsStandalone target not found
Native extension for WebGL target not found
Mono: successfully reloaded assembly
- Finished resetting the current domain, in  1.032 seconds
Domain Reload Profiling: 2106ms
	BeginReloadAssembly (207ms)
		ExecutionOrderSort (0ms)
		DisableScriptedObjects (9ms)
		BackupInstance (0ms)
		ReleaseScriptingObjects (0ms)
		CreateAndSetChildDomain (34ms)
	RebuildCommonClasses (53ms)
	RebuildNativeTypeToScriptingClass (17ms)
	initialDomainReloadingComplete (60ms)
	LoadAllAssembliesAndSetupDomain (737ms)
		LoadAssemblies (483ms)
		RebuildTransferFunctionScriptingTraits (0ms)
		AnalyzeDomain (375ms)
			TypeCache.Refresh (273ms)
				TypeCache.ScanAssembly (253ms)
			BuildScriptInfoCaches (81ms)
			ResolveRequiredComponents (18ms)
	FinalizeReload (1033ms)
		ReleaseScriptCaches (0ms)
		RebuildScriptCaches (0ms)
		SetupLoadedEditorAssemblies (833ms)
			LogAssemblyErrors (0ms)
			InitializePlatformSupportModulesInManaged (17ms)
			SetLoadedEditorAssemblies (4ms)
			BeforeProcessingInitializeOnLoad (136ms)
			ProcessInitializeOnLoadAttributes (533ms)
			ProcessInitializeOnLoadMethodAttributes (139ms)
			AfterProcessingInitializeOnLoad (3ms)
			EditorAssembliesLoaded (0ms)
		ExecutionOrderSort2 (0ms)
		AwakeInstancesAfterBackupRestoration (7ms)
Shader Hidden/ProbeVolume/VoxelizeScene is not supported: GPU does not support conservative rasterization
Launched and connected shader compiler UnityShaderCompiler.exe after 0.02 seconds
Refreshing native plugins compatible for Editor in 2.52 ms, found 4 plugins.
Preloading 0 native plugins for Editor in 0.00 ms.
Unloading 224 Unused Serialized files (Serialized files now loaded: 0)
Unloading 7175 unused Assets / (6.5 MB). Loaded Objects now: 7887.
Memory consumption went from 199.5 MB to 193.0 MB.
Total: 11.735100 ms (FindLiveObjects: 0.985600 ms CreateObjectMapping: 0.461400 ms MarkObjects: 6.078900 ms  DeleteObjects: 4.208000 ms)

========================================================================
Received Import Request.
  Time since last request: 3569.545905 seconds.
  path: Assets/Sand_Ground_Tile_1.asset
  artifactKey: Guid(b5cd2b68ddde22c42ad5ee4e2ddcb2f9) Importer(815301076,1909f56bfc062723c751e8b465ee728b)
Start importing Assets/Sand_Ground_Tile_1.asset using Guid(b5cd2b68ddde22c42ad5ee4e2ddcb2f9) Importer(815301076,1909f56bfc062723c751e8b465ee728b) (PreviewImporter) -> (artifact id: '5d906c1ab30dae940230b04ff27aa545') in 0.2776483 seconds
Number of updated asset objects reloaded before import = 0Number of asset objects unloaded after import = 2122

========================================================================
Received Import Request.
  Time since last request: 0.000029 seconds.
  path: Assets/Sand_Ground_Tile_10.asset
  artifactKey: Guid(ea385b926bfd61640ae3a9627d1c2929) Importer(815301076,1909f56bfc062723c751e8b465ee728b)
Start importing Assets/Sand_Ground_Tile_10.asset using Guid(ea385b926bfd61640ae3a9627d1c2929) Importer(815301076,1909f56bfc062723c751e8b465ee728b) (PreviewImporter) -> (artifact id: 'd48811d461433b5f05b5bb70acb64a30') in 0.140297 seconds
Number of updated asset objects reloaded before import = 0Number of asset objects unloaded after import = 2122

========================================================================
Received Import Request.
  Time since last request: 0.000036 seconds.
  path: Assets/Sand_Ground_Tile_8.asset
  artifactKey: Guid(07a86e0cbaf7c3a448bd74cca48e46a1) Importer(815301076,1909f56bfc062723c751e8b465ee728b)
Start importing Assets/Sand_Ground_Tile_8.asset using Guid(07a86e0cbaf7c3a448bd74cca48e46a1) Importer(815301076,1909f56bfc062723c751e8b465ee728b) (PreviewImporter) -> (artifact id: 'fb20675820650fa9b5187d4b458b8af6') in 0.1604596 seconds
Number of updated asset objects reloaded before import = 0Number of asset objects unloaded after import = 2122

========================================================================
Received Import Request.
  Time since last request: 0.000028 seconds.
  path: Assets/Sand_Ground_Tile_9.asset
  artifactKey: Guid(6427d9657ef40b84c80d8f99a5af5d19) Importer(815301076,1909f56bfc062723c751e8b465ee728b)
Start importing Assets/Sand_Ground_Tile_9.asset using Guid(6427d9657ef40b84c80d8f99a5af5d19) Importer(815301076,1909f56bfc062723c751e8b465ee728b) (PreviewImporter) -> (artifact id: '2289f7c8af5b8a8724bf79c799cd9900') in 0.1471232 seconds
Number of updated asset objects reloaded before import = 0Number of asset objects unloaded after import = 2122

========================================================================
Received Import Request.
  Time since last request: 0.000041 seconds.
  path: Assets/Sand_Ground_Tile_2.asset
  artifactKey: Guid(94d8dd8e12b698d47aa90c520a473b57) Importer(815301076,1909f56bfc062723c751e8b465ee728b)
Start importing Assets/Sand_Ground_Tile_2.asset using Guid(94d8dd8e12b698d47aa90c520a473b57) Importer(815301076,1909f56bfc062723c751e8b465ee728b) (PreviewImporter) -> (artifact id: '0e80f7282f61fb7e1619614514aafceb') in 0.1642227 seconds
Number of updated asset objects reloaded before import = 0Number of asset objects unloaded after import = 2122

========================================================================
Received Import Request.
  Time since last request: 74.416867 seconds.
  path: Assets/Sand_Ground_Tile_0.asset
  artifactKey: Guid(f1f7f89b1cb286a4b808531215b17acb) Importer(815301076,1909f56bfc062723c751e8b465ee728b)
Start importing Assets/Sand_Ground_Tile_0.asset using Guid(f1f7f89b1cb286a4b808531215b17acb) Importer(815301076,1909f56bfc062723c751e8b465ee728b) (PreviewImporter) -> (artifact id: '6e50c4e18bcdff81a95c940cb53cf7b7') in 0.1531325 seconds
Number of updated asset objects reloaded before import = 0Number of asset objects unloaded after import = 2122

========================================================================
Received Import Request.
  Time since last request: 0.000035 seconds.
  path: Assets/Sand_Ground_Tile_5.asset
  artifactKey: Guid(4cd54eb96c4e15849bfd13699eb67056) Importer(815301076,1909f56bfc062723c751e8b465ee728b)
Start importing Assets/Sand_Ground_Tile_5.asset using Guid(4cd54eb96c4e15849bfd13699eb67056) Importer(815301076,1909f56bfc062723c751e8b465ee728b) (PreviewImporter) -> (artifact id: '718f5e0ed41aabed73449b0971250803') in 0.15287 seconds
Number of updated asset objects reloaded before import = 0Number of asset objects unloaded after import = 2122

========================================================================
Received Import Request.
  Time since last request: 0.000041 seconds.
  path: Assets/Sand_Ground_Tile_10.asset
  artifactKey: Guid(ea385b926bfd61640ae3a9627d1c2929) Importer(815301076,1909f56bfc062723c751e8b465ee728b)
Start importing Assets/Sand_Ground_Tile_10.asset using Guid(ea385b926bfd61640ae3a9627d1c2929) Importer(815301076,1909f56bfc062723c751e8b465ee728b) (PreviewImporter) -> (artifact id: 'aff76941f4ba7cdce08b1350401c3e1b') in 0.1424964 seconds
Number of updated asset objects reloaded before import = 0Number of asset objects unloaded after import = 2122

========================================================================
Received Import Request.
  Time since last request: 0.000026 seconds.
  path: Assets/Sand_Ground_Tile_13.asset
  artifactKey: Guid(f1fe9da1f8c349d41b6d2309be31149a) Importer(815301076,1909f56bfc062723c751e8b465ee728b)
Start importing Assets/Sand_Ground_Tile_13.asset using Guid(f1fe9da1f8c349d41b6d2309be31149a) Importer(815301076,1909f56bfc062723c751e8b465ee728b) (PreviewImporter) -> (artifact id: '6c293b2ed13440db842ad5ce329b6f78') in 0.1553046 seconds
Number of updated asset objects reloaded before import = 0Number of asset objects unloaded after import = 2122

========================================================================
Received Import Request.
  Time since last request: 0.000035 seconds.
  path: Assets/Sand_Ground_Tile_4.asset
  artifactKey: Guid(7306a441b2d78fa46b29017c1d7a3916) Importer(815301076,1909f56bfc062723c751e8b465ee728b)
Start importing Assets/Sand_Ground_Tile_4.asset using Guid(7306a441b2d78fa46b29017c1d7a3916) Importer(815301076,1909f56bfc062723c751e8b465ee728b) (PreviewImporter) -> (artifact id: '6264986da3074a28bce3ad37000fcb9a') in 0.1595119 seconds
Number of updated asset objects reloaded before import = 0Number of asset objects unloaded after import = 2122

========================================================================
Received Import Request.
  Time since last request: 0.000038 seconds.
  path: Assets/Sand_Ground_Tile_9.asset
  artifactKey: Guid(6427d9657ef40b84c80d8f99a5af5d19) Importer(815301076,1909f56bfc062723c751e8b465ee728b)
Start importing Assets/Sand_Ground_Tile_9.asset using Guid(6427d9657ef40b84c80d8f99a5af5d19) Importer(815301076,1909f56bfc062723c751e8b465ee728b) (PreviewImporter) -> (artifact id: '7eb54f7f78cd5b3f76ac4a3f779367eb') in 0.1471546 seconds
Number of updated asset objects reloaded before import = 0Number of asset objects unloaded after import = 2122

========================================================================
Received Import Request.
  Time since last request: 0.000028 seconds.
  path: Assets/Sand_Ground_Tile_6.asset
  artifactKey: Guid(97ad6927ab575ac4c963ba0436256400) Importer(815301076,1909f56bfc062723c751e8b465ee728b)
Start importing Assets/Sand_Ground_Tile_6.asset using Guid(97ad6927ab575ac4c963ba0436256400) Importer(815301076,1909f56bfc062723c751e8b465ee728b) (PreviewImporter) -> (artifact id: 'b42bc252e97b3288547eb9ff74f88e0d') in 0.1565134 seconds
Number of updated asset objects reloaded before import = 0Number of asset objects unloaded after import = 2122

========================================================================
Received Import Request.
  Time since last request: 0.000039 seconds.
  path: Assets/Sand_Ground_Tile_2.asset
  artifactKey: Guid(94d8dd8e12b698d47aa90c520a473b57) Importer(815301076,1909f56bfc062723c751e8b465ee728b)
Start importing Assets/Sand_Ground_Tile_2.asset using Guid(94d8dd8e12b698d47aa90c520a473b57) Importer(815301076,1909f56bfc062723c751e8b465ee728b) (PreviewImporter) -> (artifact id: 'a05ce5434ec7a695a0d5beb8ba28c6cd') in 0.1583341 seconds
Number of updated asset objects reloaded before import = 0Number of asset objects unloaded after import = 2122

========================================================================
Received Import Request.
  Time since last request: 13.020179 seconds.
  path: Assets/Sand_Ground_Tile_1.asset
  artifactKey: Guid(b5cd2b68ddde22c42ad5ee4e2ddcb2f9) Importer(815301076,1909f56bfc062723c751e8b465ee728b)
Start importing Assets/Sand_Ground_Tile_1.asset using Guid(b5cd2b68ddde22c42ad5ee4e2ddcb2f9) Importer(815301076,1909f56bfc062723c751e8b465ee728b) (PreviewImporter) -> (artifact id: 'a953de4c1fc0c2b20bcd140d52c0b5b5') in 0.1433236 seconds
Number of updated asset objects reloaded before import = 0Number of asset objects unloaded after import = 2122

========================================================================
Received Import Request.
  Time since last request: 0.000030 seconds.
  path: Assets/Sand_Ground_Tile_5.asset
  artifactKey: Guid(4cd54eb96c4e15849bfd13699eb67056) Importer(815301076,1909f56bfc062723c751e8b465ee728b)
Start importing Assets/Sand_Ground_Tile_5.asset using Guid(4cd54eb96c4e15849bfd13699eb67056) Importer(815301076,1909f56bfc062723c751e8b465ee728b) (PreviewImporter) -> (artifact id: 'bf1777f0b07401b77f2f92810daa5a55') in 0.143316 seconds
Number of updated asset objects reloaded before import = 0Number of asset objects unloaded after import = 2122

========================================================================
Received Import Request.
  Time since last request: 0.000047 seconds.
  path: Assets/Sand_Ground_Tile_11.asset
  artifactKey: Guid(b02f14a84ecbfaa4aa65701019e0563a) Importer(815301076,1909f56bfc062723c751e8b465ee728b)
Start importing Assets/Sand_Ground_Tile_11.asset using Guid(b02f14a84ecbfaa4aa65701019e0563a) Importer(815301076,1909f56bfc062723c751e8b465ee728b) (PreviewImporter) -> (artifact id: 'dba2c4babd70bae2e7eb2f724dab9701') in 0.1460447 seconds
Number of updated asset objects reloaded before import = 0Number of asset objects unloaded after import = 2122

========================================================================
Received Import Request.
  Time since last request: 0.000032 seconds.
  path: Assets/Sand_Ground_Tile_8.asset
  artifactKey: Guid(07a86e0cbaf7c3a448bd74cca48e46a1) Importer(815301076,1909f56bfc062723c751e8b465ee728b)
Start importing Assets/Sand_Ground_Tile_8.asset using Guid(07a86e0cbaf7c3a448bd74cca48e46a1) Importer(815301076,1909f56bfc062723c751e8b465ee728b) (PreviewImporter) -> (artifact id: 'ee8166904e42bd66a7a486b4cfaaf19a') in 0.1548526 seconds
Number of updated asset objects reloaded before import = 0Number of asset objects unloaded after import = 2122

========================================================================
Received Import Request.
  Time since last request: 0.000042 seconds.
  path: Assets/Sand_Ground_Tile_9.asset
  artifactKey: Guid(6427d9657ef40b84c80d8f99a5af5d19) Importer(815301076,1909f56bfc062723c751e8b465ee728b)
Start importing Assets/Sand_Ground_Tile_9.asset using Guid(6427d9657ef40b84c80d8f99a5af5d19) Importer(815301076,1909f56bfc062723c751e8b465ee728b) (PreviewImporter) -> (artifact id: 'b50375206e94fb883b1815d1db3d3c5f') in 0.1427664 seconds
Number of updated asset objects reloaded before import = 0Number of asset objects unloaded after import = 2122

========================================================================
Received Import Request.
  Time since last request: 0.000061 seconds.
  path: Assets/Sand_Ground_Tile_2.asset
  artifactKey: Guid(94d8dd8e12b698d47aa90c520a473b57) Importer(815301076,1909f56bfc062723c751e8b465ee728b)
Start importing Assets/Sand_Ground_Tile_2.asset using Guid(94d8dd8e12b698d47aa90c520a473b57) Importer(815301076,1909f56bfc062723c751e8b465ee728b) (PreviewImporter) -> (artifact id: '0600fb3dbc9dd0e1c6be88d8c7e6ede4') in 0.1435635 seconds
Number of updated asset objects reloaded before import = 0Number of asset objects unloaded after import = 2122

========================================================================
Received Import Request.
  Time since last request: 43.765944 seconds.
  path: Assets/Sand_Ground_Tile_1.asset
  artifactKey: Guid(b5cd2b68ddde22c42ad5ee4e2ddcb2f9) Importer(815301076,1909f56bfc062723c751e8b465ee728b)
Start importing Assets/Sand_Ground_Tile_1.asset using Guid(b5cd2b68ddde22c42ad5ee4e2ddcb2f9) Importer(815301076,1909f56bfc062723c751e8b465ee728b) (PreviewImporter) -> (artifact id: '36ee9104cb0482beb1c0f4b39a6ef1f1') in 0.1627386 seconds
Number of updated asset objects reloaded before import = 0Number of asset objects unloaded after import = 2122

========================================================================
Received Import Request.
  Time since last request: 0.000027 seconds.
  path: Assets/Sand_Ground_Tile_12.asset
  artifactKey: Guid(f57b7012fbb4f3f489e930920965e71e) Importer(815301076,1909f56bfc062723c751e8b465ee728b)
Start importing Assets/Sand_Ground_Tile_12.asset using Guid(f57b7012fbb4f3f489e930920965e71e) Importer(815301076,1909f56bfc062723c751e8b465ee728b) (PreviewImporter) -> (artifact id: 'f719382e900e013ee5ffec0362988bb4') in 0.1455479 seconds
Number of updated asset objects reloaded before import = 0Number of asset objects unloaded after import = 2122

========================================================================
Received Import Request.
  Time since last request: 0.000033 seconds.
  path: Assets/Sand_Ground_Tile_13.asset
  artifactKey: Guid(f1fe9da1f8c349d41b6d2309be31149a) Importer(815301076,1909f56bfc062723c751e8b465ee728b)
Start importing Assets/Sand_Ground_Tile_13.asset using Guid(f1fe9da1f8c349d41b6d2309be31149a) Importer(815301076,1909f56bfc062723c751e8b465ee728b) (PreviewImporter) -> (artifact id: '37dff967bb91f52dd26cf42482d919fb') in 0.1501328 seconds
Number of updated asset objects reloaded before import = 0Number of asset objects unloaded after import = 2122

========================================================================
Received Import Request.
  Time since last request: 0.000033 seconds.
  path: Assets/Sand_Ground_Tile_3.asset
  artifactKey: Guid(0d8b44e9ab9db9a419edfe7eb9ebefe5) Importer(815301076,1909f56bfc062723c751e8b465ee728b)
Start importing Assets/Sand_Ground_Tile_3.asset using Guid(0d8b44e9ab9db9a419edfe7eb9ebefe5) Importer(815301076,1909f56bfc062723c751e8b465ee728b) (PreviewImporter) -> (artifact id: '226dbd2a4d734f0eac78217b1cbc153d') in 0.1387878 seconds
Number of updated asset objects reloaded before import = 0Number of asset objects unloaded after import = 2122

========================================================================
Received Import Request.
  Time since last request: 0.000037 seconds.
  path: Assets/Sand_Ground_Tile_7.asset
  artifactKey: Guid(3465dea035c37d34887d91612cb07a77) Importer(815301076,1909f56bfc062723c751e8b465ee728b)
Start importing Assets/Sand_Ground_Tile_7.asset using Guid(3465dea035c37d34887d91612cb07a77) Importer(815301076,1909f56bfc062723c751e8b465ee728b) (PreviewImporter) -> (artifact id: 'dd9f8253376e97c9e15ecda16de58420') in 0.147293 seconds
Number of updated asset objects reloaded before import = 0Number of asset objects unloaded after import = 2122

========================================================================
Received Import Request.
  Time since last request: 0.000028 seconds.
  path: Assets/Sand_Ground_Tile_14.asset
  artifactKey: Guid(4cf8bfc6c6d9e3f4e9b4ab300733a059) Importer(815301076,1909f56bfc062723c751e8b465ee728b)
Start importing Assets/Sand_Ground_Tile_14.asset using Guid(4cf8bfc6c6d9e3f4e9b4ab300733a059) Importer(815301076,1909f56bfc062723c751e8b465ee728b) (PreviewImporter) -> (artifact id: '7224a9812aa90b193068a9d93e931f7e') in 0.1338325 seconds
Number of updated asset objects reloaded before import = 0Number of asset objects unloaded after import = 2122

========================================================================
Received Import Request.
  Time since last request: 2.537810 seconds.
  path: Assets/Sand_Ground_Tile_1.asset
  artifactKey: Guid(b5cd2b68ddde22c42ad5ee4e2ddcb2f9) Importer(815301076,1909f56bfc062723c751e8b465ee728b)
Start importing Assets/Sand_Ground_Tile_1.asset using Guid(b5cd2b68ddde22c42ad5ee4e2ddcb2f9) Importer(815301076,1909f56bfc062723c751e8b465ee728b) (PreviewImporter) -> (artifact id: '1b2d193ec9d686e7843b1e1b9bbe41e7') in 0.1561575 seconds
Number of updated asset objects reloaded before import = 0Number of asset objects unloaded after import = 2122

========================================================================
Received Import Request.
  Time since last request: 0.000033 seconds.
  path: Assets/Sand_Ground_Tile_12.asset
  artifactKey: Guid(f57b7012fbb4f3f489e930920965e71e) Importer(815301076,1909f56bfc062723c751e8b465ee728b)
Start importing Assets/Sand_Ground_Tile_12.asset using Guid(f57b7012fbb4f3f489e930920965e71e) Importer(815301076,1909f56bfc062723c751e8b465ee728b) (PreviewImporter) -> (artifact id: 'd485386132c1cd720b13434a11ff7c5f') in 0.1446398 seconds
Number of updated asset objects reloaded before import = 0Number of asset objects unloaded after import = 2122

========================================================================
Received Import Request.
  Time since last request: 0.000033 seconds.
  path: Assets/Sand_Ground_Tile_11.asset
  artifactKey: Guid(b02f14a84ecbfaa4aa65701019e0563a) Importer(815301076,1909f56bfc062723c751e8b465ee728b)
Start importing Assets/Sand_Ground_Tile_11.asset using Guid(b02f14a84ecbfaa4aa65701019e0563a) Importer(815301076,1909f56bfc062723c751e8b465ee728b) (PreviewImporter) -> (artifact id: 'f611a85486df79eac099451c41b800d0') in 0.1433922 seconds
Number of updated asset objects reloaded before import = 0Number of asset objects unloaded after import = 2122

========================================================================
Received Import Request.
  Time since last request: 0.000025 seconds.
  path: Assets/Sand_Ground_Tile_3.asset
  artifactKey: Guid(0d8b44e9ab9db9a419edfe7eb9ebefe5) Importer(815301076,1909f56bfc062723c751e8b465ee728b)
Start importing Assets/Sand_Ground_Tile_3.asset using Guid(0d8b44e9ab9db9a419edfe7eb9ebefe5) Importer(815301076,1909f56bfc062723c751e8b465ee728b) (PreviewImporter) -> (artifact id: '30fe96b6f8f4a18ddadcdd3c25344fe0') in 0.1405352 seconds
Number of updated asset objects reloaded before import = 0Number of asset objects unloaded after import = 2122

========================================================================
Received Import Request.
  Time since last request: 0.000029 seconds.
  path: Assets/Sand_Ground_Tile_7.asset
  artifactKey: Guid(3465dea035c37d34887d91612cb07a77) Importer(815301076,1909f56bfc062723c751e8b465ee728b)
Start importing Assets/Sand_Ground_Tile_7.asset using Guid(3465dea035c37d34887d91612cb07a77) Importer(815301076,1909f56bfc062723c751e8b465ee728b) (PreviewImporter) -> (artifact id: '9eb6c95a15e9dcfcd4b44998f78df6d9') in 0.1429289 seconds
Number of updated asset objects reloaded before import = 0Number of asset objects unloaded after import = 2122

========================================================================
Received Import Request.
  Time since last request: 4.190837 seconds.
  path: Assets/Sand_Ground_Tile_1.asset
  artifactKey: Guid(b5cd2b68ddde22c42ad5ee4e2ddcb2f9) Importer(815301076,1909f56bfc062723c751e8b465ee728b)
Start importing Assets/Sand_Ground_Tile_1.asset using Guid(b5cd2b68ddde22c42ad5ee4e2ddcb2f9) Importer(815301076,1909f56bfc062723c751e8b465ee728b) (PreviewImporter) -> (artifact id: '8baa3bb84751496dcc453b1c22c9bbac') in 0.1529037 seconds
Number of updated asset objects reloaded before import = 0Number of asset objects unloaded after import = 2122

========================================================================
Received Import Request.
  Time since last request: 0.000034 seconds.
  path: Assets/Sand_Ground_Tile_12.asset
  artifactKey: Guid(f57b7012fbb4f3f489e930920965e71e) Importer(815301076,1909f56bfc062723c751e8b465ee728b)
Start importing Assets/Sand_Ground_Tile_12.asset using Guid(f57b7012fbb4f3f489e930920965e71e) Importer(815301076,1909f56bfc062723c751e8b465ee728b) (PreviewImporter) -> (artifact id: '315f39f79497a96216e4518c23e3baae') in 0.1539912 seconds
Number of updated asset objects reloaded before import = 0Number of asset objects unloaded after import = 2122

========================================================================
Received Import Request.
  Time since last request: 0.000037 seconds.
  path: Assets/Sand_Ground_Tile_13.asset
  artifactKey: Guid(f1fe9da1f8c349d41b6d2309be31149a) Importer(815301076,1909f56bfc062723c751e8b465ee728b)
Start importing Assets/Sand_Ground_Tile_13.asset using Guid(f1fe9da1f8c349d41b6d2309be31149a) Importer(815301076,1909f56bfc062723c751e8b465ee728b) (PreviewImporter) -> (artifact id: '8cf105eace96bf8f963294eceddfc0a9') in 0.1443408 seconds
Number of updated asset objects reloaded before import = 0Number of asset objects unloaded after import = 2122

========================================================================
Received Import Request.
  Time since last request: 0.000034 seconds.
  path: Assets/Sand_Ground_Tile_3.asset
  artifactKey: Guid(0d8b44e9ab9db9a419edfe7eb9ebefe5) Importer(815301076,1909f56bfc062723c751e8b465ee728b)
Start importing Assets/Sand_Ground_Tile_3.asset using Guid(0d8b44e9ab9db9a419edfe7eb9ebefe5) Importer(815301076,1909f56bfc062723c751e8b465ee728b) (PreviewImporter) -> (artifact id: '19e0c9a8f35712fca494c3b40428f9a8') in 0.1378654 seconds
Number of updated asset objects reloaded before import = 0Number of asset objects unloaded after import = 2122

========================================================================
Received Import Request.
  Time since last request: 0.000029 seconds.
  path: Assets/Sand_Ground_Tile_7.asset
  artifactKey: Guid(3465dea035c37d34887d91612cb07a77) Importer(815301076,1909f56bfc062723c751e8b465ee728b)
Start importing Assets/Sand_Ground_Tile_7.asset using Guid(3465dea035c37d34887d91612cb07a77) Importer(815301076,1909f56bfc062723c751e8b465ee728b) (PreviewImporter) -> (artifact id: '5f58c4b4f3d0f494aba8a393d4f65103') in 0.1452145 seconds
Number of updated asset objects reloaded before import = 0Number of asset objects unloaded after import = 2122

========================================================================
Received Import Request.
  Time since last request: 13.797857 seconds.
  path: Assets/Sand_Ground_Tile_1.asset
  artifactKey: Guid(b5cd2b68ddde22c42ad5ee4e2ddcb2f9) Importer(815301076,1909f56bfc062723c751e8b465ee728b)
Start importing Assets/Sand_Ground_Tile_1.asset using Guid(b5cd2b68ddde22c42ad5ee4e2ddcb2f9) Importer(815301076,1909f56bfc062723c751e8b465ee728b) (PreviewImporter) -> (artifact id: '5fd25f20fa285d19a1100a68ec3fdef7') in 0.1466912 seconds
Number of updated asset objects reloaded before import = 0Number of asset objects unloaded after import = 2122

========================================================================
Received Import Request.
  Time since last request: 0.000031 seconds.
  path: Assets/Sand_Ground_Tile_12.asset
  artifactKey: Guid(f57b7012fbb4f3f489e930920965e71e) Importer(815301076,1909f56bfc062723c751e8b465ee728b)
Start importing Assets/Sand_Ground_Tile_12.asset using Guid(f57b7012fbb4f3f489e930920965e71e) Importer(815301076,1909f56bfc062723c751e8b465ee728b) (PreviewImporter) -> (artifact id: '613a17263d432fd6e8afe902ca5a6b54') in 0.1414154 seconds
Number of updated asset objects reloaded before import = 0Number of asset objects unloaded after import = 2122

========================================================================
Received Import Request.
  Time since last request: 0.000044 seconds.
  path: Assets/Sand_Ground_Tile_11.asset
  artifactKey: Guid(b02f14a84ecbfaa4aa65701019e0563a) Importer(815301076,1909f56bfc062723c751e8b465ee728b)
Start importing Assets/Sand_Ground_Tile_11.asset using Guid(b02f14a84ecbfaa4aa65701019e0563a) Importer(815301076,1909f56bfc062723c751e8b465ee728b) (PreviewImporter) -> (artifact id: 'c3a0bb02064729b78184a85fedb8614b') in 0.1408744 seconds
Number of updated asset objects reloaded before import = 0Number of asset objects unloaded after import = 2122

========================================================================
Received Import Request.
  Time since last request: 0.000024 seconds.
  path: Assets/Sand_Ground_Tile_4.asset
  artifactKey: Guid(7306a441b2d78fa46b29017c1d7a3916) Importer(815301076,1909f56bfc062723c751e8b465ee728b)
Start importing Assets/Sand_Ground_Tile_4.asset using Guid(7306a441b2d78fa46b29017c1d7a3916) Importer(815301076,1909f56bfc062723c751e8b465ee728b) (PreviewImporter) -> (artifact id: 'a2e69c921c81440bc920fa63ccae471b') in 0.1498545 seconds
Number of updated asset objects reloaded before import = 0Number of asset objects unloaded after import = 2122

========================================================================
Received Import Request.
  Time since last request: 0.000020 seconds.
  path: Assets/Sand_Ground_Tile_7.asset
  artifactKey: Guid(3465dea035c37d34887d91612cb07a77) Importer(815301076,1909f56bfc062723c751e8b465ee728b)
Start importing Assets/Sand_Ground_Tile_7.asset using Guid(3465dea035c37d34887d91612cb07a77) Importer(815301076,1909f56bfc062723c751e8b465ee728b) (PreviewImporter) -> (artifact id: 'ddebf5cce37bf0ebd1f19cb6085c3478') in 0.1424173 seconds
Number of updated asset objects reloaded before import = 0Number of asset objects unloaded after import = 2122

========================================================================
Received Import Request.
  Time since last request: 0.000037 seconds.
  path: Assets/Sand_Ground_Tile_14.asset
  artifactKey: Guid(4cf8bfc6c6d9e3f4e9b4ab300733a059) Importer(815301076,1909f56bfc062723c751e8b465ee728b)
Start importing Assets/Sand_Ground_Tile_14.asset using Guid(4cf8bfc6c6d9e3f4e9b4ab300733a059) Importer(815301076,1909f56bfc062723c751e8b465ee728b) (PreviewImporter) -> (artifact id: 'b4153af9ad1066b331cf5371d97518ed') in 0.1292181 seconds
Number of updated asset objects reloaded before import = 0Number of asset objects unloaded after import = 2122

========================================================================
Received Import Request.
  Time since last request: 3.012813 seconds.
  path: Assets/Sand_Ground_Tile_1.asset
  artifactKey: Guid(b5cd2b68ddde22c42ad5ee4e2ddcb2f9) Importer(815301076,1909f56bfc062723c751e8b465ee728b)
Start importing Assets/Sand_Ground_Tile_1.asset using Guid(b5cd2b68ddde22c42ad5ee4e2ddcb2f9) Importer(815301076,1909f56bfc062723c751e8b465ee728b) (PreviewImporter) -> (artifact id: '78955c95a87c2f093ef95942e0c418d6') in 0.1503209 seconds
Number of updated asset objects reloaded before import = 0Number of asset objects unloaded after import = 2122

========================================================================
Received Import Request.
  Time since last request: 0.000023 seconds.
  path: Assets/Sand_Ground_Tile_12.asset
  artifactKey: Guid(f57b7012fbb4f3f489e930920965e71e) Importer(815301076,1909f56bfc062723c751e8b465ee728b)
Start importing Assets/Sand_Ground_Tile_12.asset using Guid(f57b7012fbb4f3f489e930920965e71e) Importer(815301076,1909f56bfc062723c751e8b465ee728b) (PreviewImporter) -> (artifact id: 'b414fc01942aa2a033210e87793b0ac7') in 0.1484175 seconds
Number of updated asset objects reloaded before import = 0Number of asset objects unloaded after import = 2122

========================================================================
Received Import Request.
  Time since last request: 0.000035 seconds.
  path: Assets/Sand_Ground_Tile_13.asset
  artifactKey: Guid(f1fe9da1f8c349d41b6d2309be31149a) Importer(815301076,1909f56bfc062723c751e8b465ee728b)
Start importing Assets/Sand_Ground_Tile_13.asset using Guid(f1fe9da1f8c349d41b6d2309be31149a) Importer(815301076,1909f56bfc062723c751e8b465ee728b) (PreviewImporter) -> (artifact id: 'b58a36389fcb21c1dcd52c166ba942a1') in 0.1550214 seconds
Number of updated asset objects reloaded before import = 0Number of asset objects unloaded after import = 2122

========================================================================
Received Import Request.
  Time since last request: 0.000029 seconds.
  path: Assets/Sand_Ground_Tile_3.asset
  artifactKey: Guid(0d8b44e9ab9db9a419edfe7eb9ebefe5) Importer(815301076,1909f56bfc062723c751e8b465ee728b)
Start importing Assets/Sand_Ground_Tile_3.asset using Guid(0d8b44e9ab9db9a419edfe7eb9ebefe5) Importer(815301076,1909f56bfc062723c751e8b465ee728b) (PreviewImporter) -> (artifact id: '98a7bf24facfcdee7cf5e05858487b61') in 0.1415166 seconds
Number of updated asset objects reloaded before import = 0Number of asset objects unloaded after import = 2122

========================================================================
Received Import Request.
  Time since last request: 0.000039 seconds.
  path: Assets/Sand_Ground_Tile_7.asset
  artifactKey: Guid(3465dea035c37d34887d91612cb07a77) Importer(815301076,1909f56bfc062723c751e8b465ee728b)
Start importing Assets/Sand_Ground_Tile_7.asset using Guid(3465dea035c37d34887d91612cb07a77) Importer(815301076,1909f56bfc062723c751e8b465ee728b) (PreviewImporter) -> (artifact id: 'bb35ee1f72a5824b06273af3902b2497') in 0.1857745 seconds
Number of updated asset objects reloaded before import = 0Number of asset objects unloaded after import = 2122

========================================================================
Received Import Request.
  Time since last request: 2.591568 seconds.
  path: Assets/Sand_Ground_Tile_1.asset
  artifactKey: Guid(b5cd2b68ddde22c42ad5ee4e2ddcb2f9) Importer(815301076,1909f56bfc062723c751e8b465ee728b)
Start importing Assets/Sand_Ground_Tile_1.asset using Guid(b5cd2b68ddde22c42ad5ee4e2ddcb2f9) Importer(815301076,1909f56bfc062723c751e8b465ee728b) (PreviewImporter) -> (artifact id: 'e48a80bc920c4d30bf8ac5e4b99fb6ea') in 0.1636862 seconds
Number of updated asset objects reloaded before import = 0Number of asset objects unloaded after import = 2122

========================================================================
Received Import Request.
  Time since last request: 0.000026 seconds.
  path: Assets/Sand_Ground_Tile_12.asset
  artifactKey: Guid(f57b7012fbb4f3f489e930920965e71e) Importer(815301076,1909f56bfc062723c751e8b465ee728b)
Start importing Assets/Sand_Ground_Tile_12.asset using Guid(f57b7012fbb4f3f489e930920965e71e) Importer(815301076,1909f56bfc062723c751e8b465ee728b) (PreviewImporter) -> (artifact id: '62069e63c24a2908b5424b798ab9714f') in 0.1414457 seconds
Number of updated asset objects reloaded before import = 0Number of asset objects unloaded after import = 2122

========================================================================
Received Import Request.
  Time since last request: 0.000040 seconds.
  path: Assets/Sand_Ground_Tile_13.asset
  artifactKey: Guid(f1fe9da1f8c349d41b6d2309be31149a) Importer(815301076,1909f56bfc062723c751e8b465ee728b)
Start importing Assets/Sand_Ground_Tile_13.asset using Guid(f1fe9da1f8c349d41b6d2309be31149a) Importer(815301076,1909f56bfc062723c751e8b465ee728b) (PreviewImporter) -> (artifact id: '25a4e5b04c0093fb2fffdb10775834d1') in 0.1555879 seconds
Number of updated asset objects reloaded before import = 0Number of asset objects unloaded after import = 2122

========================================================================
Received Import Request.
  Time since last request: 0.000027 seconds.
  path: Assets/Sand_Ground_Tile_3.asset
  artifactKey: Guid(0d8b44e9ab9db9a419edfe7eb9ebefe5) Importer(815301076,1909f56bfc062723c751e8b465ee728b)
Start importing Assets/Sand_Ground_Tile_3.asset using Guid(0d8b44e9ab9db9a419edfe7eb9ebefe5) Importer(815301076,1909f56bfc062723c751e8b465ee728b) (PreviewImporter) -> (artifact id: '88687d1c48402e15022d9a5da5d0aae3') in 0.1504125 seconds
Number of updated asset objects reloaded before import = 0Number of asset objects unloaded after import = 2122

========================================================================
Received Import Request.
  Time since last request: 0.000057 seconds.
  path: Assets/Sand_Ground_Tile_7.asset
  artifactKey: Guid(3465dea035c37d34887d91612cb07a77) Importer(815301076,1909f56bfc062723c751e8b465ee728b)
Start importing Assets/Sand_Ground_Tile_7.asset using Guid(3465dea035c37d34887d91612cb07a77) Importer(815301076,1909f56bfc062723c751e8b465ee728b) (PreviewImporter) -> (artifact id: '05229a5001e86212d0bb8f4e869ddc8a') in 0.1439622 seconds
Number of updated asset objects reloaded before import = 0Number of asset objects unloaded after import = 2122

========================================================================
Received Import Request.
  Time since last request: 2.381762 seconds.
  path: Assets/Sand_Ground_Tile_1.asset
  artifactKey: Guid(b5cd2b68ddde22c42ad5ee4e2ddcb2f9) Importer(815301076,1909f56bfc062723c751e8b465ee728b)
Start importing Assets/Sand_Ground_Tile_1.asset using Guid(b5cd2b68ddde22c42ad5ee4e2ddcb2f9) Importer(815301076,1909f56bfc062723c751e8b465ee728b) (PreviewImporter) -> (artifact id: '3b0d903027de0595260b62a7b54dfa15') in 0.1563444 seconds
Number of updated asset objects reloaded before import = 0Number of asset objects unloaded after import = 2122

========================================================================
Received Import Request.
  Time since last request: 0.000028 seconds.
  path: Assets/Sand_Ground_Tile_12.asset
  artifactKey: Guid(f57b7012fbb4f3f489e930920965e71e) Importer(815301076,1909f56bfc062723c751e8b465ee728b)
Start importing Assets/Sand_Ground_Tile_12.asset using Guid(f57b7012fbb4f3f489e930920965e71e) Importer(815301076,1909f56bfc062723c751e8b465ee728b) (PreviewImporter) -> (artifact id: 'c2133795a2c1273aeda3cbb24c517eb8') in 0.147646 seconds
Number of updated asset objects reloaded before import = 0Number of asset objects unloaded after import = 2122

========================================================================
Received Import Request.
  Time since last request: 0.000040 seconds.
  path: Assets/Sand_Ground_Tile_11.asset
  artifactKey: Guid(b02f14a84ecbfaa4aa65701019e0563a) Importer(815301076,1909f56bfc062723c751e8b465ee728b)
Start importing Assets/Sand_Ground_Tile_11.asset using Guid(b02f14a84ecbfaa4aa65701019e0563a) Importer(815301076,1909f56bfc062723c751e8b465ee728b) (PreviewImporter) -> (artifact id: 'ce7dfb8e809e12046806df8781a48692') in 0.1342993 seconds
Number of updated asset objects reloaded before import = 0Number of asset objects unloaded after import = 2122

========================================================================
Received Import Request.
  Time since last request: 0.000033 seconds.
  path: Assets/Sand_Ground_Tile_4.asset
  artifactKey: Guid(7306a441b2d78fa46b29017c1d7a3916) Importer(815301076,1909f56bfc062723c751e8b465ee728b)
Start importing Assets/Sand_Ground_Tile_4.asset using Guid(7306a441b2d78fa46b29017c1d7a3916) Importer(815301076,1909f56bfc062723c751e8b465ee728b) (PreviewImporter) -> (artifact id: 'c8140a360c95c8c0b703deb7aa9e8b72') in 0.1455975 seconds
Number of updated asset objects reloaded before import = 0Number of asset objects unloaded after import = 2122

========================================================================
Received Import Request.
  Time since last request: 0.000030 seconds.
  path: Assets/Sand_Ground_Tile_6.asset
  artifactKey: Guid(97ad6927ab575ac4c963ba0436256400) Importer(815301076,1909f56bfc062723c751e8b465ee728b)
Start importing Assets/Sand_Ground_Tile_6.asset using Guid(97ad6927ab575ac4c963ba0436256400) Importer(815301076,1909f56bfc062723c751e8b465ee728b) (PreviewImporter) -> (artifact id: 'fd92c098397b4bccdc83e9f174ff874f') in 0.1397737 seconds
Number of updated asset objects reloaded before import = 0Number of asset objects unloaded after import = 2122

========================================================================
Received Import Request.
  Time since last request: 2.352597 seconds.
  path: Assets/Sand_Ground_Tile_1.asset
  artifactKey: Guid(b5cd2b68ddde22c42ad5ee4e2ddcb2f9) Importer(815301076,1909f56bfc062723c751e8b465ee728b)
Start importing Assets/Sand_Ground_Tile_1.asset using Guid(b5cd2b68ddde22c42ad5ee4e2ddcb2f9) Importer(815301076,1909f56bfc062723c751e8b465ee728b) (PreviewImporter) -> (artifact id: 'a53d2873fa58d89d0e5a9544e5b1aafe') in 0.157493 seconds
Number of updated asset objects reloaded before import = 0Number of asset objects unloaded after import = 2122

========================================================================
Received Import Request.
  Time since last request: 0.000031 seconds.
  path: Assets/Sand_Ground_Tile_12.asset
  artifactKey: Guid(f57b7012fbb4f3f489e930920965e71e) Importer(815301076,1909f56bfc062723c751e8b465ee728b)
Start importing Assets/Sand_Ground_Tile_12.asset using Guid(f57b7012fbb4f3f489e930920965e71e) Importer(815301076,1909f56bfc062723c751e8b465ee728b) (PreviewImporter) -> (artifact id: '16cf5502ce125954c01f38e881de260a') in 0.1507192 seconds
Number of updated asset objects reloaded before import = 0Number of asset objects unloaded after import = 2122

========================================================================
Received Import Request.
  Time since last request: 0.000036 seconds.
  path: Assets/Sand_Ground_Tile_13.asset
  artifactKey: Guid(f1fe9da1f8c349d41b6d2309be31149a) Importer(815301076,1909f56bfc062723c751e8b465ee728b)
Start importing Assets/Sand_Ground_Tile_13.asset using Guid(f1fe9da1f8c349d41b6d2309be31149a) Importer(815301076,1909f56bfc062723c751e8b465ee728b) (PreviewImporter) -> (artifact id: 'd99c8e0f678dd45fc8e4a08919340c4a') in 0.1407714 seconds
Number of updated asset objects reloaded before import = 0Number of asset objects unloaded after import = 2122

========================================================================
Received Import Request.
  Time since last request: 0.000028 seconds.
  path: Assets/Sand_Ground_Tile_3.asset
  artifactKey: Guid(0d8b44e9ab9db9a419edfe7eb9ebefe5) Importer(815301076,1909f56bfc062723c751e8b465ee728b)
Start importing Assets/Sand_Ground_Tile_3.asset using Guid(0d8b44e9ab9db9a419edfe7eb9ebefe5) Importer(815301076,1909f56bfc062723c751e8b465ee728b) (PreviewImporter) -> (artifact id: '5ebb9ffef75b22d2afdbcd7a70daa6d2') in 0.1377238 seconds
Number of updated asset objects reloaded before import = 0Number of asset objects unloaded after import = 2122

========================================================================
Received Import Request.
  Time since last request: 0.000041 seconds.
  path: Assets/Sand_Ground_Tile_7.asset
  artifactKey: Guid(3465dea035c37d34887d91612cb07a77) Importer(815301076,1909f56bfc062723c751e8b465ee728b)
Start importing Assets/Sand_Ground_Tile_7.asset using Guid(3465dea035c37d34887d91612cb07a77) Importer(815301076,1909f56bfc062723c751e8b465ee728b) (PreviewImporter) -> (artifact id: 'a64b99f79c48612da2192c1d68c1eadd') in 0.1497081 seconds
Number of updated asset objects reloaded before import = 0Number of asset objects unloaded after import = 2122

========================================================================
Received Import Request.
  Time since last request: 4.277722 seconds.
  path: Assets/Sand_Ground_Tile_1.asset
  artifactKey: Guid(b5cd2b68ddde22c42ad5ee4e2ddcb2f9) Importer(815301076,1909f56bfc062723c751e8b465ee728b)
Start importing Assets/Sand_Ground_Tile_1.asset using Guid(b5cd2b68ddde22c42ad5ee4e2ddcb2f9) Importer(815301076,1909f56bfc062723c751e8b465ee728b) (PreviewImporter) -> (artifact id: '229b267760d9a9c4a24e45d2875a438f') in 0.1484892 seconds
Number of updated asset objects reloaded before import = 0Number of asset objects unloaded after import = 2122

========================================================================
Received Import Request.
  Time since last request: 0.000040 seconds.
  path: Assets/Sand_Ground_Tile_5.asset
  artifactKey: Guid(4cd54eb96c4e15849bfd13699eb67056) Importer(815301076,1909f56bfc062723c751e8b465ee728b)
Start importing Assets/Sand_Ground_Tile_5.asset using Guid(4cd54eb96c4e15849bfd13699eb67056) Importer(815301076,1909f56bfc062723c751e8b465ee728b) (PreviewImporter) -> (artifact id: '303f4ca60ba3138f78736f1f599293bf') in 0.138461 seconds
Number of updated asset objects reloaded before import = 0Number of asset objects unloaded after import = 2122

========================================================================
Received Import Request.
  Time since last request: 0.000040 seconds.
  path: Assets/Sand_Ground_Tile_11.asset
  artifactKey: Guid(b02f14a84ecbfaa4aa65701019e0563a) Importer(815301076,1909f56bfc062723c751e8b465ee728b)
Start importing Assets/Sand_Ground_Tile_11.asset using Guid(b02f14a84ecbfaa4aa65701019e0563a) Importer(815301076,1909f56bfc062723c751e8b465ee728b) (PreviewImporter) -> (artifact id: 'c2ff5575237ec72cf8465508c5ba3dd5') in 0.1449303 seconds
Number of updated asset objects reloaded before import = 0Number of asset objects unloaded after import = 2122

========================================================================
Received Import Request.
  Time since last request: 0.000027 seconds.
  path: Assets/Sand_Ground_Tile_4.asset
  artifactKey: Guid(7306a441b2d78fa46b29017c1d7a3916) Importer(815301076,1909f56bfc062723c751e8b465ee728b)
Start importing Assets/Sand_Ground_Tile_4.asset using Guid(7306a441b2d78fa46b29017c1d7a3916) Importer(815301076,1909f56bfc062723c751e8b465ee728b) (PreviewImporter) -> (artifact id: '80089775168b885429596501cc6fea50') in 0.1458939 seconds
Number of updated asset objects reloaded before import = 0Number of asset objects unloaded after import = 2122

========================================================================
Received Import Request.
  Time since last request: 0.000056 seconds.
  path: Assets/Sand_Ground_Tile_6.asset
  artifactKey: Guid(97ad6927ab575ac4c963ba0436256400) Importer(815301076,1909f56bfc062723c751e8b465ee728b)
Start importing Assets/Sand_Ground_Tile_6.asset using Guid(97ad6927ab575ac4c963ba0436256400) Importer(815301076,1909f56bfc062723c751e8b465ee728b) (PreviewImporter) -> (artifact id: 'cf32cb4510778bb3ade94ce14dd7d97f') in 0.1397942 seconds
Number of updated asset objects reloaded before import = 0Number of asset objects unloaded after import = 2122

========================================================================
Received Import Request.
  Time since last request: 0.000043 seconds.
  path: Assets/Sand_Ground_Tile_14.asset
  artifactKey: Guid(4cf8bfc6c6d9e3f4e9b4ab300733a059) Importer(815301076,1909f56bfc062723c751e8b465ee728b)
Start importing Assets/Sand_Ground_Tile_14.asset using Guid(4cf8bfc6c6d9e3f4e9b4ab300733a059) Importer(815301076,1909f56bfc062723c751e8b465ee728b) (PreviewImporter) -> (artifact id: '46ba9b5170fab242d671782d60884faf') in 0.1341842 seconds
Number of updated asset objects reloaded before import = 0Number of asset objects unloaded after import = 2122

========================================================================
Received Import Request.
  Time since last request: 43.760537 seconds.
  path: Assets/Sand_Ground_Tile_1.asset
  artifactKey: Guid(b5cd2b68ddde22c42ad5ee4e2ddcb2f9) Importer(815301076,1909f56bfc062723c751e8b465ee728b)
Start importing Assets/Sand_Ground_Tile_1.asset using Guid(b5cd2b68ddde22c42ad5ee4e2ddcb2f9) Importer(815301076,1909f56bfc062723c751e8b465ee728b) (PreviewImporter) -> (artifact id: '0e3b766d98c868d4cefc9a89777d6a26') in 0.1485787 seconds
Number of updated asset objects reloaded before import = 0Number of asset objects unloaded after import = 2122

========================================================================
Received Import Request.
  Time since last request: 0.000031 seconds.
  path: Assets/Sand_Ground_Tile_12.asset
  artifactKey: Guid(f57b7012fbb4f3f489e930920965e71e) Importer(815301076,1909f56bfc062723c751e8b465ee728b)
Start importing Assets/Sand_Ground_Tile_12.asset using Guid(f57b7012fbb4f3f489e930920965e71e) Importer(815301076,1909f56bfc062723c751e8b465ee728b) (PreviewImporter) -> (artifact id: '82bf8c0cc41eaad18c45a24ce956cc85') in 0.1447118 seconds
Number of updated asset objects reloaded before import = 0Number of asset objects unloaded after import = 2122

========================================================================
Received Import Request.
  Time since last request: 0.000037 seconds.
  path: Assets/Sand_Ground_Tile_13.asset
  artifactKey: Guid(f1fe9da1f8c349d41b6d2309be31149a) Importer(815301076,1909f56bfc062723c751e8b465ee728b)
Start importing Assets/Sand_Ground_Tile_13.asset using Guid(f1fe9da1f8c349d41b6d2309be31149a) Importer(815301076,1909f56bfc062723c751e8b465ee728b) (PreviewImporter) -> (artifact id: 'c92ebb5e32f4d9fe12b44cac7f69f2b7') in 0.1403366 seconds
Number of updated asset objects reloaded before import = 0Number of asset objects unloaded after import = 2122

========================================================================
Received Import Request.
  Time since last request: 0.000023 seconds.
  path: Assets/Sand_Ground_Tile_3.asset
  artifactKey: Guid(0d8b44e9ab9db9a419edfe7eb9ebefe5) Importer(815301076,1909f56bfc062723c751e8b465ee728b)
Start importing Assets/Sand_Ground_Tile_3.asset using Guid(0d8b44e9ab9db9a419edfe7eb9ebefe5) Importer(815301076,1909f56bfc062723c751e8b465ee728b) (PreviewImporter) -> (artifact id: '9fb4b714659ff6621bb8139b575443ae') in 0.1378762 seconds
Number of updated asset objects reloaded before import = 0Number of asset objects unloaded after import = 2122

========================================================================
Received Import Request.
  Time since last request: 0.000036 seconds.
  path: Assets/Sand_Ground_Tile_7.asset
  artifactKey: Guid(3465dea035c37d34887d91612cb07a77) Importer(815301076,1909f56bfc062723c751e8b465ee728b)
Start importing Assets/Sand_Ground_Tile_7.asset using Guid(3465dea035c37d34887d91612cb07a77) Importer(815301076,1909f56bfc062723c751e8b465ee728b) (PreviewImporter) -> (artifact id: '9369cf6aed9be209231612899c4daeb9') in 0.136848 seconds
Number of updated asset objects reloaded before import = 0Number of asset objects unloaded after import = 2122

========================================================================
Received Import Request.
  Time since last request: 18.508078 seconds.
  path: Assets/Sand_Ground_Tile_1.asset
  artifactKey: Guid(b5cd2b68ddde22c42ad5ee4e2ddcb2f9) Importer(815301076,1909f56bfc062723c751e8b465ee728b)
Start importing Assets/Sand_Ground_Tile_1.asset using Guid(b5cd2b68ddde22c42ad5ee4e2ddcb2f9) Importer(815301076,1909f56bfc062723c751e8b465ee728b) (PreviewImporter) -> (artifact id: '9e41713787bf624af41336566fcc8d80') in 0.1549856 seconds
Number of updated asset objects reloaded before import = 0Number of asset objects unloaded after import = 2122

========================================================================
Received Import Request.
  Time since last request: 0.000030 seconds.
  path: Assets/Sand_Ground_Tile_12.asset
  artifactKey: Guid(f57b7012fbb4f3f489e930920965e71e) Importer(815301076,1909f56bfc062723c751e8b465ee728b)
Start importing Assets/Sand_Ground_Tile_12.asset using Guid(f57b7012fbb4f3f489e930920965e71e) Importer(815301076,1909f56bfc062723c751e8b465ee728b) (PreviewImporter) -> (artifact id: 'a9a35ce92f4f56106d1784e17af57979') in 0.1390717 seconds
Number of updated asset objects reloaded before import = 0Number of asset objects unloaded after import = 2122

========================================================================
Received Import Request.
  Time since last request: 0.000044 seconds.
  path: Assets/Sand_Ground_Tile_13.asset
  artifactKey: Guid(f1fe9da1f8c349d41b6d2309be31149a) Importer(815301076,1909f56bfc062723c751e8b465ee728b)
Start importing Assets/Sand_Ground_Tile_13.asset using Guid(f1fe9da1f8c349d41b6d2309be31149a) Importer(815301076,1909f56bfc062723c751e8b465ee728b) (PreviewImporter) -> (artifact id: '3624ca75e5c0ea5c2ce6f59a2c69f0ae') in 0.1400547 seconds
Number of updated asset objects reloaded before import = 0Number of asset objects unloaded after import = 2122

========================================================================
Received Import Request.
  Time since last request: 0.000027 seconds.
  path: Assets/Sand_Ground_Tile_3.asset
  artifactKey: Guid(0d8b44e9ab9db9a419edfe7eb9ebefe5) Importer(815301076,1909f56bfc062723c751e8b465ee728b)
Start importing Assets/Sand_Ground_Tile_3.asset using Guid(0d8b44e9ab9db9a419edfe7eb9ebefe5) Importer(815301076,1909f56bfc062723c751e8b465ee728b) (PreviewImporter) -> (artifact id: '5d8d8136e53a41fadf98d5003439be92') in 0.1413692 seconds
Number of updated asset objects reloaded before import = 0Number of asset objects unloaded after import = 2122

========================================================================
Received Import Request.
  Time since last request: 0.000032 seconds.
  path: Assets/Sand_Ground_Tile_7.asset
  artifactKey: Guid(3465dea035c37d34887d91612cb07a77) Importer(815301076,1909f56bfc062723c751e8b465ee728b)
Start importing Assets/Sand_Ground_Tile_7.asset using Guid(3465dea035c37d34887d91612cb07a77) Importer(815301076,1909f56bfc062723c751e8b465ee728b) (PreviewImporter) -> (artifact id: 'b6db848a952063e2fdbf8fa83b5fe293') in 0.1524925 seconds
Number of updated asset objects reloaded before import = 0Number of asset objects unloaded after import = 2122

========================================================================
Received Import Request.
  Time since last request: 5.799937 seconds.
  path: Assets/Sand_Ground_Tile_1.asset
  artifactKey: Guid(b5cd2b68ddde22c42ad5ee4e2ddcb2f9) Importer(815301076,1909f56bfc062723c751e8b465ee728b)
Start importing Assets/Sand_Ground_Tile_1.asset using Guid(b5cd2b68ddde22c42ad5ee4e2ddcb2f9) Importer(815301076,1909f56bfc062723c751e8b465ee728b) (PreviewImporter) -> (artifact id: 'ff7ae4d54a91fc193f29ed4bb0f4e3c1') in 0.1448716 seconds
Number of updated asset objects reloaded before import = 0Number of asset objects unloaded after import = 2122

========================================================================
Received Import Request.
  Time since last request: 0.000041 seconds.
  path: Assets/Sand_Ground_Tile_5.asset
  artifactKey: Guid(4cd54eb96c4e15849bfd13699eb67056) Importer(815301076,1909f56bfc062723c751e8b465ee728b)
Start importing Assets/Sand_Ground_Tile_5.asset using Guid(4cd54eb96c4e15849bfd13699eb67056) Importer(815301076,1909f56bfc062723c751e8b465ee728b) (PreviewImporter) -> (artifact id: 'b925342b3e846ad86a28800313289e1a') in 0.1573874 seconds
Number of updated asset objects reloaded before import = 0Number of asset objects unloaded after import = 2122

========================================================================
Received Import Request.
  Time since last request: 0.000046 seconds.
  path: Assets/Sand_Ground_Tile_13.asset
  artifactKey: Guid(f1fe9da1f8c349d41b6d2309be31149a) Importer(815301076,1909f56bfc062723c751e8b465ee728b)
Start importing Assets/Sand_Ground_Tile_13.asset using Guid(f1fe9da1f8c349d41b6d2309be31149a) Importer(815301076,1909f56bfc062723c751e8b465ee728b) (PreviewImporter) -> (artifact id: 'b283f752769d6f85d061f869520e3772') in 0.1421223 seconds
Number of updated asset objects reloaded before import = 0Number of asset objects unloaded after import = 2122

========================================================================
Received Import Request.
  Time since last request: 0.000024 seconds.
  path: Assets/Sand_Ground_Tile_3.asset
  artifactKey: Guid(0d8b44e9ab9db9a419edfe7eb9ebefe5) Importer(815301076,1909f56bfc062723c751e8b465ee728b)
Start importing Assets/Sand_Ground_Tile_3.asset using Guid(0d8b44e9ab9db9a419edfe7eb9ebefe5) Importer(815301076,1909f56bfc062723c751e8b465ee728b) (PreviewImporter) -> (artifact id: '82a8420056a789e24ee53bf54fe042f3') in 0.1879522 seconds
Number of updated asset objects reloaded before import = 0Number of asset objects unloaded after import = 2122

========================================================================
Received Import Request.
  Time since last request: 0.000060 seconds.
  path: Assets/Sand_Ground_Tile_7.asset
  artifactKey: Guid(3465dea035c37d34887d91612cb07a77) Importer(815301076,1909f56bfc062723c751e8b465ee728b)
Start importing Assets/Sand_Ground_Tile_7.asset using Guid(3465dea035c37d34887d91612cb07a77) Importer(815301076,1909f56bfc062723c751e8b465ee728b) (PreviewImporter) -> (artifact id: '4ab8fc40c28cc6c84626355c2386ac5e') in 0.1469018 seconds
Number of updated asset objects reloaded before import = 0Number of asset objects unloaded after import = 2122

========================================================================
Received Import Request.
  Time since last request: 27.061532 seconds.
  path: Assets/Sand_Ground_Tile_1.asset
  artifactKey: Guid(b5cd2b68ddde22c42ad5ee4e2ddcb2f9) Importer(815301076,1909f56bfc062723c751e8b465ee728b)
Start importing Assets/Sand_Ground_Tile_1.asset using Guid(b5cd2b68ddde22c42ad5ee4e2ddcb2f9) Importer(815301076,1909f56bfc062723c751e8b465ee728b) (PreviewImporter) -> (artifact id: 'd025d8cc505a2e69e07686f584b2bb6a') in 0.1525898 seconds
Number of updated asset objects reloaded before import = 0Number of asset objects unloaded after import = 2122

========================================================================
Received Import Request.
  Time since last request: 0.000027 seconds.
  path: Assets/Sand_Ground_Tile_12.asset
  artifactKey: Guid(f57b7012fbb4f3f489e930920965e71e) Importer(815301076,1909f56bfc062723c751e8b465ee728b)
Start importing Assets/Sand_Ground_Tile_12.asset using Guid(f57b7012fbb4f3f489e930920965e71e) Importer(815301076,1909f56bfc062723c751e8b465ee728b) (PreviewImporter) -> (artifact id: 'f11b9a216c70cb9e325d538f060ff758') in 0.1466702 seconds
Number of updated asset objects reloaded before import = 0Number of asset objects unloaded after import = 2122

========================================================================
Received Import Request.
  Time since last request: 0.000039 seconds.
  path: Assets/Sand_Ground_Tile_13.asset
  artifactKey: Guid(f1fe9da1f8c349d41b6d2309be31149a) Importer(815301076,1909f56bfc062723c751e8b465ee728b)
Start importing Assets/Sand_Ground_Tile_13.asset using Guid(f1fe9da1f8c349d41b6d2309be31149a) Importer(815301076,1909f56bfc062723c751e8b465ee728b) (PreviewImporter) -> (artifact id: '98778f2810d1cef58276da75ec0910a4') in 0.1444926 seconds
Number of updated asset objects reloaded before import = 0Number of asset objects unloaded after import = 2122

========================================================================
Received Import Request.
  Time since last request: 0.000028 seconds.
  path: Assets/Sand_Ground_Tile_3.asset
  artifactKey: Guid(0d8b44e9ab9db9a419edfe7eb9ebefe5) Importer(815301076,1909f56bfc062723c751e8b465ee728b)
Start importing Assets/Sand_Ground_Tile_3.asset using Guid(0d8b44e9ab9db9a419edfe7eb9ebefe5) Importer(815301076,1909f56bfc062723c751e8b465ee728b) (PreviewImporter) -> (artifact id: '04d1e9a5892447f69b88e36db0bd4840') in 0.1430082 seconds
Number of updated asset objects reloaded before import = 0Number of asset objects unloaded after import = 2122

========================================================================
Received Import Request.
  Time since last request: 0.000036 seconds.
  path: Assets/Sand_Ground_Tile_7.asset
  artifactKey: Guid(3465dea035c37d34887d91612cb07a77) Importer(815301076,1909f56bfc062723c751e8b465ee728b)
Start importing Assets/Sand_Ground_Tile_7.asset using Guid(3465dea035c37d34887d91612cb07a77) Importer(815301076,1909f56bfc062723c751e8b465ee728b) (PreviewImporter) -> (artifact id: 'cb37a23a72c5be14b662a15d5e238d1a') in 0.1399954 seconds
Number of updated asset objects reloaded before import = 0Number of asset objects unloaded after import = 2122

========================================================================
Received Import Request.
  Time since last request: 4.223680 seconds.
  path: Assets/Sand_Ground_Tile_1.asset
  artifactKey: Guid(b5cd2b68ddde22c42ad5ee4e2ddcb2f9) Importer(815301076,1909f56bfc062723c751e8b465ee728b)
Start importing Assets/Sand_Ground_Tile_1.asset using Guid(b5cd2b68ddde22c42ad5ee4e2ddcb2f9) Importer(815301076,1909f56bfc062723c751e8b465ee728b) (PreviewImporter) -> (artifact id: 'c38146f264abc08c1e3ed4975c46d8d2') in 0.1481435 seconds
Number of updated asset objects reloaded before import = 0Number of asset objects unloaded after import = 2122

========================================================================
Received Import Request.
  Time since last request: 0.000032 seconds.
  path: Assets/Sand_Ground_Tile_5.asset
  artifactKey: Guid(4cd54eb96c4e15849bfd13699eb67056) Importer(815301076,1909f56bfc062723c751e8b465ee728b)
Start importing Assets/Sand_Ground_Tile_5.asset using Guid(4cd54eb96c4e15849bfd13699eb67056) Importer(815301076,1909f56bfc062723c751e8b465ee728b) (PreviewImporter) -> (artifact id: '22d49959057d23e3f4d2ac6613b80e0c') in 0.1492885 seconds
Number of updated asset objects reloaded before import = 0Number of asset objects unloaded after import = 2122

========================================================================
Received Import Request.
  Time since last request: 0.000049 seconds.
  path: Assets/Sand_Ground_Tile_11.asset
  artifactKey: Guid(b02f14a84ecbfaa4aa65701019e0563a) Importer(815301076,1909f56bfc062723c751e8b465ee728b)
Start importing Assets/Sand_Ground_Tile_11.asset using Guid(b02f14a84ecbfaa4aa65701019e0563a) Importer(815301076,1909f56bfc062723c751e8b465ee728b) (PreviewImporter) -> (artifact id: '0a5363bac67fca0fdd882a0a841a3aef') in 0.1379019 seconds
Number of updated asset objects reloaded before import = 0Number of asset objects unloaded after import = 2122

========================================================================
Received Import Request.
  Time since last request: 0.000029 seconds.
  path: Assets/Sand_Ground_Tile_4.asset
  artifactKey: Guid(7306a441b2d78fa46b29017c1d7a3916) Importer(815301076,1909f56bfc062723c751e8b465ee728b)
Start importing Assets/Sand_Ground_Tile_4.asset using Guid(7306a441b2d78fa46b29017c1d7a3916) Importer(815301076,1909f56bfc062723c751e8b465ee728b) (PreviewImporter) -> (artifact id: 'cd853b22909022b423a8eabd1a035199') in 0.1497001 seconds
Number of updated asset objects reloaded before import = 0Number of asset objects unloaded after import = 2122

========================================================================
Received Import Request.
  Time since last request: 0.000034 seconds.
  path: Assets/Sand_Ground_Tile_7.asset
  artifactKey: Guid(3465dea035c37d34887d91612cb07a77) Importer(815301076,1909f56bfc062723c751e8b465ee728b)
Start importing Assets/Sand_Ground_Tile_7.asset using Guid(3465dea035c37d34887d91612cb07a77) Importer(815301076,1909f56bfc062723c751e8b465ee728b) (PreviewImporter) -> (artifact id: '31a542a0d84f2e9549980c3891d0bfb5') in 0.1436289 seconds
Number of updated asset objects reloaded before import = 0Number of asset objects unloaded after import = 2122

========================================================================
Received Import Request.
  Time since last request: 17.015949 seconds.
  path: Assets/Sand_Ground_Tile_1.asset
  artifactKey: Guid(b5cd2b68ddde22c42ad5ee4e2ddcb2f9) Importer(815301076,1909f56bfc062723c751e8b465ee728b)
Start importing Assets/Sand_Ground_Tile_1.asset using Guid(b5cd2b68ddde22c42ad5ee4e2ddcb2f9) Importer(815301076,1909f56bfc062723c751e8b465ee728b) (PreviewImporter) -> (artifact id: 'd95373a25717478e1a43d2d189298e4c') in 0.1495685 seconds
Number of updated asset objects reloaded before import = 0Number of asset objects unloaded after import = 2122

========================================================================
Received Import Request.
  Time since last request: 0.000031 seconds.
  path: Assets/Sand_Ground_Tile_5.asset
  artifactKey: Guid(4cd54eb96c4e15849bfd13699eb67056) Importer(815301076,1909f56bfc062723c751e8b465ee728b)
Start importing Assets/Sand_Ground_Tile_5.asset using Guid(4cd54eb96c4e15849bfd13699eb67056) Importer(815301076,1909f56bfc062723c751e8b465ee728b) (PreviewImporter) -> (artifact id: '98a6f22b22e9164fa72fde4c511e9dd0') in 0.1490024 seconds
Number of updated asset objects reloaded before import = 0Number of asset objects unloaded after import = 2122

========================================================================
Received Import Request.
  Time since last request: 0.000040 seconds.
  path: Assets/Sand_Ground_Tile_11.asset
  artifactKey: Guid(b02f14a84ecbfaa4aa65701019e0563a) Importer(815301076,1909f56bfc062723c751e8b465ee728b)
Start importing Assets/Sand_Ground_Tile_11.asset using Guid(b02f14a84ecbfaa4aa65701019e0563a) Importer(815301076,1909f56bfc062723c751e8b465ee728b) (PreviewImporter) -> (artifact id: 'a5428e2da6d35ba963836e8282893484') in 0.1437568 seconds
Number of updated asset objects reloaded before import = 0Number of asset objects unloaded after import = 2122

========================================================================
Received Import Request.
  Time since last request: 0.000029 seconds.
  path: Assets/Sand_Ground_Tile_4.asset
  artifactKey: Guid(7306a441b2d78fa46b29017c1d7a3916) Importer(815301076,1909f56bfc062723c751e8b465ee728b)
Start importing Assets/Sand_Ground_Tile_4.asset using Guid(7306a441b2d78fa46b29017c1d7a3916) Importer(815301076,1909f56bfc062723c751e8b465ee728b) (PreviewImporter) -> (artifact id: '1c485b5f9111cb324a0c5af7a9aa8de5') in 0.1443981 seconds
Number of updated asset objects reloaded before import = 0Number of asset objects unloaded after import = 2122

========================================================================
Received Import Request.
  Time since last request: 0.000026 seconds.
  path: Assets/Sand_Ground_Tile_6.asset
  artifactKey: Guid(97ad6927ab575ac4c963ba0436256400) Importer(815301076,1909f56bfc062723c751e8b465ee728b)
Start importing Assets/Sand_Ground_Tile_6.asset using Guid(97ad6927ab575ac4c963ba0436256400) Importer(815301076,1909f56bfc062723c751e8b465ee728b) (PreviewImporter) -> (artifact id: 'd14719558eccf30353298062bb547c16') in 0.1468445 seconds
Number of updated asset objects reloaded before import = 0Number of asset objects unloaded after import = 2122

========================================================================
Received Import Request.
  Time since last request: 0.000033 seconds.
  path: Assets/Sand_Ground_Tile_14.asset
  artifactKey: Guid(4cf8bfc6c6d9e3f4e9b4ab300733a059) Importer(815301076,1909f56bfc062723c751e8b465ee728b)
Start importing Assets/Sand_Ground_Tile_14.asset using Guid(4cf8bfc6c6d9e3f4e9b4ab300733a059) Importer(815301076,1909f56bfc062723c751e8b465ee728b) (PreviewImporter) -> (artifact id: 'ad903b71c965c4d74c362e6d70bc6a6d') in 0.1331402 seconds
Number of updated asset objects reloaded before import = 0Number of asset objects unloaded after import = 2122

========================================================================
Received Import Request.
  Time since last request: 36.164318 seconds.
  path: Assets/Sand_Ground_Tile_1.asset
  artifactKey: Guid(b5cd2b68ddde22c42ad5ee4e2ddcb2f9) Importer(815301076,1909f56bfc062723c751e8b465ee728b)
Start importing Assets/Sand_Ground_Tile_1.asset using Guid(b5cd2b68ddde22c42ad5ee4e2ddcb2f9) Importer(815301076,1909f56bfc062723c751e8b465ee728b) (PreviewImporter) -> (artifact id: 'c82b83ab9e010216ab4a78a09be89b3e') in 0.1464718 seconds
Number of updated asset objects reloaded before import = 0Number of asset objects unloaded after import = 2122

========================================================================
Received Import Request.
  Time since last request: 0.000027 seconds.
  path: Assets/Sand_Ground_Tile_12.asset
  artifactKey: Guid(f57b7012fbb4f3f489e930920965e71e) Importer(815301076,1909f56bfc062723c751e8b465ee728b)
Start importing Assets/Sand_Ground_Tile_12.asset using Guid(f57b7012fbb4f3f489e930920965e71e) Importer(815301076,1909f56bfc062723c751e8b465ee728b) (PreviewImporter) -> (artifact id: 'd8af4bc7f8f673ba788e09ac5578a093') in 0.1459182 seconds
Number of updated asset objects reloaded before import = 0Number of asset objects unloaded after import = 2122

========================================================================
Received Import Request.
  Time since last request: 0.000039 seconds.
  path: Assets/Sand_Ground_Tile_13.asset
  artifactKey: Guid(f1fe9da1f8c349d41b6d2309be31149a) Importer(815301076,1909f56bfc062723c751e8b465ee728b)
Start importing Assets/Sand_Ground_Tile_13.asset using Guid(f1fe9da1f8c349d41b6d2309be31149a) Importer(815301076,1909f56bfc062723c751e8b465ee728b) (PreviewImporter) -> (artifact id: '37c79eb2f09250352d0c2da5a32c9402') in 0.1366726 seconds
Number of updated asset objects reloaded before import = 0Number of asset objects unloaded after import = 2122

========================================================================
Received Import Request.
  Time since last request: 0.000030 seconds.
  path: Assets/Sand_Ground_Tile_4.asset
  artifactKey: Guid(7306a441b2d78fa46b29017c1d7a3916) Importer(815301076,1909f56bfc062723c751e8b465ee728b)
Start importing Assets/Sand_Ground_Tile_4.asset using Guid(7306a441b2d78fa46b29017c1d7a3916) Importer(815301076,1909f56bfc062723c751e8b465ee728b) (PreviewImporter) -> (artifact id: '47a0d029654acfa480530106584e98aa') in 0.1468449 seconds
Number of updated asset objects reloaded before import = 0Number of asset objects unloaded after import = 2122

========================================================================
Received Import Request.
  Time since last request: 0.000031 seconds.
  path: Assets/Sand_Ground_Tile_7.asset
  artifactKey: Guid(3465dea035c37d34887d91612cb07a77) Importer(815301076,1909f56bfc062723c751e8b465ee728b)
Start importing Assets/Sand_Ground_Tile_7.asset using Guid(3465dea035c37d34887d91612cb07a77) Importer(815301076,1909f56bfc062723c751e8b465ee728b) (PreviewImporter) -> (artifact id: 'b906e6683ce53fa91294c761fcc652fb') in 0.1476159 seconds
Number of updated asset objects reloaded before import = 0Number of asset objects unloaded after import = 2122

========================================================================
Received Import Request.
  Time since last request: 9.304480 seconds.
  path: Assets/Sand_Ground_Tile_1.asset
  artifactKey: Guid(b5cd2b68ddde22c42ad5ee4e2ddcb2f9) Importer(815301076,1909f56bfc062723c751e8b465ee728b)
Start importing Assets/Sand_Ground_Tile_1.asset using Guid(b5cd2b68ddde22c42ad5ee4e2ddcb2f9) Importer(815301076,1909f56bfc062723c751e8b465ee728b) (PreviewImporter) -> (artifact id: 'dbae49bab0d0aad3d488d697689e678a') in 0.1536395 seconds
Number of updated asset objects reloaded before import = 0Number of asset objects unloaded after import = 2122

========================================================================
Received Import Request.
  Time since last request: 0.000039 seconds.
  path: Assets/Sand_Ground_Tile_12.asset
  artifactKey: Guid(f57b7012fbb4f3f489e930920965e71e) Importer(815301076,1909f56bfc062723c751e8b465ee728b)
Start importing Assets/Sand_Ground_Tile_12.asset using Guid(f57b7012fbb4f3f489e930920965e71e) Importer(815301076,1909f56bfc062723c751e8b465ee728b) (PreviewImporter) -> (artifact id: 'b9dda6fcdb6a7d56a449b43fbeca43b5') in 0.1587307 seconds
Number of updated asset objects reloaded before import = 0Number of asset objects unloaded after import = 2122

========================================================================
Received Import Request.
  Time since last request: 0.000040 seconds.
  path: Assets/Sand_Ground_Tile_13.asset
  artifactKey: Guid(f1fe9da1f8c349d41b6d2309be31149a) Importer(815301076,1909f56bfc062723c751e8b465ee728b)
Start importing Assets/Sand_Ground_Tile_13.asset using Guid(f1fe9da1f8c349d41b6d2309be31149a) Importer(815301076,1909f56bfc062723c751e8b465ee728b) (PreviewImporter) -> (artifact id: 'f8aad3505f559ce0b68df45235cd2941') in 0.1509028 seconds
Number of updated asset objects reloaded before import = 0Number of asset objects unloaded after import = 2122

========================================================================
Received Import Request.
  Time since last request: 0.000031 seconds.
  path: Assets/Sand_Ground_Tile_4.asset
  artifactKey: Guid(7306a441b2d78fa46b29017c1d7a3916) Importer(815301076,1909f56bfc062723c751e8b465ee728b)
Start importing Assets/Sand_Ground_Tile_4.asset using Guid(7306a441b2d78fa46b29017c1d7a3916) Importer(815301076,1909f56bfc062723c751e8b465ee728b) (PreviewImporter) -> (artifact id: '58976621e13db9d3686956805cdcdbbf') in 0.1564252 seconds
Number of updated asset objects reloaded before import = 0Number of asset objects unloaded after import = 2122

========================================================================
Received Import Request.
  Time since last request: 0.000087 seconds.
  path: Assets/Sand_Ground_Tile_7.asset
  artifactKey: Guid(3465dea035c37d34887d91612cb07a77) Importer(815301076,1909f56bfc062723c751e8b465ee728b)
Start importing Assets/Sand_Ground_Tile_7.asset using Guid(3465dea035c37d34887d91612cb07a77) Importer(815301076,1909f56bfc062723c751e8b465ee728b) (PreviewImporter) -> (artifact id: '1aa856cbdac280f41a2236a3635772a7') in 0.158556 seconds
Number of updated asset objects reloaded before import = 0Number of asset objects unloaded after import = 2122

========================================================================
Received Import Request.
  Time since last request: 10.641051 seconds.
  path: Assets/Sand_Ground_Tile_1.asset
  artifactKey: Guid(b5cd2b68ddde22c42ad5ee4e2ddcb2f9) Importer(815301076,1909f56bfc062723c751e8b465ee728b)
Start importing Assets/Sand_Ground_Tile_1.asset using Guid(b5cd2b68ddde22c42ad5ee4e2ddcb2f9) Importer(815301076,1909f56bfc062723c751e8b465ee728b) (PreviewImporter) -> (artifact id: 'e088eaa3b045c063b87ea726f172fb8f') in 0.1491933 seconds
Number of updated asset objects reloaded before import = 0Number of asset objects unloaded after import = 2122

========================================================================
Received Import Request.
  Time since last request: 0.000031 seconds.
  path: Assets/Sand_Ground_Tile_5.asset
  artifactKey: Guid(4cd54eb96c4e15849bfd13699eb67056) Importer(815301076,1909f56bfc062723c751e8b465ee728b)
Start importing Assets/Sand_Ground_Tile_5.asset using Guid(4cd54eb96c4e15849bfd13699eb67056) Importer(815301076,1909f56bfc062723c751e8b465ee728b) (PreviewImporter) -> (artifact id: '7003ef58ea3a72b8a72d3a1af3c69e50') in 0.1532692 seconds
Number of updated asset objects reloaded before import = 0Number of asset objects unloaded after import = 2122

========================================================================
Received Import Request.
  Time since last request: 0.000027 seconds.
  path: Assets/Sand_Ground_Tile_13.asset
  artifactKey: Guid(f1fe9da1f8c349d41b6d2309be31149a) Importer(815301076,1909f56bfc062723c751e8b465ee728b)
Start importing Assets/Sand_Ground_Tile_13.asset using Guid(f1fe9da1f8c349d41b6d2309be31149a) Importer(815301076,1909f56bfc062723c751e8b465ee728b) (PreviewImporter) -> (artifact id: '12ed1a9d308d79d29c603c4269f9500b') in 0.1415254 seconds
Number of updated asset objects reloaded before import = 0Number of asset objects unloaded after import = 2122

========================================================================
Received Import Request.
  Time since last request: 0.000025 seconds.
  path: Assets/Sand_Ground_Tile_4.asset
  artifactKey: Guid(7306a441b2d78fa46b29017c1d7a3916) Importer(815301076,1909f56bfc062723c751e8b465ee728b)
Start importing Assets/Sand_Ground_Tile_4.asset using Guid(7306a441b2d78fa46b29017c1d7a3916) Importer(815301076,1909f56bfc062723c751e8b465ee728b) (PreviewImporter) -> (artifact id: '482c20d1cfee52f83c63a5ef45139e44') in 0.1587984 seconds
Number of updated asset objects reloaded before import = 0Number of asset objects unloaded after import = 2122

========================================================================
Received Import Request.
  Time since last request: 0.000035 seconds.
  path: Assets/Sand_Ground_Tile_7.asset
  artifactKey: Guid(3465dea035c37d34887d91612cb07a77) Importer(815301076,1909f56bfc062723c751e8b465ee728b)
Start importing Assets/Sand_Ground_Tile_7.asset using Guid(3465dea035c37d34887d91612cb07a77) Importer(815301076,1909f56bfc062723c751e8b465ee728b) (PreviewImporter) -> (artifact id: '2e4e48063325261cc354e1de9fb29881') in 0.1588465 seconds
Number of updated asset objects reloaded before import = 0Number of asset objects unloaded after import = 2122

========================================================================
Received Import Request.
  Time since last request: 3.832293 seconds.
  path: Assets/Sand_Ground_Tile_1.asset
  artifactKey: Guid(b5cd2b68ddde22c42ad5ee4e2ddcb2f9) Importer(815301076,1909f56bfc062723c751e8b465ee728b)
Start importing Assets/Sand_Ground_Tile_1.asset using Guid(b5cd2b68ddde22c42ad5ee4e2ddcb2f9) Importer(815301076,1909f56bfc062723c751e8b465ee728b) (PreviewImporter) -> (artifact id: '1cdb0f8e574ffe8e40f7f0d98326be3e') in 0.1560846 seconds
Number of updated asset objects reloaded before import = 0Number of asset objects unloaded after import = 2122

========================================================================
Received Import Request.
  Time since last request: 0.000023 seconds.
  path: Assets/Sand_Ground_Tile_12.asset
  artifactKey: Guid(f57b7012fbb4f3f489e930920965e71e) Importer(815301076,1909f56bfc062723c751e8b465ee728b)
Start importing Assets/Sand_Ground_Tile_12.asset using Guid(f57b7012fbb4f3f489e930920965e71e) Importer(815301076,1909f56bfc062723c751e8b465ee728b) (PreviewImporter) -> (artifact id: 'e5861dc5816c36408543465a41c3f550') in 0.1420862 seconds
Number of updated asset objects reloaded before import = 0Number of asset objects unloaded after import = 2122

========================================================================
Received Import Request.
  Time since last request: 0.000044 seconds.
  path: Assets/Sand_Ground_Tile_11.asset
  artifactKey: Guid(b02f14a84ecbfaa4aa65701019e0563a) Importer(815301076,1909f56bfc062723c751e8b465ee728b)
Start importing Assets/Sand_Ground_Tile_11.asset using Guid(b02f14a84ecbfaa4aa65701019e0563a) Importer(815301076,1909f56bfc062723c751e8b465ee728b) (PreviewImporter) -> (artifact id: '27e09ee52aa43d23d8e79984bb4672a0') in 0.1450469 seconds
Number of updated asset objects reloaded before import = 0Number of asset objects unloaded after import = 2122

========================================================================
Received Import Request.
  Time since last request: 0.000039 seconds.
  path: Assets/Sand_Ground_Tile_4.asset
  artifactKey: Guid(7306a441b2d78fa46b29017c1d7a3916) Importer(815301076,1909f56bfc062723c751e8b465ee728b)
Start importing Assets/Sand_Ground_Tile_4.asset using Guid(7306a441b2d78fa46b29017c1d7a3916) Importer(815301076,1909f56bfc062723c751e8b465ee728b) (PreviewImporter) -> (artifact id: '74e51e42917dddfc3d1db19ebd664532') in 0.1546381 seconds
Number of updated asset objects reloaded before import = 0Number of asset objects unloaded after import = 2122

========================================================================
Received Import Request.
  Time since last request: 0.000028 seconds.
  path: Assets/Sand_Ground_Tile_7.asset
  artifactKey: Guid(3465dea035c37d34887d91612cb07a77) Importer(815301076,1909f56bfc062723c751e8b465ee728b)
Start importing Assets/Sand_Ground_Tile_7.asset using Guid(3465dea035c37d34887d91612cb07a77) Importer(815301076,1909f56bfc062723c751e8b465ee728b) (PreviewImporter) -> (artifact id: 'dde696d38e7d9770073688e8f931df22') in 0.1559894 seconds
Number of updated asset objects reloaded before import = 0Number of asset objects unloaded after import = 2122

Editor requested this worker to shutdown with reason: Scaling down because of idle timeout
AssetImportWorker is now disconnected from the server
Process exiting
Exiting without the bug reporter. Application will terminate with return code 0