Using pre-set license
Built from '6000.0/staging' branch; Version is '6000.0.40f1 (157d81624ddf) revision 1408385'; Using compiler version '193933523'; Build Type 'Release'
OS: 'Windows 10  (10.0.19045) 64bit Professional' Language: 'uk' Physical Memory: 16334 MB
BatchMode: 1, IsHumanControllingUs: 0, StartBugReporterOnCrash: 0, Is64bit: 1, IsPro: 1

COMMAND LINE ARGUMENTS:
D:\Unity\6000.0.40f1\Editor\Unity.exe
-adb2
-batchMode
-noUpm
-name
AssetImportWorker12
-projectPath
D:/GameDev/Brotato
-logFile
Logs/AssetImportWorker12.log
-srvPort
51282
-job-worker-count
5
-background-job-worker-count
8
-gc-helper-count
1
Successfully changed project path to: D:/GameDev/Brotato
D:/GameDev/Brotato
[UnityMemory] Configuration Parameters - Can be set up in boot.config
    "memorysetup-bucket-allocator-granularity=16"
    "memorysetup-bucket-allocator-bucket-count=8"
    "memorysetup-bucket-allocator-block-size=33554432"
    "memorysetup-bucket-allocator-block-count=8"
    "memorysetup-main-allocator-block-size=16777216"
    "memorysetup-thread-allocator-block-size=16777216"
    "memorysetup-gfx-main-allocator-block-size=16777216"
    "memorysetup-gfx-thread-allocator-block-size=16777216"
    "memorysetup-cache-allocator-block-size=4194304"
    "memorysetup-typetree-allocator-block-size=2097152"
    "memorysetup-profiler-bucket-allocator-granularity=16"
    "memorysetup-profiler-bucket-allocator-bucket-count=8"
    "memorysetup-profiler-bucket-allocator-block-size=33554432"
    "memorysetup-profiler-bucket-allocator-block-count=8"
    "memorysetup-profiler-allocator-block-size=16777216"
    "memorysetup-profiler-editor-allocator-block-size=1048576"
    "memorysetup-temp-allocator-size-main=16777216"
    "memorysetup-job-temp-allocator-block-size=2097152"
    "memorysetup-job-temp-allocator-block-size-background=1048576"
    "memorysetup-job-temp-allocator-reduction-small-platforms=262144"
    "memorysetup-allocator-temp-initial-block-size-main=262144"
    "memorysetup-allocator-temp-initial-block-size-worker=262144"
    "memorysetup-temp-allocator-size-background-worker=32768"
    "memorysetup-temp-allocator-size-job-worker=262144"
    "memorysetup-temp-allocator-size-preload-manager=33554432"
    "memorysetup-temp-allocator-size-nav-mesh-worker=65536"
    "memorysetup-temp-allocator-size-audio-worker=65536"
    "memorysetup-temp-allocator-size-cloud-worker=32768"
    "memorysetup-temp-allocator-size-gi-baking-worker=262144"
    "memorysetup-temp-allocator-size-gi-baking-worker=262144"
    "memorysetup-temp-allocator-size-gi-baking-worker=262144"
    "memorysetup-temp-allocator-size-gi-baking-worker=262144"
    "memorysetup-temp-allocator-size-gi-baking-worker=262144"
    "memorysetup-temp-allocator-size-gfx=262144"
Player connection [23284]  Target information:

Player connection [23284]  * "[IP] 192.168.0.28 [Port] 0 [Flags] 2 [Guid] 404135457 [EditorId] 404135457 [Version] 1048832 [Id] WindowsEditor(7,DESKTOP-4DD92S9) [Debug] 1 [PackageName] WindowsEditor [ProjectName] Editor" 

Player connection [23284] Host joined multi-casting on [225.0.0.222:54997]...
Player connection [23284] Host joined alternative multi-casting on [225.0.0.222:34997]...
JobSystem: Creating JobQueue using job-worker-count value 5
Input System module state changed to: Initialized.
[Physics::Module] Initialized fallback backend.
[Physics::Module] Id: 0xdecafbad
Library Redirect Path: Library/
[Physics::Module] Selected backend.
[Physics::Module] Name: PhysX
[Physics::Module] Id: 0xf2b8ea05
[Physics::Module] SDK Version: 4.1.2
[Physics::Module] Integration Version: 1.0.0
[Physics::Module] Threading Mode: Multi-Threaded
Refreshing native plugins compatible for Editor in 4.12 ms, found 4 plugins.
Preloading 0 native plugins for Editor in 0.00 ms.
Initialize engine version: 6000.0.40f1 (157d81624ddf)
[Subsystems] Discovering subsystems at path D:/Unity/6000.0.40f1/Editor/Data/Resources/UnitySubsystems
[Subsystems] Discovering subsystems at path D:/GameDev/Brotato/Assets
GfxDevice: creating device client; kGfxThreadingModeNonThreaded
Direct3D:
    Version:  Direct3D 11.0 [level 11.1]
    Renderer: Radeon RX 590 Series (ID=0x67df)
    Vendor:   ATI
    VRAM:     8170 MB
    Driver:   31.0.21923.1000
Shader Hidden/ProbeVolume/VoxelizeScene is not supported: GPU does not support conservative rasterization
Initialize mono
Mono path[0] = 'D:/Unity/6000.0.40f1/Editor/Data/Managed'
Mono path[1] = 'D:/Unity/6000.0.40f1/Editor/Data/MonoBleedingEdge/lib/mono/unityjit-win32'
Mono config path = 'D:/Unity/6000.0.40f1/Editor/Data/MonoBleedingEdge/etc'
Using monoOptions --debugger-agent=transport=dt_socket,embedding=1,server=y,suspend=n,address=127.0.0.1:56588
Begin MonoManager ReloadAssembly
Registering precompiled unity dll's ...
Register platform support module: D:/Unity/6000.0.40f1/Editor/Data/PlaybackEngines/WebGLSupport/UnityEditor.WebGL.Extensions.dll
Register platform support module: D:/Unity/6000.0.40f1/Editor/Data/PlaybackEngines/WindowsStandaloneSupport/UnityEditor.WindowsStandalone.Extensions.dll
Register platform support module: D:/Unity/6000.0.40f1/Editor/Data/PlaybackEngines/AndroidPlayer/UnityEditor.Android.Extensions.dll
Registered in 0.006506 seconds.
- Loaded All Assemblies, in  0.616 seconds
Native extension for Android target not found
Android Extension - Scanning For ADB Devices 335 ms
Native extension for WindowsStandalone target not found
Native extension for WebGL target not found
Mono: successfully reloaded assembly
- Finished resetting the current domain, in  0.988 seconds
Domain Reload Profiling: 1604ms
	BeginReloadAssembly (190ms)
		ExecutionOrderSort (0ms)
		DisableScriptedObjects (0ms)
		BackupInstance (0ms)
		ReleaseScriptingObjects (0ms)
		CreateAndSetChildDomain (1ms)
	RebuildCommonClasses (60ms)
	RebuildNativeTypeToScriptingClass (19ms)
	initialDomainReloadingComplete (75ms)
	LoadAllAssembliesAndSetupDomain (272ms)
		LoadAssemblies (191ms)
		RebuildTransferFunctionScriptingTraits (0ms)
		AnalyzeDomain (263ms)
			TypeCache.Refresh (261ms)
				TypeCache.ScanAssembly (243ms)
			BuildScriptInfoCaches (0ms)
			ResolveRequiredComponents (1ms)
	FinalizeReload (989ms)
		ReleaseScriptCaches (0ms)
		RebuildScriptCaches (0ms)
		SetupLoadedEditorAssemblies (911ms)
			LogAssemblyErrors (0ms)
			InitializePlatformSupportModulesInManaged (507ms)
			SetLoadedEditorAssemblies (5ms)
			BeforeProcessingInitializeOnLoad (132ms)
			ProcessInitializeOnLoadAttributes (182ms)
			ProcessInitializeOnLoadMethodAttributes (84ms)
			AfterProcessingInitializeOnLoad (0ms)
			EditorAssembliesLoaded (0ms)
		ExecutionOrderSort2 (0ms)
		AwakeInstancesAfterBackupRestoration (0ms)
========================================================================
Worker process is ready to serve import requests
Import Worker Mode flag is 0x00
Begin MonoManager ReloadAssembly
Duplicate assembly 'log4net.dll' with different versions detected, using 'Packages/com.unity.package-validation-suite/Lib/Editor/log4net.dll, AssemblyName=log4net, Version=2.0.8.0, Culture=neutral, PublicKeyToken=669e0ddf0bb1aa2a' and ignoring 'Packages/com.unity.collab-proxy/Lib/Editor/log4netPlastic.dll, AssemblyName=log4net, Version=1.2.15.0, Culture=neutral, PublicKeyToken=669e0ddf0bb1aa2a'.- Loaded All Assemblies, in  1.161 seconds
Refreshing native plugins compatible for Editor in 2.49 ms, found 4 plugins.
Native extension for Android target not found
Native extension for WindowsStandalone target not found
Native extension for WebGL target not found
Mono: successfully reloaded assembly
- Finished resetting the current domain, in  1.118 seconds
Domain Reload Profiling: 2277ms
	BeginReloadAssembly (225ms)
		ExecutionOrderSort (0ms)
		DisableScriptedObjects (8ms)
		BackupInstance (0ms)
		ReleaseScriptingObjects (0ms)
		CreateAndSetChildDomain (40ms)
	RebuildCommonClasses (56ms)
	RebuildNativeTypeToScriptingClass (18ms)
	initialDomainReloadingComplete (55ms)
	LoadAllAssembliesAndSetupDomain (805ms)
		LoadAssemblies (515ms)
		RebuildTransferFunctionScriptingTraits (0ms)
		AnalyzeDomain (424ms)
			TypeCache.Refresh (303ms)
				TypeCache.ScanAssembly (278ms)
			BuildScriptInfoCaches (87ms)
			ResolveRequiredComponents (29ms)
	FinalizeReload (1119ms)
		ReleaseScriptCaches (0ms)
		RebuildScriptCaches (0ms)
		SetupLoadedEditorAssemblies (900ms)
			LogAssemblyErrors (0ms)
			InitializePlatformSupportModulesInManaged (20ms)
			SetLoadedEditorAssemblies (7ms)
			BeforeProcessingInitializeOnLoad (154ms)
			ProcessInitializeOnLoadAttributes (565ms)
			ProcessInitializeOnLoadMethodAttributes (151ms)
			AfterProcessingInitializeOnLoad (4ms)
			EditorAssembliesLoaded (0ms)
		ExecutionOrderSort2 (0ms)
		AwakeInstancesAfterBackupRestoration (8ms)
Shader Hidden/ProbeVolume/VoxelizeScene is not supported: GPU does not support conservative rasterization
Launched and connected shader compiler UnityShaderCompiler.exe after 0.01 seconds
Refreshing native plugins compatible for Editor in 2.87 ms, found 4 plugins.
Preloading 0 native plugins for Editor in 0.00 ms.
Unloading 225 Unused Serialized files (Serialized files now loaded: 0)
Unloading 7173 unused Assets / (6.5 MB). Loaded Objects now: 7884.
Memory consumption went from 199.6 MB to 193.1 MB.
Total: 12.984300 ms (FindLiveObjects: 1.008200 ms CreateObjectMapping: 0.573300 ms MarkObjects: 7.279600 ms  DeleteObjects: 4.121500 ms)

========================================================================
Received Prepare
Begin MonoManager ReloadAssembly
Duplicate assembly 'log4net.dll' with different versions detected, using 'Packages/com.unity.package-validation-suite/Lib/Editor/log4net.dll, AssemblyName=log4net, Version=2.0.8.0, Culture=neutral, PublicKeyToken=669e0ddf0bb1aa2a' and ignoring 'Packages/com.unity.collab-proxy/Lib/Editor/log4netPlastic.dll, AssemblyName=log4net, Version=1.2.15.0, Culture=neutral, PublicKeyToken=669e0ddf0bb1aa2a'.- Loaded All Assemblies, in  1.129 seconds
Refreshing native plugins compatible for Editor in 2.83 ms, found 4 plugins.
Native extension for Android target not found
Native extension for WindowsStandalone target not found
Native extension for WebGL target not found
Mono: successfully reloaded assembly
- Finished resetting the current domain, in  1.130 seconds
Domain Reload Profiling: 2261ms
	BeginReloadAssembly (300ms)
		ExecutionOrderSort (0ms)
		DisableScriptedObjects (20ms)
		BackupInstance (0ms)
		ReleaseScriptingObjects (0ms)
		CreateAndSetChildDomain (71ms)
	RebuildCommonClasses (50ms)
	RebuildNativeTypeToScriptingClass (24ms)
	initialDomainReloadingComplete (38ms)
	LoadAllAssembliesAndSetupDomain (718ms)
		LoadAssemblies (597ms)
		RebuildTransferFunctionScriptingTraits (0ms)
		AnalyzeDomain (274ms)
			TypeCache.Refresh (8ms)
				TypeCache.ScanAssembly (0ms)
			BuildScriptInfoCaches (244ms)
			ResolveRequiredComponents (18ms)
	FinalizeReload (1131ms)
		ReleaseScriptCaches (0ms)
		RebuildScriptCaches (0ms)
		SetupLoadedEditorAssemblies (832ms)
			LogAssemblyErrors (0ms)
			InitializePlatformSupportModulesInManaged (18ms)
			SetLoadedEditorAssemblies (6ms)
			BeforeProcessingInitializeOnLoad (169ms)
			ProcessInitializeOnLoadAttributes (545ms)
			ProcessInitializeOnLoadMethodAttributes (90ms)
			AfterProcessingInitializeOnLoad (3ms)
			EditorAssembliesLoaded (0ms)
		ExecutionOrderSort2 (0ms)
		AwakeInstancesAfterBackupRestoration (18ms)
Shader Hidden/ProbeVolume/VoxelizeScene is not supported: GPU does not support conservative rasterization
Refreshing native plugins compatible for Editor in 2.94 ms, found 4 plugins.
Preloading 0 native plugins for Editor in 0.00 ms.
Unloading 31 Unused Serialized files (Serialized files now loaded: 0)
Unloading 7172 unused Assets / (6.7 MB). Loaded Objects now: 7888.
Memory consumption went from 169.2 MB to 162.5 MB.
Total: 13.264000 ms (FindLiveObjects: 1.120300 ms CreateObjectMapping: 0.699200 ms MarkObjects: 7.120600 ms  DeleteObjects: 4.322300 ms)

Prepare: number of updated asset objects reloaded= 0
========================================================================
Received Prepare
Begin MonoManager ReloadAssembly
Duplicate assembly 'log4net.dll' with different versions detected, using 'Packages/com.unity.package-validation-suite/Lib/Editor/log4net.dll, AssemblyName=log4net, Version=2.0.8.0, Culture=neutral, PublicKeyToken=669e0ddf0bb1aa2a' and ignoring 'Packages/com.unity.collab-proxy/Lib/Editor/log4netPlastic.dll, AssemblyName=log4net, Version=1.2.15.0, Culture=neutral, PublicKeyToken=669e0ddf0bb1aa2a'.- Loaded All Assemblies, in  1.074 seconds
Refreshing native plugins compatible for Editor in 2.51 ms, found 4 plugins.
Native extension for Android target not found
Native extension for WindowsStandalone target not found
Native extension for WebGL target not found
Mono: successfully reloaded assembly
- Finished resetting the current domain, in  1.097 seconds
Domain Reload Profiling: 2173ms
	BeginReloadAssembly (279ms)
		ExecutionOrderSort (0ms)
		DisableScriptedObjects (20ms)
		BackupInstance (0ms)
		ReleaseScriptingObjects (0ms)
		CreateAndSetChildDomain (62ms)
	RebuildCommonClasses (57ms)
	RebuildNativeTypeToScriptingClass (22ms)
	initialDomainReloadingComplete (38ms)
	LoadAllAssembliesAndSetupDomain (679ms)
		LoadAssemblies (496ms)
		RebuildTransferFunctionScriptingTraits (0ms)
		AnalyzeDomain (330ms)
			TypeCache.Refresh (8ms)
				TypeCache.ScanAssembly (0ms)
			BuildScriptInfoCaches (299ms)
			ResolveRequiredComponents (18ms)
	FinalizeReload (1098ms)
		ReleaseScriptCaches (0ms)
		RebuildScriptCaches (0ms)
		SetupLoadedEditorAssemblies (791ms)
			LogAssemblyErrors (0ms)
			InitializePlatformSupportModulesInManaged (17ms)
			SetLoadedEditorAssemblies (4ms)
			BeforeProcessingInitializeOnLoad (146ms)
			ProcessInitializeOnLoadAttributes (522ms)
			ProcessInitializeOnLoadMethodAttributes (98ms)
			AfterProcessingInitializeOnLoad (3ms)
			EditorAssembliesLoaded (1ms)
		ExecutionOrderSort2 (0ms)
		AwakeInstancesAfterBackupRestoration (22ms)
Shader Hidden/ProbeVolume/VoxelizeScene is not supported: GPU does not support conservative rasterization
Refreshing native plugins compatible for Editor in 3.15 ms, found 4 plugins.
Preloading 0 native plugins for Editor in 0.00 ms.
Unloading 31 Unused Serialized files (Serialized files now loaded: 0)
Unloading 7172 unused Assets / (7.2 MB). Loaded Objects now: 7891.
Memory consumption went from 169.2 MB to 162.0 MB.
Total: 17.028000 ms (FindLiveObjects: 1.025600 ms CreateObjectMapping: 0.936800 ms MarkObjects: 8.318000 ms  DeleteObjects: 6.746100 ms)

Prepare: number of updated asset objects reloaded= 0
========================================================================
Received Prepare
Begin MonoManager ReloadAssembly
Duplicate assembly 'log4net.dll' with different versions detected, using 'Packages/com.unity.package-validation-suite/Lib/Editor/log4net.dll, AssemblyName=log4net, Version=2.0.8.0, Culture=neutral, PublicKeyToken=669e0ddf0bb1aa2a' and ignoring 'Packages/com.unity.collab-proxy/Lib/Editor/log4netPlastic.dll, AssemblyName=log4net, Version=1.2.15.0, Culture=neutral, PublicKeyToken=669e0ddf0bb1aa2a'.- Loaded All Assemblies, in  1.061 seconds
Refreshing native plugins compatible for Editor in 2.49 ms, found 4 plugins.
Native extension for Android target not found
Native extension for WindowsStandalone target not found
Native extension for WebGL target not found
Mono: successfully reloaded assembly
- Finished resetting the current domain, in  1.098 seconds
Domain Reload Profiling: 2162ms
	BeginReloadAssembly (301ms)
		ExecutionOrderSort (0ms)
		DisableScriptedObjects (21ms)
		BackupInstance (0ms)
		ReleaseScriptingObjects (0ms)
		CreateAndSetChildDomain (71ms)
	RebuildCommonClasses (50ms)
	RebuildNativeTypeToScriptingClass (19ms)
	initialDomainReloadingComplete (37ms)
	LoadAllAssembliesAndSetupDomain (656ms)
		LoadAssemblies (523ms)
		RebuildTransferFunctionScriptingTraits (0ms)
		AnalyzeDomain (289ms)
			TypeCache.Refresh (8ms)
				TypeCache.ScanAssembly (0ms)
			BuildScriptInfoCaches (256ms)
			ResolveRequiredComponents (22ms)
	FinalizeReload (1099ms)
		ReleaseScriptCaches (0ms)
		RebuildScriptCaches (0ms)
		SetupLoadedEditorAssemblies (796ms)
			LogAssemblyErrors (0ms)
			InitializePlatformSupportModulesInManaged (15ms)
			SetLoadedEditorAssemblies (4ms)
			BeforeProcessingInitializeOnLoad (153ms)
			ProcessInitializeOnLoadAttributes (529ms)
			ProcessInitializeOnLoadMethodAttributes (91ms)
			AfterProcessingInitializeOnLoad (3ms)
			EditorAssembliesLoaded (0ms)
		ExecutionOrderSort2 (0ms)
		AwakeInstancesAfterBackupRestoration (15ms)
Shader Hidden/ProbeVolume/VoxelizeScene is not supported: GPU does not support conservative rasterization
Refreshing native plugins compatible for Editor in 3.19 ms, found 4 plugins.
Preloading 0 native plugins for Editor in 0.00 ms.
Unloading 31 Unused Serialized files (Serialized files now loaded: 0)
Unloading 7172 unused Assets / (6.5 MB). Loaded Objects now: 7894.
Memory consumption went from 169.2 MB to 162.7 MB.
Total: 14.502300 ms (FindLiveObjects: 1.231100 ms CreateObjectMapping: 0.972700 ms MarkObjects: 6.998100 ms  DeleteObjects: 5.299000 ms)

Prepare: number of updated asset objects reloaded= 0
========================================================================
Received Import Request.
  Time since last request: 11212.481679 seconds.
  path: Assets/Resources/Items_Level/roguelikeSheet_transparent_37.asset
  artifactKey: Guid(a8627736aca01814581b0d90993ce4e7) Importer(815301076,1909f56bfc062723c751e8b465ee728b)
Start importing Assets/Resources/Items_Level/roguelikeSheet_transparent_37.asset using Guid(a8627736aca01814581b0d90993ce4e7) Importer(815301076,1909f56bfc062723c751e8b465ee728b) (PreviewImporter) -> (artifact id: '1bdd68e495e8028bfc79fb7cf69a4935') in 0.1579599 seconds
Number of updated asset objects reloaded before import = 0Number of asset objects unloaded after import = 3

========================================================================
Received Import Request.
  Time since last request: 0.000026 seconds.
  path: Assets/Resources/Items_Level/roguelikeSheet_transparent_65.asset
  artifactKey: Guid(4aaf6164cb141194cb916418d05564ec) Importer(815301076,1909f56bfc062723c751e8b465ee728b)
Start importing Assets/Resources/Items_Level/roguelikeSheet_transparent_65.asset using Guid(4aaf6164cb141194cb916418d05564ec) Importer(815301076,1909f56bfc062723c751e8b465ee728b) (PreviewImporter) -> (artifact id: '69fbac38645083fc9f161d0a574c8379') in 0.0189777 seconds
Number of updated asset objects reloaded before import = 0Number of asset objects unloaded after import = 3

========================================================================
Received Import Request.
  Time since last request: 0.000038 seconds.
  path: Assets/Resources/Items_Level/roguelikeSheet_transparent_45.asset
  artifactKey: Guid(8a3bf43eb70c9db4eae01ab5c6a68bed) Importer(815301076,1909f56bfc062723c751e8b465ee728b)
Start importing Assets/Resources/Items_Level/roguelikeSheet_transparent_45.asset using Guid(8a3bf43eb70c9db4eae01ab5c6a68bed) Importer(815301076,1909f56bfc062723c751e8b465ee728b) (PreviewImporter) -> (artifact id: 'bd0a4fb12eb3271514208fae0aaae488') in 0.0162826 seconds
Number of updated asset objects reloaded before import = 0Number of asset objects unloaded after import = 3

========================================================================
Received Import Request.
  Time since last request: 0.000027 seconds.
  path: Assets/Resources/Items_Level/roguelikeSheet_transparent_76.asset
  artifactKey: Guid(a580dac0ff7882f43a16eb1b3cdc53f2) Importer(815301076,1909f56bfc062723c751e8b465ee728b)
Start importing Assets/Resources/Items_Level/roguelikeSheet_transparent_76.asset using Guid(a580dac0ff7882f43a16eb1b3cdc53f2) Importer(815301076,1909f56bfc062723c751e8b465ee728b) (PreviewImporter) -> (artifact id: '81116c62d1eb57d5f61c00636c1d4973') in 0.0252864 seconds
Number of updated asset objects reloaded before import = 0Number of asset objects unloaded after import = 3

========================================================================
Received Import Request.
  Time since last request: 0.000022 seconds.
  path: Assets/Resources/Items_Level/roguelikeSheet_transparent_82.asset
  artifactKey: Guid(4c990d76f02629247b84e84f9f5748ca) Importer(815301076,1909f56bfc062723c751e8b465ee728b)
Start importing Assets/Resources/Items_Level/roguelikeSheet_transparent_82.asset using Guid(4c990d76f02629247b84e84f9f5748ca) Importer(815301076,1909f56bfc062723c751e8b465ee728b) (PreviewImporter) -> (artifact id: '740dac5b82364fc28fca3e5ea7208b53') in 0.0164359 seconds
Number of updated asset objects reloaded before import = 0Number of asset objects unloaded after import = 3

========================================================================
Received Import Request.
  Time since last request: 0.000028 seconds.
  path: Assets/Resources/Items_Level/roguelikeSheet_transparent_49.asset
  artifactKey: Guid(34c508dc36484814fa931d8909733500) Importer(815301076,1909f56bfc062723c751e8b465ee728b)
Start importing Assets/Resources/Items_Level/roguelikeSheet_transparent_49.asset using Guid(34c508dc36484814fa931d8909733500) Importer(815301076,1909f56bfc062723c751e8b465ee728b) (PreviewImporter) -> (artifact id: '9805e4c272396038eeebf6bae9d45e8e') in 0.0170899 seconds
Number of updated asset objects reloaded before import = 0Number of asset objects unloaded after import = 3

========================================================================
Received Import Request.
  Time since last request: 0.000032 seconds.
  path: Assets/Resources/Items_Level/roguelikeSheet_transparent_55.asset
  artifactKey: Guid(a0a293f515e5cd845b6ff16017de7553) Importer(815301076,1909f56bfc062723c751e8b465ee728b)
Start importing Assets/Resources/Items_Level/roguelikeSheet_transparent_55.asset using Guid(a0a293f515e5cd845b6ff16017de7553) Importer(815301076,1909f56bfc062723c751e8b465ee728b) (PreviewImporter) -> (artifact id: '838c206dcf34c79963536203f372c823') in 0.0170184 seconds
Number of updated asset objects reloaded before import = 0Number of asset objects unloaded after import = 3

========================================================================
Received Import Request.
  Time since last request: 0.000022 seconds.
  path: Assets/Resources/Items_Level/roguelikeSheet_transparent_62.asset
  artifactKey: Guid(29813132c1db30842a300847b59eedad) Importer(815301076,1909f56bfc062723c751e8b465ee728b)
Start importing Assets/Resources/Items_Level/roguelikeSheet_transparent_62.asset using Guid(29813132c1db30842a300847b59eedad) Importer(815301076,1909f56bfc062723c751e8b465ee728b) (PreviewImporter) -> (artifact id: '97195e313dc385c1f61d2a9cc6864339') in 0.0177043 seconds
Number of updated asset objects reloaded before import = 0Number of asset objects unloaded after import = 3

========================================================================
Received Import Request.
  Time since last request: 0.000019 seconds.
  path: Assets/Resources/Items_Level/roguelikeSheet_transparent_40.asset
  artifactKey: Guid(c820c251d647e7a4792c1d92c60bd34a) Importer(815301076,1909f56bfc062723c751e8b465ee728b)
Start importing Assets/Resources/Items_Level/roguelikeSheet_transparent_40.asset using Guid(c820c251d647e7a4792c1d92c60bd34a) Importer(815301076,1909f56bfc062723c751e8b465ee728b) (PreviewImporter) -> (artifact id: 'de7882ae4b58f633c1106c8f06291792') in 0.0178284 seconds
Number of updated asset objects reloaded before import = 0Number of asset objects unloaded after import = 3

========================================================================
Received Import Request.
  Time since last request: 0.000020 seconds.
  path: Assets/Resources/Items_Level/roguelikeSheet_transparent_50.asset
  artifactKey: Guid(4e91f09ae5d8af4489098220521b624a) Importer(815301076,1909f56bfc062723c751e8b465ee728b)
Start importing Assets/Resources/Items_Level/roguelikeSheet_transparent_50.asset using Guid(4e91f09ae5d8af4489098220521b624a) Importer(815301076,1909f56bfc062723c751e8b465ee728b) (PreviewImporter) -> (artifact id: 'f1c5f2d894879f0365339f690ef82233') in 0.0166113 seconds
Number of updated asset objects reloaded before import = 0Number of asset objects unloaded after import = 3

========================================================================
Received Import Request.
  Time since last request: 0.000023 seconds.
  path: Assets/Resources/Items_Level/roguelikeSheet_transparent_56.asset
  artifactKey: Guid(d3daf753a1fafe547a1226f66967b756) Importer(815301076,1909f56bfc062723c751e8b465ee728b)
Start importing Assets/Resources/Items_Level/roguelikeSheet_transparent_56.asset using Guid(d3daf753a1fafe547a1226f66967b756) Importer(815301076,1909f56bfc062723c751e8b465ee728b) (PreviewImporter) -> (artifact id: 'ef38f67e695b8974fcb80e94f62ca66c') in 0.0166397 seconds
Number of updated asset objects reloaded before import = 0Number of asset objects unloaded after import = 3

========================================================================
Received Import Request.
  Time since last request: 0.000030 seconds.
  path: Assets/Resources/Items_Level/roguelikeSheet_transparent_53.asset
  artifactKey: Guid(c02619e41120b334c9f03a534331be1c) Importer(815301076,1909f56bfc062723c751e8b465ee728b)
Start importing Assets/Resources/Items_Level/roguelikeSheet_transparent_53.asset using Guid(c02619e41120b334c9f03a534331be1c) Importer(815301076,1909f56bfc062723c751e8b465ee728b) (PreviewImporter) -> (artifact id: '3b078c41decbaab01476ca06c50e9fa0') in 0.018458 seconds
Number of updated asset objects reloaded before import = 0Number of asset objects unloaded after import = 3

========================================================================
Received Import Request.
  Time since last request: 0.000020 seconds.
  path: Assets/Resources/Items_Level/roguelikeSheet_transparent_52.asset
  artifactKey: Guid(cdc79d56c6c0a1f4da1e5989936e4731) Importer(815301076,1909f56bfc062723c751e8b465ee728b)
Start importing Assets/Resources/Items_Level/roguelikeSheet_transparent_52.asset using Guid(cdc79d56c6c0a1f4da1e5989936e4731) Importer(815301076,1909f56bfc062723c751e8b465ee728b) (PreviewImporter) -> (artifact id: '931528a8153ba5494ce62cde28fdd5da') in 0.0192396 seconds
Number of updated asset objects reloaded before import = 0Number of asset objects unloaded after import = 3

========================================================================
Received Import Request.
  Time since last request: 0.000018 seconds.
  path: Assets/Resources/Items_Level/roguelikeSheet_transparent_73.asset
  artifactKey: Guid(611014ce925073a4aa4a3af805607940) Importer(815301076,1909f56bfc062723c751e8b465ee728b)
Start importing Assets/Resources/Items_Level/roguelikeSheet_transparent_73.asset using Guid(611014ce925073a4aa4a3af805607940) Importer(815301076,1909f56bfc062723c751e8b465ee728b) (PreviewImporter) -> (artifact id: '51a57d05e19df4d04001d80d79862546') in 0.0168803 seconds
Number of updated asset objects reloaded before import = 0Number of asset objects unloaded after import = 3

========================================================================
Received Import Request.
  Time since last request: 0.000021 seconds.
  path: Assets/Resources/Items_Level/roguelikeSheet_transparent_42.asset
  artifactKey: Guid(21bc6b21a3e45704c88605a6938c45fd) Importer(815301076,1909f56bfc062723c751e8b465ee728b)
Start importing Assets/Resources/Items_Level/roguelikeSheet_transparent_42.asset using Guid(21bc6b21a3e45704c88605a6938c45fd) Importer(815301076,1909f56bfc062723c751e8b465ee728b) (PreviewImporter) -> (artifact id: '491eb9604c300b7944bbd9d8196c357a') in 0.0156414 seconds
Number of updated asset objects reloaded before import = 0Number of asset objects unloaded after import = 3

========================================================================
Received Import Request.
  Time since last request: 0.000021 seconds.
  path: Assets/Resources/Items_Level/roguelikeSheet_transparent_72.asset
  artifactKey: Guid(b55fe1eafe9ed724fbaffb8cc4bdc6f1) Importer(815301076,1909f56bfc062723c751e8b465ee728b)
Start importing Assets/Resources/Items_Level/roguelikeSheet_transparent_72.asset using Guid(b55fe1eafe9ed724fbaffb8cc4bdc6f1) Importer(815301076,1909f56bfc062723c751e8b465ee728b) (PreviewImporter) -> (artifact id: '2b0e5627a5d0c7d78e8974d41d41b521') in 0.0184085 seconds
Number of updated asset objects reloaded before import = 0Number of asset objects unloaded after import = 3

========================================================================
Received Import Request.
  Time since last request: 0.000029 seconds.
  path: Assets/Resources/Items_Level/roguelikeSheet_transparent_44.asset
  artifactKey: Guid(f53ee904ba1ddde4d9a848c45c860724) Importer(815301076,1909f56bfc062723c751e8b465ee728b)
Start importing Assets/Resources/Items_Level/roguelikeSheet_transparent_44.asset using Guid(f53ee904ba1ddde4d9a848c45c860724) Importer(815301076,1909f56bfc062723c751e8b465ee728b) (PreviewImporter) -> (artifact id: '7ca335e1d784692bd1fce8f2f18ab1fb') in 0.0145597 seconds
Number of updated asset objects reloaded before import = 0Number of asset objects unloaded after import = 3

========================================================================
Received Import Request.
  Time since last request: 0.000022 seconds.
  path: Assets/Resources/Items_Level/roguelikeSheet_transparent_61.asset
  artifactKey: Guid(b8e63bbff2d533a488b04819a2fb0cbb) Importer(815301076,1909f56bfc062723c751e8b465ee728b)
Start importing Assets/Resources/Items_Level/roguelikeSheet_transparent_61.asset using Guid(b8e63bbff2d533a488b04819a2fb0cbb) Importer(815301076,1909f56bfc062723c751e8b465ee728b) (PreviewImporter) -> (artifact id: '202e8b3de75f409ea86970221aa79785') in 0.018996 seconds
Number of updated asset objects reloaded before import = 0Number of asset objects unloaded after import = 3

========================================================================
Received Import Request.
  Time since last request: 0.000020 seconds.
  path: Assets/Resources/Items_Level/roguelikeSheet_transparent_75.asset
  artifactKey: Guid(9df8f264a26adc34684a2350998ed723) Importer(815301076,1909f56bfc062723c751e8b465ee728b)
Start importing Assets/Resources/Items_Level/roguelikeSheet_transparent_75.asset using Guid(9df8f264a26adc34684a2350998ed723) Importer(815301076,1909f56bfc062723c751e8b465ee728b) (PreviewImporter) -> (artifact id: 'fec4cf72266ef913852ede8ecbc29e73') in 0.0155451 seconds
Number of updated asset objects reloaded before import = 0Number of asset objects unloaded after import = 3

========================================================================
Received Import Request.
  Time since last request: 0.000020 seconds.
  path: Assets/Resources/Items_Level/roguelikeSheet_transparent_71.asset
  artifactKey: Guid(fc36f8e2a75ff2a4d87872c85c5938a7) Importer(815301076,1909f56bfc062723c751e8b465ee728b)
Start importing Assets/Resources/Items_Level/roguelikeSheet_transparent_71.asset using Guid(fc36f8e2a75ff2a4d87872c85c5938a7) Importer(815301076,1909f56bfc062723c751e8b465ee728b) (PreviewImporter) -> (artifact id: '707743159e9debb2b897cb9f9687133b') in 0.0076903 seconds
Number of updated asset objects reloaded before import = 0Number of asset objects unloaded after import = 3

========================================================================
Received Import Request.
  Time since last request: 0.000027 seconds.
  path: Assets/Resources/Items_Level/roguelikeSheet_transparent_60.asset
  artifactKey: Guid(6fde01a8b79ee8c42b5945d9add031e2) Importer(815301076,1909f56bfc062723c751e8b465ee728b)
Start importing Assets/Resources/Items_Level/roguelikeSheet_transparent_60.asset using Guid(6fde01a8b79ee8c42b5945d9add031e2) Importer(815301076,1909f56bfc062723c751e8b465ee728b) (PreviewImporter) -> (artifact id: 'c7807da781c377898485ddfd8c832abc') in 0.0158253 seconds
Number of updated asset objects reloaded before import = 0Number of asset objects unloaded after import = 3

========================================================================
Received Import Request.
  Time since last request: 0.000038 seconds.
  path: Assets/Resources/Items_Level/roguelikeSheet_transparent_80.asset
  artifactKey: Guid(eba3ed2c7681fd24b9f6af084b2d4f4d) Importer(815301076,1909f56bfc062723c751e8b465ee728b)
Start importing Assets/Resources/Items_Level/roguelikeSheet_transparent_80.asset using Guid(eba3ed2c7681fd24b9f6af084b2d4f4d) Importer(815301076,1909f56bfc062723c751e8b465ee728b) (PreviewImporter) -> (artifact id: '5a018e422d51a08e37e873c67b7b4177') in 0.0088412 seconds
Number of updated asset objects reloaded before import = 0Number of asset objects unloaded after import = 3

========================================================================
Received Import Request.
  Time since last request: 0.000026 seconds.
  path: Assets/Resources/Items_Level/roguelikeSheet_transparent_68.asset
  artifactKey: Guid(3cea42c0d632c0b4ebc7151a7429c766) Importer(815301076,1909f56bfc062723c751e8b465ee728b)
Start importing Assets/Resources/Items_Level/roguelikeSheet_transparent_68.asset using Guid(3cea42c0d632c0b4ebc7151a7429c766) Importer(815301076,1909f56bfc062723c751e8b465ee728b) (PreviewImporter) -> (artifact id: '52304a628687ef78781bda8d86549f3c') in 0.0149867 seconds
Number of updated asset objects reloaded before import = 0Number of asset objects unloaded after import = 3

========================================================================
Received Import Request.
  Time since last request: 0.000021 seconds.
  path: Assets/Resources/Items_Level/roguelikeSheet_transparent_70.asset
  artifactKey: Guid(6d5af69c2b531c642b35b55f7597b633) Importer(815301076,1909f56bfc062723c751e8b465ee728b)
Start importing Assets/Resources/Items_Level/roguelikeSheet_transparent_70.asset using Guid(6d5af69c2b531c642b35b55f7597b633) Importer(815301076,1909f56bfc062723c751e8b465ee728b) (PreviewImporter) -> (artifact id: 'f612031450c4b1474839b84b60711fba') in 0.019411 seconds
Number of updated asset objects reloaded before import = 0Number of asset objects unloaded after import = 3

========================================================================
Received Import Request.
  Time since last request: 492.220004 seconds.
  path: Assets/Resources/Items_Level/roguelikeSheet_transparent.png
  artifactKey: Guid(b07764436fd2a1e49a5ad0886564640d) Importer(815301076,1909f56bfc062723c751e8b465ee728b)
Start importing Assets/Resources/Items_Level/roguelikeSheet_transparent.png using Guid(b07764436fd2a1e49a5ad0886564640d) Importer(815301076,1909f56bfc062723c751e8b465ee728b) (PreviewImporter) -> (artifact id: '358f081264c1af78ecdf5efec4c191b1') in 3.9876562 seconds
Number of updated asset objects reloaded before import = 0Number of asset objects unloaded after import = 1687

========================================================================
Received Import Request.
  Time since last request: 0.227506 seconds.
  path: Assets/Resources/Items_Level/roguelikeSheet_transparent_0.asset
  artifactKey: Guid(e2bf854dab20d5e41bd8e4ca3a5cc31b) Importer(815301076,1909f56bfc062723c751e8b465ee728b)
Start importing Assets/Resources/Items_Level/roguelikeSheet_transparent_0.asset using Guid(e2bf854dab20d5e41bd8e4ca3a5cc31b) Importer(815301076,1909f56bfc062723c751e8b465ee728b) (PreviewImporter) -> (artifact id: '268bd5c34c58fc6bcaf492dccecce122') in 0.0086719 seconds
Number of updated asset objects reloaded before import = 0Number of asset objects unloaded after import = 3

========================================================================
Received Import Request.
  Time since last request: 0.000020 seconds.
  path: Assets/Resources/Items_Level/roguelikeSheet_transparent_5.asset
  artifactKey: Guid(31145238cf0f66847a0fe17ef9d6d471) Importer(815301076,1909f56bfc062723c751e8b465ee728b)
Start importing Assets/Resources/Items_Level/roguelikeSheet_transparent_5.asset using Guid(31145238cf0f66847a0fe17ef9d6d471) Importer(815301076,1909f56bfc062723c751e8b465ee728b) (PreviewImporter) -> (artifact id: '7d6698769c2589cce8656b6b9dfde8c0') in 0.0089397 seconds
Number of updated asset objects reloaded before import = 0Number of asset objects unloaded after import = 3

========================================================================
Received Import Request.
  Time since last request: 0.000025 seconds.
  path: Assets/Resources/Items_Level/roguelikeSheet_transparent_35.asset
  artifactKey: Guid(5f8243ad21154c241a377f0f28fde002) Importer(815301076,1909f56bfc062723c751e8b465ee728b)
Start importing Assets/Resources/Items_Level/roguelikeSheet_transparent_35.asset using Guid(5f8243ad21154c241a377f0f28fde002) Importer(815301076,1909f56bfc062723c751e8b465ee728b) (PreviewImporter) -> (artifact id: 'd0c6fdc76a42a93e986b121aaf989069') in 0.0128013 seconds
Number of updated asset objects reloaded before import = 0Number of asset objects unloaded after import = 3

========================================================================
Received Import Request.
  Time since last request: 0.000020 seconds.
  path: Assets/Resources/Items_Level/roguelikeSheet_transparent_9.asset
  artifactKey: Guid(ad442ade99846dc41b3462813a618ba4) Importer(815301076,1909f56bfc062723c751e8b465ee728b)
Start importing Assets/Resources/Items_Level/roguelikeSheet_transparent_9.asset using Guid(ad442ade99846dc41b3462813a618ba4) Importer(815301076,1909f56bfc062723c751e8b465ee728b) (PreviewImporter) -> (artifact id: 'ef775a7b5612d5015493405639e847b6') in 0.0157291 seconds
Number of updated asset objects reloaded before import = 0Number of asset objects unloaded after import = 3

========================================================================
Received Import Request.
  Time since last request: 0.000019 seconds.
  path: Assets/Resources/Items_Level/roguelikeSheet_transparent_18.asset
  artifactKey: Guid(79e8ac9e3166c57429b3736332754715) Importer(815301076,1909f56bfc062723c751e8b465ee728b)
Start importing Assets/Resources/Items_Level/roguelikeSheet_transparent_18.asset using Guid(79e8ac9e3166c57429b3736332754715) Importer(815301076,1909f56bfc062723c751e8b465ee728b) (PreviewImporter) -> (artifact id: '057e5520fa5c6b55a8be40d1898cc722') in 0.0101728 seconds
Number of updated asset objects reloaded before import = 0Number of asset objects unloaded after import = 3

========================================================================
Received Import Request.
  Time since last request: 0.000037 seconds.
  path: Assets/Resources/Items_Level/roguelikeSheet_transparent_16.asset
  artifactKey: Guid(95c1e39346db4b34c9ecaf579d43625b) Importer(815301076,1909f56bfc062723c751e8b465ee728b)
Start importing Assets/Resources/Items_Level/roguelikeSheet_transparent_16.asset using Guid(95c1e39346db4b34c9ecaf579d43625b) Importer(815301076,1909f56bfc062723c751e8b465ee728b) (PreviewImporter) -> (artifact id: 'dd0a2fa463c102bcce094963e67916cc') in 0.0089647 seconds
Number of updated asset objects reloaded before import = 0Number of asset objects unloaded after import = 3

========================================================================
Received Import Request.
  Time since last request: 0.000022 seconds.
  path: Assets/Resources/Items_Level/roguelikeSheet_transparent_27.asset
  artifactKey: Guid(79af7f6117e19bc4dae5ac5707088359) Importer(815301076,1909f56bfc062723c751e8b465ee728b)
Start importing Assets/Resources/Items_Level/roguelikeSheet_transparent_27.asset using Guid(79af7f6117e19bc4dae5ac5707088359) Importer(815301076,1909f56bfc062723c751e8b465ee728b) (PreviewImporter) -> (artifact id: '80835f3fe12c8d9e53dcb25e4d72cfa6') in 0.0084424 seconds
Number of updated asset objects reloaded before import = 0Number of asset objects unloaded after import = 3

========================================================================
Received Import Request.
  Time since last request: 0.000020 seconds.
  path: Assets/Resources/Items_Level/roguelikeSheet_transparent_33.asset
  artifactKey: Guid(87bca8032ed7919489b676701106a84f) Importer(815301076,1909f56bfc062723c751e8b465ee728b)
Start importing Assets/Resources/Items_Level/roguelikeSheet_transparent_33.asset using Guid(87bca8032ed7919489b676701106a84f) Importer(815301076,1909f56bfc062723c751e8b465ee728b) (PreviewImporter) -> (artifact id: 'c4eacbd7388787373f128691eee9dbe6') in 0.007886 seconds
Number of updated asset objects reloaded before import = 0Number of asset objects unloaded after import = 3

========================================================================
Received Import Request.
  Time since last request: 0.000020 seconds.
  path: Assets/Resources/Items_Level/roguelikeSheet_transparent_11.asset
  artifactKey: Guid(9f59847e125e8984ca92c0d69f87cc57) Importer(815301076,1909f56bfc062723c751e8b465ee728b)
Start importing Assets/Resources/Items_Level/roguelikeSheet_transparent_11.asset using Guid(9f59847e125e8984ca92c0d69f87cc57) Importer(815301076,1909f56bfc062723c751e8b465ee728b) (PreviewImporter) -> (artifact id: '3507846f1fbf131370297096ecdf5348') in 0.0102965 seconds
Number of updated asset objects reloaded before import = 0Number of asset objects unloaded after import = 3

========================================================================
Received Import Request.
  Time since last request: 0.000021 seconds.
  path: Assets/Resources/Items_Level/roguelikeSheet_transparent_29.asset
  artifactKey: Guid(ca809d42f7905414584c97ee0d8b8a1b) Importer(815301076,1909f56bfc062723c751e8b465ee728b)
Start importing Assets/Resources/Items_Level/roguelikeSheet_transparent_29.asset using Guid(ca809d42f7905414584c97ee0d8b8a1b) Importer(815301076,1909f56bfc062723c751e8b465ee728b) (PreviewImporter) -> (artifact id: '58a03d4d143185c9e543e446e498e180') in 0.0094169 seconds
Number of updated asset objects reloaded before import = 0Number of asset objects unloaded after import = 3

========================================================================
Received Import Request.
  Time since last request: 0.000034 seconds.
  path: Assets/Resources/Items_Level/roguelikeSheet_transparent_6.asset
  artifactKey: Guid(af3dd09ff5fd27e4a8b8223ef17a7280) Importer(815301076,1909f56bfc062723c751e8b465ee728b)
Start importing Assets/Resources/Items_Level/roguelikeSheet_transparent_6.asset using Guid(af3dd09ff5fd27e4a8b8223ef17a7280) Importer(815301076,1909f56bfc062723c751e8b465ee728b) (PreviewImporter) -> (artifact id: '2a395ce18bb4e06da1164448b9538e53') in 0.0080226 seconds
Number of updated asset objects reloaded before import = 0Number of asset objects unloaded after import = 3

========================================================================
Received Import Request.
  Time since last request: 0.000019 seconds.
  path: Assets/Resources/Items_Level/roguelikeSheet_transparent_20.asset
  artifactKey: Guid(ce76480d5ab1a8e47bd907b64ddb8662) Importer(815301076,1909f56bfc062723c751e8b465ee728b)
Start importing Assets/Resources/Items_Level/roguelikeSheet_transparent_20.asset using Guid(ce76480d5ab1a8e47bd907b64ddb8662) Importer(815301076,1909f56bfc062723c751e8b465ee728b) (PreviewImporter) -> (artifact id: '9839c4482f23b567f1719b396077fcba') in 0.0085614 seconds
Number of updated asset objects reloaded before import = 0Number of asset objects unloaded after import = 3

========================================================================
Received Import Request.
  Time since last request: 0.000021 seconds.
  path: Assets/Resources/Items_Level/roguelikeSheet_transparent_8.asset
  artifactKey: Guid(7c8b4a65813edfd46841c33aefb7bad0) Importer(815301076,1909f56bfc062723c751e8b465ee728b)
Start importing Assets/Resources/Items_Level/roguelikeSheet_transparent_8.asset using Guid(7c8b4a65813edfd46841c33aefb7bad0) Importer(815301076,1909f56bfc062723c751e8b465ee728b) (PreviewImporter) -> (artifact id: 'fdd86285490be9d190603eb714726ec0') in 0.018199 seconds
Number of updated asset objects reloaded before import = 0Number of asset objects unloaded after import = 3

========================================================================
Received Import Request.
  Time since last request: 0.000020 seconds.
  path: Assets/Resources/Items_Level/roguelikeSheet_transparent_3.asset
  artifactKey: Guid(6939df69f21065d42a2a6d78253093d9) Importer(815301076,1909f56bfc062723c751e8b465ee728b)
Start importing Assets/Resources/Items_Level/roguelikeSheet_transparent_3.asset using Guid(6939df69f21065d42a2a6d78253093d9) Importer(815301076,1909f56bfc062723c751e8b465ee728b) (PreviewImporter) -> (artifact id: 'b140619b6d7d64f16809337b929d25f4') in 0.0080464 seconds
Number of updated asset objects reloaded before import = 0Number of asset objects unloaded after import = 3

========================================================================
Received Import Request.
  Time since last request: 0.000021 seconds.
  path: Assets/Resources/Items_Level/roguelikeSheet_transparent_2.asset
  artifactKey: Guid(9c432559bbfe208499afe850faf25479) Importer(815301076,1909f56bfc062723c751e8b465ee728b)
Start importing Assets/Resources/Items_Level/roguelikeSheet_transparent_2.asset using Guid(9c432559bbfe208499afe850faf25479) Importer(815301076,1909f56bfc062723c751e8b465ee728b) (PreviewImporter) -> (artifact id: '23801c1db5849df1c936cd931019a264') in 0.008327 seconds
Number of updated asset objects reloaded before import = 0Number of asset objects unloaded after import = 3

========================================================================
Received Import Request.
  Time since last request: 0.000030 seconds.
  path: Assets/Resources/Items_Level/roguelikeSheet_transparent_34.asset
  artifactKey: Guid(52fc139019e893b4f880a1cedb1e3619) Importer(815301076,1909f56bfc062723c751e8b465ee728b)
Start importing Assets/Resources/Items_Level/roguelikeSheet_transparent_34.asset using Guid(52fc139019e893b4f880a1cedb1e3619) Importer(815301076,1909f56bfc062723c751e8b465ee728b) (PreviewImporter) -> (artifact id: '9e3ef9d6bfd80b1ea6c005337427c4bb') in 0.0180009 seconds
Number of updated asset objects reloaded before import = 0Number of asset objects unloaded after import = 3

========================================================================
Received Import Request.
  Time since last request: 0.000021 seconds.
  path: Assets/Resources/Items_Level/roguelikeSheet_transparent_12.asset
  artifactKey: Guid(fd16bda73cbba48498dd2ca900862fdf) Importer(815301076,1909f56bfc062723c751e8b465ee728b)
Start importing Assets/Resources/Items_Level/roguelikeSheet_transparent_12.asset using Guid(fd16bda73cbba48498dd2ca900862fdf) Importer(815301076,1909f56bfc062723c751e8b465ee728b) (PreviewImporter) -> (artifact id: 'a5a94b2841f2f3f8bc108a191a1a0e37') in 0.009647 seconds
Number of updated asset objects reloaded before import = 0Number of asset objects unloaded after import = 3

========================================================================
Received Import Request.
  Time since last request: 0.000020 seconds.
  path: Assets/Resources/Items_Level/roguelikeSheet_transparent_17.asset
  artifactKey: Guid(d846ede6f7282894086cbd3a1252ccae) Importer(815301076,1909f56bfc062723c751e8b465ee728b)
Start importing Assets/Resources/Items_Level/roguelikeSheet_transparent_17.asset using Guid(d846ede6f7282894086cbd3a1252ccae) Importer(815301076,1909f56bfc062723c751e8b465ee728b) (PreviewImporter) -> (artifact id: '050e69064558b13f6dc59200714d812f') in 0.0085912 seconds
Number of updated asset objects reloaded before import = 0Number of asset objects unloaded after import = 3

========================================================================
Received Import Request.
  Time since last request: 0.000025 seconds.
  path: Assets/Resources/Items_Level/roguelikeSheet_transparent_19.asset
  artifactKey: Guid(b8a538ae039591447b1f9fc310c08725) Importer(815301076,1909f56bfc062723c751e8b465ee728b)
Start importing Assets/Resources/Items_Level/roguelikeSheet_transparent_19.asset using Guid(b8a538ae039591447b1f9fc310c08725) Importer(815301076,1909f56bfc062723c751e8b465ee728b) (PreviewImporter) -> (artifact id: '47de88eda628deb1123891adf609217d') in 0.0091999 seconds
Number of updated asset objects reloaded before import = 0Number of asset objects unloaded after import = 3

Editor requested this worker to shutdown with reason: Scaling down because of idle timeout
AssetImportWorker is now disconnected from the server
Process exiting
Exiting without the bug reporter. Application will terminate with return code 0